[2025-08-31 06:03:13Z INFO HostContext] No proxy settings were found based on environmental variables (http_proxy/https_proxy/HTTP_PROXY/HTTPS_PROXY)
[2025-08-31 06:03:13Z INFO HostContext] Well known directory 'Bin': '/home/ec2-user/environment/aws_automation/actions-runner/bin'
[2025-08-31 06:03:13Z INFO HostContext] Well known directory 'Root': '/home/ec2-user/environment/aws_automation/actions-runner'
[2025-08-31 06:03:13Z INFO HostContext] Well known config file 'Credentials': '/home/ec2-user/environment/aws_automation/actions-runner/.credentials'
[2025-08-31 06:03:14Z INFO HostContext] Well known directory 'Bin': '/home/ec2-user/environment/aws_automation/actions-runner/bin'
[2025-08-31 06:03:14Z INFO HostContext] Well known directory 'Root': '/home/ec2-user/environment/aws_automation/actions-runner'
[2025-08-31 06:03:14Z INFO HostContext] Well known config file 'Runner': '/home/ec2-user/environment/aws_automation/actions-runner/.runner'
[2025-08-31 06:03:14Z INFO Listener] Runner is built for Linux (X64) - linux-x64.
[2025-08-31 06:03:14Z INFO Listener] RuntimeInformation: Amazon Linux 2023.8.20250818.
[2025-08-31 06:03:14Z INFO Listener] Version: 2.328.0
[2025-08-31 06:03:14Z INFO Listener] Commit: 6f9a9110adce65f44ca6f7c0ae142b9cc6af937b
[2025-08-31 06:03:14Z INFO Listener] Culture: 
[2025-08-31 06:03:14Z INFO Listener] UI Culture: 
[2025-08-31 06:03:14Z INFO HostContext] Well known directory 'Bin': '/home/ec2-user/environment/aws_automation/actions-runner/bin'
[2025-08-31 06:03:14Z INFO HostContext] Well known directory 'Root': '/home/ec2-user/environment/aws_automation/actions-runner'
[2025-08-31 06:03:14Z INFO Listener] Validating directory permissions for: '/home/ec2-user/environment/aws_automation/actions-runner'
[2025-08-31 06:03:14Z INFO CommandLineParser] Parse
[2025-08-31 06:03:14Z INFO CommandLineParser] Parsing 1 args
[2025-08-31 06:03:14Z INFO CommandLineParser] parsing argument
[2025-08-31 06:03:14Z INFO CommandLineParser] HasArgs: False
[2025-08-31 06:03:14Z INFO CommandLineParser] Adding Command: run
[2025-08-31 06:03:14Z INFO Listener] Arguments parsed
[2025-08-31 06:03:14Z INFO Runner] ExecuteCommand
[2025-08-31 06:03:14Z INFO ConfigurationStore] currentAssemblyLocation: /home/ec2-user/environment/aws_automation/actions-runner/bin/Runner.Listener.dll
[2025-08-31 06:03:14Z INFO HostContext] Well known directory 'Bin': '/home/ec2-user/environment/aws_automation/actions-runner/bin'
[2025-08-31 06:03:14Z INFO ConfigurationStore] binPath: /home/ec2-user/environment/aws_automation/actions-runner/bin
[2025-08-31 06:03:14Z INFO HostContext] Well known directory 'Bin': '/home/ec2-user/environment/aws_automation/actions-runner/bin'
[2025-08-31 06:03:14Z INFO HostContext] Well known directory 'Root': '/home/ec2-user/environment/aws_automation/actions-runner'
[2025-08-31 06:03:14Z INFO ConfigurationStore] RootFolder: /home/ec2-user/environment/aws_automation/actions-runner
[2025-08-31 06:03:14Z INFO HostContext] Well known directory 'Bin': '/home/ec2-user/environment/aws_automation/actions-runner/bin'
[2025-08-31 06:03:14Z INFO HostContext] Well known directory 'Root': '/home/ec2-user/environment/aws_automation/actions-runner'
[2025-08-31 06:03:14Z INFO HostContext] Well known config file 'Runner': '/home/ec2-user/environment/aws_automation/actions-runner/.runner'
[2025-08-31 06:03:14Z INFO ConfigurationStore] ConfigFilePath: /home/ec2-user/environment/aws_automation/actions-runner/.runner
[2025-08-31 06:03:14Z INFO HostContext] Well known directory 'Bin': '/home/ec2-user/environment/aws_automation/actions-runner/bin'
[2025-08-31 06:03:14Z INFO HostContext] Well known directory 'Root': '/home/ec2-user/environment/aws_automation/actions-runner'
[2025-08-31 06:03:14Z INFO HostContext] Well known config file 'MigratedRunner': '/home/ec2-user/environment/aws_automation/actions-runner/.runner_migrated'
[2025-08-31 06:03:14Z INFO ConfigurationStore] MigratedConfigFilePath: /home/ec2-user/environment/aws_automation/actions-runner/.runner_migrated
[2025-08-31 06:03:14Z INFO HostContext] Well known directory 'Bin': '/home/ec2-user/environment/aws_automation/actions-runner/bin'
[2025-08-31 06:03:14Z INFO HostContext] Well known directory 'Root': '/home/ec2-user/environment/aws_automation/actions-runner'
[2025-08-31 06:03:14Z INFO HostContext] Well known config file 'Credentials': '/home/ec2-user/environment/aws_automation/actions-runner/.credentials'
[2025-08-31 06:03:14Z INFO ConfigurationStore] CredFilePath: /home/ec2-user/environment/aws_automation/actions-runner/.credentials
[2025-08-31 06:03:14Z INFO HostContext] Well known directory 'Bin': '/home/ec2-user/environment/aws_automation/actions-runner/bin'
[2025-08-31 06:03:14Z INFO HostContext] Well known directory 'Root': '/home/ec2-user/environment/aws_automation/actions-runner'
[2025-08-31 06:03:14Z INFO HostContext] Well known config file 'MigratedCredentials': '/home/ec2-user/environment/aws_automation/actions-runner/.credentials_migrated'
[2025-08-31 06:03:14Z INFO ConfigurationStore] MigratedCredFilePath: /home/ec2-user/environment/aws_automation/actions-runner/.credentials_migrated
[2025-08-31 06:03:14Z INFO HostContext] Well known directory 'Bin': '/home/ec2-user/environment/aws_automation/actions-runner/bin'
[2025-08-31 06:03:14Z INFO HostContext] Well known directory 'Root': '/home/ec2-user/environment/aws_automation/actions-runner'
[2025-08-31 06:03:14Z INFO HostContext] Well known config file 'Service': '/home/ec2-user/environment/aws_automation/actions-runner/.service'
[2025-08-31 06:03:14Z INFO ConfigurationStore] ServiceConfigFilePath: /home/ec2-user/environment/aws_automation/actions-runner/.service
[2025-08-31 06:03:14Z INFO CommandSettings] Flag 'help': 'False'
[2025-08-31 06:03:14Z INFO CommandSettings] Flag 'version': 'False'
[2025-08-31 06:03:14Z INFO CommandSettings] Flag 'commit': 'False'
[2025-08-31 06:03:14Z INFO CommandSettings] Flag 'check': 'False'
[2025-08-31 06:03:14Z INFO CommandSettings] Command 'configure': 'False'
[2025-08-31 06:03:14Z INFO CommandSettings] Command 'remove': 'False'
[2025-08-31 06:03:14Z INFO CommandSettings] Command 'warmup': 'False'
[2025-08-31 06:03:14Z INFO ConfigurationManager] LoadSettings
[2025-08-31 06:03:14Z INFO ConfigurationStore] IsConfigured()
[2025-08-31 06:03:14Z INFO ConfigurationStore] IsConfigured: True
[2025-08-31 06:03:14Z INFO ConfigurationManager] Is configured: True
[2025-08-31 06:03:14Z INFO ConfigurationStore] Read setting file: 392 chars
[2025-08-31 06:03:14Z INFO ConfigurationManager] Settings Loaded
[2025-08-31 06:03:14Z INFO ConfigurationStore] IsServiceConfigured()
[2025-08-31 06:03:14Z INFO ConfigurationStore] IsServiceConfigured: False
[2025-08-31 06:03:14Z INFO CommandSettings] Command 'run': 'True'
[2025-08-31 06:03:14Z INFO ConfigurationStore] IsConfigured()
[2025-08-31 06:03:14Z INFO ConfigurationStore] IsConfigured: True
[2025-08-31 06:03:14Z INFO ConfigurationManager] Is configured: True
[2025-08-31 06:03:14Z INFO Runner] Could not parse the argument value '' for StartupType. Defaulting to Manual
[2025-08-31 06:03:14Z INFO Runner] Set runner startup type - Manual
[2025-08-31 06:03:14Z INFO CommandSettings] Flag 'once': 'False'
[2025-08-31 06:03:14Z INFO CommandSettings] Flag 'once': 'False'
[2025-08-31 06:03:14Z INFO Runner] RunAsync
[2025-08-31 06:03:14Z INFO ConfigurationManager] LoadMigratedSettings
[2025-08-31 06:03:14Z INFO ConfigurationStore] IsMigratedConfigured()
[2025-08-31 06:03:14Z INFO ConfigurationStore] IsMigratedConfigured: True
[2025-08-31 06:03:14Z INFO ConfigurationStore] Read migrated setting file: 392 chars
[2025-08-31 06:03:14Z INFO ConfigurationManager] Migrated Settings Loaded
[2025-08-31 06:03:14Z INFO Runner] Loaded migrated settings from .runner_migrated file
[2025-08-31 06:03:14Z INFO Runner] {
  "AgentId": 2,
  "AgentName": "ip-172-31-22-74",
  "PoolId": 1,
  "PoolName": "Default",
  "ServerUrl": "https://pipelinesghubeus15.actions.githubusercontent.com/oKbhxqVn1LnGpIG6JbP15b5DbbyytFn2WrjBvVjt0TpcCtU7IN/",
  "GitHubUrl": "https://github.com/endrycofr/terraform_aws",
  "WorkFolder": "_work",
  "UseV2Flow": true,
  "ServerUrlV2": "https://broker.actions.githubusercontent.com/"
}
[2025-08-31 06:03:14Z INFO Runner] Attempting to create session using migrated settings
[2025-08-31 06:03:14Z INFO Runner] Using BrokerMessageListener
[2025-08-31 06:03:14Z INFO BrokerMessageListener] Using provided settings
[2025-08-31 06:03:14Z INFO BrokerMessageListener] Using migrated settings from .runner_migrated
[2025-08-31 06:03:14Z INFO BrokerMessageListener] {
  "AgentId": 2,
  "AgentName": "ip-172-31-22-74",
  "PoolId": 1,
  "PoolName": "Default",
  "ServerUrl": "https://pipelinesghubeus15.actions.githubusercontent.com/oKbhxqVn1LnGpIG6JbP15b5DbbyytFn2WrjBvVjt0TpcCtU7IN/",
  "GitHubUrl": "https://github.com/endrycofr/terraform_aws",
  "WorkFolder": "_work",
  "UseV2Flow": true,
  "ServerUrlV2": "https://broker.actions.githubusercontent.com/"
}
[2025-08-31 06:03:14Z INFO BrokerMessageListener] Loading Credentials
[2025-08-31 06:03:14Z INFO ConfigurationStore] HasCredentials()
[2025-08-31 06:03:14Z INFO ConfigurationStore] stored True
[2025-08-31 06:03:14Z INFO CredentialManager] GetCredentialProvider
[2025-08-31 06:03:14Z INFO CredentialManager] Creating type OAuth
[2025-08-31 06:03:14Z INFO CredentialManager] Creating credential type: OAuth
[2025-08-31 06:03:14Z INFO HostContext] Well known directory 'Bin': '/home/ec2-user/environment/aws_automation/actions-runner/bin'
[2025-08-31 06:03:14Z INFO HostContext] Well known directory 'Root': '/home/ec2-user/environment/aws_automation/actions-runner'
[2025-08-31 06:03:14Z INFO HostContext] Well known config file 'RSACredentials': '/home/ec2-user/environment/aws_automation/actions-runner/.credentials_rsaparams'
[2025-08-31 06:03:14Z INFO RSAFileKeyManager] Loading RSA key parameters from file /home/ec2-user/environment/aws_automation/actions-runner/.credentials_rsaparams
[2025-08-31 06:03:14Z INFO BrokerMessageListener] Attempt to create session.
[2025-08-31 06:03:14Z INFO BrokerMessageListener] Connecting to the Broker Server...
[2025-08-31 06:03:14Z INFO ConfigurationStore] HasCredentials()
[2025-08-31 06:03:14Z INFO ConfigurationStore] stored True
[2025-08-31 06:03:14Z INFO CredentialManager] GetCredentialProvider
[2025-08-31 06:03:14Z INFO CredentialManager] Creating type OAuth
[2025-08-31 06:03:14Z INFO CredentialManager] Creating credential type: OAuth
[2025-08-31 06:03:14Z INFO RSAFileKeyManager] Loading RSA key parameters from file /home/ec2-user/environment/aws_automation/actions-runner/.credentials_rsaparams
[2025-08-31 06:03:14Z INFO BrokerMessageListener] VssConnection created
[2025-08-31 06:03:14Z INFO BrokerMessageListener] Connecting to the Runner server...
[2025-08-31 06:03:14Z INFO RunnerServer] EstablishVssConnection
[2025-08-31 06:03:14Z INFO RunnerServer] Establish connection with 100 seconds timeout.
[2025-08-31 06:03:14Z INFO GitHubActionsService] Starting operation Location.GetConnectionData
[2025-08-31 06:03:14Z INFO RunnerServer] EstablishVssConnection
[2025-08-31 06:03:14Z INFO RunnerServer] Establish connection with 60 seconds timeout.
[2025-08-31 06:03:14Z INFO GitHubActionsService] Starting operation Location.GetConnectionData
[2025-08-31 06:03:14Z INFO RunnerServer] EstablishVssConnection
[2025-08-31 06:03:14Z INFO RunnerServer] Establish connection with 60 seconds timeout.
[2025-08-31 06:03:14Z INFO GitHubActionsService] Starting operation Location.GetConnectionData
[2025-08-31 06:03:14Z INFO GitHubActionsService] Finished operation Location.GetConnectionData
[2025-08-31 06:03:14Z INFO GitHubActionsService] Finished operation Location.GetConnectionData
[2025-08-31 06:03:14Z INFO GitHubActionsService] Finished operation Location.GetConnectionData
[2025-08-31 06:03:14Z INFO BrokerMessageListener] VssConnection created
[2025-08-31 06:03:14Z INFO Terminal] WRITE LINE: 
[2025-08-31 06:03:14Z INFO Terminal] WRITE LINE: 
[2025-08-31 06:03:14Z INFO RSAFileKeyManager] Loading RSA key parameters from file /home/ec2-user/environment/aws_automation/actions-runner/.credentials_rsaparams
[2025-08-31 06:03:14Z INFO RSAFileKeyManager] Loading RSA key parameters from file /home/ec2-user/environment/aws_automation/actions-runner/.credentials_rsaparams
[2025-08-31 06:03:15Z INFO GitHubActionsService] AAD Correlation ID for this token request: Unknown
[2025-08-31 06:03:15Z ERR  GitHubActionsService] POST request to https://broker.actions.githubusercontent.com/session failed. HTTP Status: Conflict
[2025-08-31 06:03:15Z ERR  BrokerMessageListener] Catch exception during create session.
[2025-08-31 06:03:15Z ERR  BrokerMessageListener] GitHub.DistributedTask.WebApi.TaskAgentSessionConflictException: Error: Conflict
   at GitHub.Actions.RunService.WebApi.BrokerHttpClient.CreateSessionAsync(TaskAgentSession session, CancellationToken cancellationToken)
   at GitHub.Runner.Common.BrokerServer.CreateSessionAsync(TaskAgentSession session, CancellationToken cancellationToken)
   at GitHub.Runner.Listener.BrokerMessageListener.CreateSessionAsync(CancellationToken token)
[2025-08-31 06:03:15Z WARN BrokerMessageListener] Migrated settings retry 1 of 3
[2025-08-31 06:03:15Z INFO BrokerMessageListener] The session for this runner already exists.
[2025-08-31 06:03:15Z ERR  Terminal] WRITE ERROR: A session for this runner already exists.
[2025-08-31 06:03:15Z INFO BrokerMessageListener] The session conflict exception haven't reached retry limit.
[2025-08-31 06:03:15Z ERR  Terminal] WRITE ERROR: 2025-08-31 06:03:15Z: Runner connect error: Error: Conflict. Retrying until reconnected.
[2025-08-31 06:03:15Z INFO BrokerMessageListener] Sleeping for 30 seconds before retrying.
[2025-08-31 06:03:19Z INFO Terminal] WRITE LINE: Exiting...
[2025-08-31 06:03:19Z INFO ConfigurationStore] IsServiceConfigured()
[2025-08-31 06:03:19Z INFO ConfigurationStore] IsServiceConfigured: False
[2025-08-31 06:03:19Z INFO HostContext] Runner will be shutdown for UserCancelled
[2025-08-31 06:03:19Z ERR  Runner] Exception when creating session with migrated settings: System.Threading.Tasks.TaskCanceledException: A task was canceled.
   at GitHub.Runner.Common.HostContext.Delay(TimeSpan delay, CancellationToken cancellationToken)
   at GitHub.Runner.Listener.BrokerMessageListener.CreateSessionAsync(CancellationToken token)
   at GitHub.Runner.Listener.Runner.RunAsync(RunnerSettings settings, Boolean runOnce)
[2025-08-31 06:03:19Z INFO Runner] Falling back to original .runner settings
[2025-08-31 06:03:19Z INFO Runner] Using BrokerMessageListener
[2025-08-31 06:03:19Z INFO BrokerMessageListener] Using provided settings
[2025-08-31 06:03:19Z INFO BrokerMessageListener] {
  "AgentId": 2,
  "AgentName": "ip-172-31-22-74",
  "PoolId": 1,
  "PoolName": "Default",
  "ServerUrl": "https://pipelinesghubeus15.actions.githubusercontent.com/oKbhxqVn1LnGpIG6JbP15b5DbbyytFn2WrjBvVjt0TpcCtU7IN/",
  "GitHubUrl": "https://github.com/endrycofr/terraform_aws",
  "WorkFolder": "_work",
  "UseV2Flow": true,
  "ServerUrlV2": "https://broker.actions.githubusercontent.com/"
}
[2025-08-31 06:03:19Z INFO BrokerMessageListener] Loading Credentials
[2025-08-31 06:03:19Z INFO ConfigurationStore] HasCredentials()
[2025-08-31 06:03:19Z INFO ConfigurationStore] stored True
[2025-08-31 06:03:19Z INFO CredentialManager] GetCredentialProvider
[2025-08-31 06:03:19Z INFO CredentialManager] Creating type OAuth
[2025-08-31 06:03:19Z INFO CredentialManager] Creating credential type: OAuth
[2025-08-31 06:03:19Z INFO RSAFileKeyManager] Loading RSA key parameters from file /home/ec2-user/environment/aws_automation/actions-runner/.credentials_rsaparams
[2025-08-31 06:03:19Z INFO Listener] Runner execution been cancelled.
