[2025-08-31 05:21:38Z INFO HostContext] No proxy settings were found based on environmental variables (http_proxy/https_proxy/HTTP_PROXY/HTTPS_PROXY)
[2025-08-31 05:21:38Z INFO HostContext] Well known directory 'Bin': '/home/ec2-user/environment/aws_automation/actions-runner/bin'
[2025-08-31 05:21:38Z INFO HostContext] Well known directory 'Root': '/home/ec2-user/environment/aws_automation/actions-runner'
[2025-08-31 05:21:38Z INFO HostContext] Well known config file 'Credentials': '/home/ec2-user/environment/aws_automation/actions-runner/.credentials'
[2025-08-31 05:21:38Z INFO HostContext] Well known directory 'Bin': '/home/ec2-user/environment/aws_automation/actions-runner/bin'
[2025-08-31 05:21:38Z INFO HostContext] Well known directory 'Root': '/home/ec2-user/environment/aws_automation/actions-runner'
[2025-08-31 05:21:38Z INFO HostContext] Well known config file 'Runner': '/home/ec2-user/environment/aws_automation/actions-runner/.runner'
[2025-08-31 05:21:38Z INFO Listener] Runner is built for Linux (X64) - linux-x64.
[2025-08-31 05:21:38Z INFO Listener] RuntimeInformation: Amazon Linux 2023.8.20250818.
[2025-08-31 05:21:38Z INFO Listener] Version: 2.328.0
[2025-08-31 05:21:38Z INFO Listener] Commit: 6f9a9110adce65f44ca6f7c0ae142b9cc6af937b
[2025-08-31 05:21:38Z INFO Listener] Culture: 
[2025-08-31 05:21:38Z INFO Listener] UI Culture: 
[2025-08-31 05:21:38Z INFO HostContext] Well known directory 'Bin': '/home/ec2-user/environment/aws_automation/actions-runner/bin'
[2025-08-31 05:21:38Z INFO HostContext] Well known directory 'Root': '/home/ec2-user/environment/aws_automation/actions-runner'
[2025-08-31 05:21:38Z INFO Listener] Validating directory permissions for: '/home/ec2-user/environment/aws_automation/actions-runner'
[2025-08-31 05:21:38Z INFO CommandLineParser] Parse
[2025-08-31 05:21:38Z INFO CommandLineParser] Parsing 1 args
[2025-08-31 05:21:38Z INFO CommandLineParser] parsing argument
[2025-08-31 05:21:38Z INFO CommandLineParser] HasArgs: False
[2025-08-31 05:21:38Z INFO CommandLineParser] Adding Command: run
[2025-08-31 05:21:38Z INFO Listener] Arguments parsed
[2025-08-31 05:21:38Z INFO Runner] ExecuteCommand
[2025-08-31 05:21:38Z INFO ConfigurationStore] currentAssemblyLocation: /home/ec2-user/environment/aws_automation/actions-runner/bin/Runner.Listener.dll
[2025-08-31 05:21:38Z INFO HostContext] Well known directory 'Bin': '/home/ec2-user/environment/aws_automation/actions-runner/bin'
[2025-08-31 05:21:38Z INFO ConfigurationStore] binPath: /home/ec2-user/environment/aws_automation/actions-runner/bin
[2025-08-31 05:21:38Z INFO HostContext] Well known directory 'Bin': '/home/ec2-user/environment/aws_automation/actions-runner/bin'
[2025-08-31 05:21:38Z INFO HostContext] Well known directory 'Root': '/home/ec2-user/environment/aws_automation/actions-runner'
[2025-08-31 05:21:38Z INFO ConfigurationStore] RootFolder: /home/ec2-user/environment/aws_automation/actions-runner
[2025-08-31 05:21:38Z INFO HostContext] Well known directory 'Bin': '/home/ec2-user/environment/aws_automation/actions-runner/bin'
[2025-08-31 05:21:38Z INFO HostContext] Well known directory 'Root': '/home/ec2-user/environment/aws_automation/actions-runner'
[2025-08-31 05:21:38Z INFO HostContext] Well known config file 'Runner': '/home/ec2-user/environment/aws_automation/actions-runner/.runner'
[2025-08-31 05:21:38Z INFO ConfigurationStore] ConfigFilePath: /home/ec2-user/environment/aws_automation/actions-runner/.runner
[2025-08-31 05:21:38Z INFO HostContext] Well known directory 'Bin': '/home/ec2-user/environment/aws_automation/actions-runner/bin'
[2025-08-31 05:21:38Z INFO HostContext] Well known directory 'Root': '/home/ec2-user/environment/aws_automation/actions-runner'
[2025-08-31 05:21:38Z INFO HostContext] Well known config file 'MigratedRunner': '/home/ec2-user/environment/aws_automation/actions-runner/.runner_migrated'
[2025-08-31 05:21:38Z INFO ConfigurationStore] MigratedConfigFilePath: /home/ec2-user/environment/aws_automation/actions-runner/.runner_migrated
[2025-08-31 05:21:38Z INFO HostContext] Well known directory 'Bin': '/home/ec2-user/environment/aws_automation/actions-runner/bin'
[2025-08-31 05:21:38Z INFO HostContext] Well known directory 'Root': '/home/ec2-user/environment/aws_automation/actions-runner'
[2025-08-31 05:21:38Z INFO HostContext] Well known config file 'Credentials': '/home/ec2-user/environment/aws_automation/actions-runner/.credentials'
[2025-08-31 05:21:38Z INFO ConfigurationStore] CredFilePath: /home/ec2-user/environment/aws_automation/actions-runner/.credentials
[2025-08-31 05:21:38Z INFO HostContext] Well known directory 'Bin': '/home/ec2-user/environment/aws_automation/actions-runner/bin'
[2025-08-31 05:21:38Z INFO HostContext] Well known directory 'Root': '/home/ec2-user/environment/aws_automation/actions-runner'
[2025-08-31 05:21:38Z INFO HostContext] Well known config file 'MigratedCredentials': '/home/ec2-user/environment/aws_automation/actions-runner/.credentials_migrated'
[2025-08-31 05:21:38Z INFO ConfigurationStore] MigratedCredFilePath: /home/ec2-user/environment/aws_automation/actions-runner/.credentials_migrated
[2025-08-31 05:21:38Z INFO HostContext] Well known directory 'Bin': '/home/ec2-user/environment/aws_automation/actions-runner/bin'
[2025-08-31 05:21:38Z INFO HostContext] Well known directory 'Root': '/home/ec2-user/environment/aws_automation/actions-runner'
[2025-08-31 05:21:38Z INFO HostContext] Well known config file 'Service': '/home/ec2-user/environment/aws_automation/actions-runner/.service'
[2025-08-31 05:21:38Z INFO ConfigurationStore] ServiceConfigFilePath: /home/ec2-user/environment/aws_automation/actions-runner/.service
[2025-08-31 05:21:38Z INFO CommandSettings] Flag 'help': 'False'
[2025-08-31 05:21:38Z INFO CommandSettings] Flag 'version': 'False'
[2025-08-31 05:21:38Z INFO CommandSettings] Flag 'commit': 'False'
[2025-08-31 05:21:38Z INFO CommandSettings] Flag 'check': 'False'
[2025-08-31 05:21:38Z INFO CommandSettings] Command 'configure': 'False'
[2025-08-31 05:21:38Z INFO CommandSettings] Command 'remove': 'False'
[2025-08-31 05:21:38Z INFO CommandSettings] Command 'warmup': 'False'
[2025-08-31 05:21:38Z INFO ConfigurationManager] LoadSettings
[2025-08-31 05:21:38Z INFO ConfigurationStore] IsConfigured()
[2025-08-31 05:21:38Z INFO ConfigurationStore] IsConfigured: True
[2025-08-31 05:21:38Z INFO ConfigurationManager] Is configured: True
[2025-08-31 05:21:38Z INFO ConfigurationStore] Read setting file: 392 chars
[2025-08-31 05:21:38Z INFO ConfigurationManager] Settings Loaded
[2025-08-31 05:21:38Z INFO ConfigurationStore] IsServiceConfigured()
[2025-08-31 05:21:38Z INFO ConfigurationStore] IsServiceConfigured: False
[2025-08-31 05:21:38Z INFO CommandSettings] Command 'run': 'True'
[2025-08-31 05:21:38Z INFO ConfigurationStore] IsConfigured()
[2025-08-31 05:21:38Z INFO ConfigurationStore] IsConfigured: True
[2025-08-31 05:21:38Z INFO ConfigurationManager] Is configured: True
[2025-08-31 05:21:38Z INFO Runner] Could not parse the argument value '' for StartupType. Defaulting to Manual
[2025-08-31 05:21:38Z INFO Runner] Set runner startup type - Manual
[2025-08-31 05:21:38Z INFO CommandSettings] Flag 'once': 'False'
[2025-08-31 05:21:38Z INFO CommandSettings] Flag 'once': 'False'
[2025-08-31 05:21:38Z INFO Runner] RunAsync
[2025-08-31 05:21:38Z INFO ConfigurationManager] LoadMigratedSettings
[2025-08-31 05:21:38Z INFO ConfigurationStore] IsMigratedConfigured()
[2025-08-31 05:21:38Z INFO ConfigurationStore] IsMigratedConfigured: True
[2025-08-31 05:21:38Z INFO ConfigurationStore] Read migrated setting file: 392 chars
[2025-08-31 05:21:38Z INFO ConfigurationManager] Migrated Settings Loaded
[2025-08-31 05:21:38Z INFO Runner] Loaded migrated settings from .runner_migrated file
[2025-08-31 05:21:38Z INFO Runner] {
  "AgentId": 2,
  "AgentName": "ip-172-31-22-74",
  "PoolId": 1,
  "PoolName": "Default",
  "ServerUrl": "https://pipelinesghubeus15.actions.githubusercontent.com/oKbhxqVn1LnGpIG6JbP15b5DbbyytFn2WrjBvVjt0TpcCtU7IN/",
  "GitHubUrl": "https://github.com/endrycofr/terraform_aws",
  "WorkFolder": "_work",
  "UseV2Flow": true,
  "ServerUrlV2": "https://broker.actions.githubusercontent.com/"
}
[2025-08-31 05:21:38Z INFO Runner] Attempting to create session using migrated settings
[2025-08-31 05:21:38Z INFO Runner] Using BrokerMessageListener
[2025-08-31 05:21:38Z INFO BrokerMessageListener] Using provided settings
[2025-08-31 05:21:38Z INFO BrokerMessageListener] Using migrated settings from .runner_migrated
[2025-08-31 05:21:38Z INFO BrokerMessageListener] {
  "AgentId": 2,
  "AgentName": "ip-172-31-22-74",
  "PoolId": 1,
  "PoolName": "Default",
  "ServerUrl": "https://pipelinesghubeus15.actions.githubusercontent.com/oKbhxqVn1LnGpIG6JbP15b5DbbyytFn2WrjBvVjt0TpcCtU7IN/",
  "GitHubUrl": "https://github.com/endrycofr/terraform_aws",
  "WorkFolder": "_work",
  "UseV2Flow": true,
  "ServerUrlV2": "https://broker.actions.githubusercontent.com/"
}
[2025-08-31 05:21:38Z INFO BrokerMessageListener] Loading Credentials
[2025-08-31 05:21:38Z INFO ConfigurationStore] HasCredentials()
[2025-08-31 05:21:38Z INFO ConfigurationStore] stored True
[2025-08-31 05:21:38Z INFO CredentialManager] GetCredentialProvider
[2025-08-31 05:21:38Z INFO CredentialManager] Creating type OAuth
[2025-08-31 05:21:38Z INFO CredentialManager] Creating credential type: OAuth
[2025-08-31 05:21:38Z INFO HostContext] Well known directory 'Bin': '/home/ec2-user/environment/aws_automation/actions-runner/bin'
[2025-08-31 05:21:38Z INFO HostContext] Well known directory 'Root': '/home/ec2-user/environment/aws_automation/actions-runner'
[2025-08-31 05:21:38Z INFO HostContext] Well known config file 'RSACredentials': '/home/ec2-user/environment/aws_automation/actions-runner/.credentials_rsaparams'
[2025-08-31 05:21:38Z INFO RSAFileKeyManager] Loading RSA key parameters from file /home/ec2-user/environment/aws_automation/actions-runner/.credentials_rsaparams
[2025-08-31 05:21:38Z INFO BrokerMessageListener] Attempt to create session.
[2025-08-31 05:21:38Z INFO BrokerMessageListener] Connecting to the Broker Server...
[2025-08-31 05:21:38Z INFO ConfigurationStore] HasCredentials()
[2025-08-31 05:21:38Z INFO ConfigurationStore] stored True
[2025-08-31 05:21:38Z INFO CredentialManager] GetCredentialProvider
[2025-08-31 05:21:38Z INFO CredentialManager] Creating type OAuth
[2025-08-31 05:21:38Z INFO CredentialManager] Creating credential type: OAuth
[2025-08-31 05:21:38Z INFO RSAFileKeyManager] Loading RSA key parameters from file /home/ec2-user/environment/aws_automation/actions-runner/.credentials_rsaparams
[2025-08-31 05:21:38Z INFO BrokerMessageListener] VssConnection created
[2025-08-31 05:21:38Z INFO BrokerMessageListener] Connecting to the Runner server...
[2025-08-31 05:21:38Z INFO RunnerServer] EstablishVssConnection
[2025-08-31 05:21:38Z INFO RunnerServer] Establish connection with 100 seconds timeout.
[2025-08-31 05:21:38Z INFO GitHubActionsService] Starting operation Location.GetConnectionData
[2025-08-31 05:21:38Z INFO RunnerServer] EstablishVssConnection
[2025-08-31 05:21:38Z INFO RunnerServer] Establish connection with 60 seconds timeout.
[2025-08-31 05:21:38Z INFO GitHubActionsService] Starting operation Location.GetConnectionData
[2025-08-31 05:21:38Z INFO RunnerServer] EstablishVssConnection
[2025-08-31 05:21:38Z INFO RunnerServer] Establish connection with 60 seconds timeout.
[2025-08-31 05:21:38Z INFO GitHubActionsService] Starting operation Location.GetConnectionData
[2025-08-31 05:21:39Z INFO GitHubActionsService] Finished operation Location.GetConnectionData
[2025-08-31 05:21:39Z INFO GitHubActionsService] Finished operation Location.GetConnectionData
[2025-08-31 05:21:39Z INFO GitHubActionsService] Finished operation Location.GetConnectionData
[2025-08-31 05:21:39Z INFO BrokerMessageListener] VssConnection created
[2025-08-31 05:21:39Z INFO Terminal] WRITE LINE: 
[2025-08-31 05:21:39Z INFO Terminal] WRITE LINE: 
[2025-08-31 05:21:39Z INFO RSAFileKeyManager] Loading RSA key parameters from file /home/ec2-user/environment/aws_automation/actions-runner/.credentials_rsaparams
[2025-08-31 05:21:39Z INFO RSAFileKeyManager] Loading RSA key parameters from file /home/ec2-user/environment/aws_automation/actions-runner/.credentials_rsaparams
[2025-08-31 05:21:39Z INFO GitHubActionsService] AAD Correlation ID for this token request: Unknown
[2025-08-31 05:21:39Z INFO BrokerMessageListener] Session created.
[2025-08-31 05:21:39Z INFO Runner] Successfully created session with migrated settings
[2025-08-31 05:21:39Z INFO Terminal] WRITE LINE: Current runner version: '2.328.0'
[2025-08-31 05:21:39Z INFO Terminal] WRITE LINE: 2025-08-31 05:21:39Z: Listening for Jobs
[2025-08-31 05:21:39Z INFO JobDispatcher] Set runner/worker IPC timeout to 30 seconds.
[2025-08-31 05:57:04Z INFO ConfigurationStore] HasCredentials()
[2025-08-31 05:57:04Z INFO ConfigurationStore] stored True
[2025-08-31 05:57:04Z INFO CredentialManager] GetCredentialProvider
[2025-08-31 05:57:04Z INFO CredentialManager] Creating type OAuth
[2025-08-31 05:57:04Z INFO CredentialManager] Creating credential type: OAuth
[2025-08-31 05:57:04Z INFO RSAFileKeyManager] Loading RSA key parameters from file /home/ec2-user/environment/aws_automation/actions-runner/.credentials_rsaparams
[2025-08-31 05:57:04Z INFO RSAFileKeyManager] Loading RSA key parameters from file /home/ec2-user/environment/aws_automation/actions-runner/.credentials_rsaparams
[2025-08-31 05:57:04Z INFO RSAFileKeyManager] Loading RSA key parameters from file /home/ec2-user/environment/aws_automation/actions-runner/.credentials_rsaparams
[2025-08-31 05:57:04Z INFO GitHubActionsService] AAD Correlation ID for this token request: Unknown
[2025-08-31 05:57:05Z INFO JobDispatcher] Job request 0 for plan be46abd6-8b94-42b8-86bd-651e00d56614 job 9f422ce9-aa32-55df-ab05-34927e778be7 received.
[2025-08-31 05:57:05Z INFO JobDispatcher] Pull OrchestrationId be46abd6-8b94-42b8-86bd-651e00d56614.deploy.__default from JWT claims
[2025-08-31 05:57:05Z INFO BrokerMessageListener] Received job status event. JobState: Busy
[2025-08-31 05:57:05Z INFO BrokerMessageListener] _getMessagesTokenSource is already disposed.
[2025-08-31 05:57:05Z INFO Terminal] WRITE LINE: 2025-08-31 05:57:05Z: Running job: deploy
[2025-08-31 05:57:05Z INFO JobDispatcher] Start renew job request 0 for job 9f422ce9-aa32-55df-ab05-34927e778be7.
[2025-08-31 05:57:05Z INFO JobDispatcher] Successfully renew job 9f422ce9-aa32-55df-ab05-34927e778be7, job is valid till 08/31/2025 06:07:05
[2025-08-31 05:57:05Z INFO HostContext] Well known directory 'Bin': '/home/ec2-user/environment/aws_automation/actions-runner/bin'
[2025-08-31 05:57:05Z INFO ProcessInvokerWrapper] Starting process:
[2025-08-31 05:57:05Z INFO ProcessInvokerWrapper]   File name: '/home/ec2-user/environment/aws_automation/actions-runner/bin/Runner.Worker'
[2025-08-31 05:57:05Z INFO ProcessInvokerWrapper]   Arguments: 'spawnclient 148 151'
[2025-08-31 05:57:05Z INFO ProcessInvokerWrapper]   Working directory: '/home/ec2-user/environment/aws_automation/actions-runner/bin'
[2025-08-31 05:57:05Z INFO ProcessInvokerWrapper]   Require exit code zero: 'False'
[2025-08-31 05:57:05Z INFO ProcessInvokerWrapper]   Encoding web name:  ; code page: ''
[2025-08-31 05:57:05Z INFO ProcessInvokerWrapper]   Force kill process on cancellation: 'True'
[2025-08-31 05:57:05Z INFO ProcessInvokerWrapper]   Redirected STDIN: 'False'
[2025-08-31 05:57:05Z INFO ProcessInvokerWrapper]   Persist current code page: 'False'
[2025-08-31 05:57:05Z INFO ProcessInvokerWrapper]   Keep redirected STDIN open: 'False'
[2025-08-31 05:57:05Z INFO ProcessInvokerWrapper]   High priority process: 'True'
[2025-08-31 05:57:05Z INFO ProcessInvokerWrapper] Process started with process id 8831, waiting for process exit.
[2025-08-31 05:57:05Z INFO JobDispatcher] Send job request message to worker for job 9f422ce9-aa32-55df-ab05-34927e778be7.
[2025-08-31 05:57:05Z INFO ProcessChannel] Sending message of length 21946, with hash 'c10278b8c0ff447a6cd3d6e6d96c1f827d9ae205c04233be7b725e97c2df85e6'
[2025-08-31 05:57:05Z INFO JobNotification] Entering JobStarted Notification
[2025-08-31 05:57:05Z INFO JobNotification] Entering StartMonitor
[2025-08-31 05:57:19Z INFO ProcessInvokerWrapper] STDOUT/STDERR stream read finished.
[2025-08-31 05:57:19Z INFO ProcessInvokerWrapper] STDOUT/STDERR stream read finished.
[2025-08-31 05:57:19Z INFO ProcessInvokerWrapper] Finished process 8831 with exit code 100, and elapsed time 00:00:13.9975022.
[2025-08-31 05:57:19Z INFO JobDispatcher] Worker finished for job 9f422ce9-aa32-55df-ab05-34927e778be7. Code: 100
[2025-08-31 05:57:19Z INFO JobDispatcher] finish job request for job 9f422ce9-aa32-55df-ab05-34927e778be7 with result: Succeeded
[2025-08-31 05:57:19Z INFO Terminal] WRITE LINE: 2025-08-31 05:57:19Z: Job deploy completed with result: Succeeded
[2025-08-31 05:57:19Z INFO JobDispatcher] Stop renew job request for job 9f422ce9-aa32-55df-ab05-34927e778be7.
[2025-08-31 05:57:19Z INFO JobDispatcher] job renew has been cancelled, stop renew job 9f422ce9-aa32-55df-ab05-34927e778be7.
[2025-08-31 05:57:19Z INFO JobNotification] Entering JobCompleted Notification
[2025-08-31 05:57:19Z INFO JobNotification] Entering EndMonitor
[2025-08-31 05:57:19Z INFO BrokerMessageListener] Received job status event. JobState: Online
[2025-08-31 05:57:19Z WARN GitHubActionsService] GET request to https://broker.actions.githubusercontent.com/message?sessionId=615bd902-2efb-4944-a67a-86edbe6f8a92&status=Busy&runnerVersion=2.328.0&os=Linux&architecture=X64&disableUpdate=false has been cancelled.
[2025-08-31 05:57:19Z ERR  BrokerServer] Catch exception during request
[2025-08-31 05:57:19Z ERR  BrokerServer] System.Threading.Tasks.TaskCanceledException: The operation was canceled.
 ---> System.Threading.Tasks.TaskCanceledException: The operation was canceled.
 ---> System.IO.IOException: The read operation failed, see inner exception.
 ---> System.ObjectDisposedException: Cannot access a disposed object.
Object name: 'System.Net.Sockets.NetworkStream'.
   at System.Net.Sockets.NetworkStream.ReadAsync(Memory`1 buffer, CancellationToken cancellationToken)
   at System.Net.Security.SslStream.EnsureFullTlsFrameAsync[TIOAdapter](CancellationToken cancellationToken, Int32 estimatedSize)
   at System.Runtime.CompilerServices.PoolingAsyncValueTaskMethodBuilder`1.StateMachineBox`1.System.Threading.Tasks.Sources.IValueTaskSource<TResult>.GetResult(Int16 token)
   at System.Net.Security.SslStream.ReadAsyncInternal[TIOAdapter](Memory`1 buffer, CancellationToken cancellationToken)
   --- End of inner exception stack trace ---
   at System.Net.Security.SslStream.ReadAsyncInternal[TIOAdapter](Memory`1 buffer, CancellationToken cancellationToken)
   at System.Runtime.CompilerServices.PoolingAsyncValueTaskMethodBuilder`1.StateMachineBox`1.System.Threading.Tasks.Sources.IValueTaskSource<TResult>.GetResult(Int16 token)
   at System.Net.Http.HttpConnection.SendAsync(HttpRequestMessage request, Boolean async, CancellationToken cancellationToken)
   --- End of inner exception stack trace ---
   at System.Net.Http.HttpConnection.SendAsync(HttpRequestMessage request, Boolean async, CancellationToken cancellationToken)
   at System.Net.Http.AuthenticationHelper.SendWithNtAuthAsync(HttpRequestMessage request, Uri authUri, Boolean async, ICredentials credentials, Boolean isProxyAuth, HttpConnection connection, HttpConnectionPool connectionPool, CancellationToken cancellationToken)
   at System.Net.Http.HttpConnectionPool.SendWithVersionDetectionAndRetryAsync(HttpRequestMessage request, Boolean async, Boolean doRequestAuth, CancellationToken cancellationToken)
   at System.Net.Http.AuthenticationHelper.SendWithAuthAsync(HttpRequestMessage request, Uri authUri, Boolean async, ICredentials credentials, Boolean preAuthenticate, Boolean isProxyAuth, Boolean doRequestAuth, HttpConnectionPool pool, CancellationToken cancellationToken)
   at System.Net.Http.RedirectHandler.SendAsync(HttpRequestMessage request, Boolean async, CancellationToken cancellationToken)
   at GitHub.Services.Common.RawHttpMessageHandler.SendAsync(HttpRequestMessage request, CancellationToken cancellationToken)
   at GitHub.Services.Common.VssHttpRetryMessageHandler.SendAsync(HttpRequestMessage request, CancellationToken cancellationToken)
   at System.Net.Http.HttpClient.<SendAsync>g__Core|83_0(HttpRequestMessage request, HttpCompletionOption completionOption, CancellationTokenSource cts, Boolean disposeCts, CancellationTokenSource pendingRequestsCts, CancellationToken originalCancellationToken)
   --- End of inner exception stack trace ---
   at System.Net.Http.HttpClient.HandleFailure(Exception e, Boolean telemetryStarted, HttpResponseMessage response, CancellationTokenSource cts, CancellationToken cancellationToken, CancellationTokenSource pendingRequestsCts)
   at System.Net.Http.HttpClient.<SendAsync>g__Core|83_0(HttpRequestMessage request, HttpCompletionOption completionOption, CancellationTokenSource cts, Boolean disposeCts, CancellationTokenSource pendingRequestsCts, CancellationToken originalCancellationToken)
   at Sdk.WebApi.WebApi.RawHttpClientBase.SendAsync(HttpRequestMessage message, HttpCompletionOption completionOption, Object userState, CancellationToken cancellationToken)
   at Sdk.WebApi.WebApi.RawHttpClientBase.SendAsync[T](HttpRequestMessage message, Boolean readErrorBody, Object userState, CancellationToken cancellationToken)
   at Sdk.WebApi.WebApi.RawHttpClientBase.SendAsync[T](HttpMethod method, IEnumerable`1 additionalHeaders, Uri requestUri, HttpContent content, IEnumerable`1 queryParameters, Boolean readErrorBody, Object userState, CancellationToken cancellationToken)
   at GitHub.Actions.RunService.WebApi.BrokerHttpClient.GetRunnerMessageAsync(Nullable`1 sessionId, String runnerVersion, Nullable`1 status, String os, String architecture, Nullable`1 disableUpdate, CancellationToken cancellationToken)
   at GitHub.Runner.Common.BrokerServer.<>c__DisplayClass7_0.<<GetRunnerMessageAsync>b__0>d.MoveNext()
--- End of stack trace from previous location ---
   at GitHub.Runner.Common.RunnerService.RetryRequest[T](Func`1 func, CancellationToken cancellationToken, Int32 maxRetryAttemptsCount, Func`2 shouldRetry)
[2025-08-31 05:57:19Z ERR  BrokerServer] #####################################################
[2025-08-31 05:57:19Z ERR  BrokerServer] System.Threading.Tasks.TaskCanceledException: The operation was canceled.
 ---> System.IO.IOException: The read operation failed, see inner exception.
 ---> System.ObjectDisposedException: Cannot access a disposed object.
Object name: 'System.Net.Sockets.NetworkStream'.
   at System.Net.Sockets.NetworkStream.ReadAsync(Memory`1 buffer, CancellationToken cancellationToken)
   at System.Net.Security.SslStream.EnsureFullTlsFrameAsync[TIOAdapter](CancellationToken cancellationToken, Int32 estimatedSize)
   at System.Runtime.CompilerServices.PoolingAsyncValueTaskMethodBuilder`1.StateMachineBox`1.System.Threading.Tasks.Sources.IValueTaskSource<TResult>.GetResult(Int16 token)
   at System.Net.Security.SslStream.ReadAsyncInternal[TIOAdapter](Memory`1 buffer, CancellationToken cancellationToken)
   --- End of inner exception stack trace ---
   at System.Net.Security.SslStream.ReadAsyncInternal[TIOAdapter](Memory`1 buffer, CancellationToken cancellationToken)
   at System.Runtime.CompilerServices.PoolingAsyncValueTaskMethodBuilder`1.StateMachineBox`1.System.Threading.Tasks.Sources.IValueTaskSource<TResult>.GetResult(Int16 token)
   at System.Net.Http.HttpConnection.SendAsync(HttpRequestMessage request, Boolean async, CancellationToken cancellationToken)
   --- End of inner exception stack trace ---
   at System.Net.Http.HttpConnection.SendAsync(HttpRequestMessage request, Boolean async, CancellationToken cancellationToken)
   at System.Net.Http.AuthenticationHelper.SendWithNtAuthAsync(HttpRequestMessage request, Uri authUri, Boolean async, ICredentials credentials, Boolean isProxyAuth, HttpConnection connection, HttpConnectionPool connectionPool, CancellationToken cancellationToken)
   at System.Net.Http.HttpConnectionPool.SendWithVersionDetectionAndRetryAsync(HttpRequestMessage request, Boolean async, Boolean doRequestAuth, CancellationToken cancellationToken)
   at System.Net.Http.AuthenticationHelper.SendWithAuthAsync(HttpRequestMessage request, Uri authUri, Boolean async, ICredentials credentials, Boolean preAuthenticate, Boolean isProxyAuth, Boolean doRequestAuth, HttpConnectionPool pool, CancellationToken cancellationToken)
   at System.Net.Http.RedirectHandler.SendAsync(HttpRequestMessage request, Boolean async, CancellationToken cancellationToken)
   at GitHub.Services.Common.RawHttpMessageHandler.SendAsync(HttpRequestMessage request, CancellationToken cancellationToken)
   at GitHub.Services.Common.VssHttpRetryMessageHandler.SendAsync(HttpRequestMessage request, CancellationToken cancellationToken)
   at System.Net.Http.HttpClient.<SendAsync>g__Core|83_0(HttpRequestMessage request, HttpCompletionOption completionOption, CancellationTokenSource cts, Boolean disposeCts, CancellationTokenSource pendingRequestsCts, CancellationToken originalCancellationToken)
[2025-08-31 05:57:19Z ERR  BrokerServer] #####################################################
[2025-08-31 05:57:19Z ERR  BrokerServer] System.IO.IOException: The read operation failed, see inner exception.
 ---> System.ObjectDisposedException: Cannot access a disposed object.
Object name: 'System.Net.Sockets.NetworkStream'.
   at System.Net.Sockets.NetworkStream.ReadAsync(Memory`1 buffer, CancellationToken cancellationToken)
   at System.Net.Security.SslStream.EnsureFullTlsFrameAsync[TIOAdapter](CancellationToken cancellationToken, Int32 estimatedSize)
   at System.Runtime.CompilerServices.PoolingAsyncValueTaskMethodBuilder`1.StateMachineBox`1.System.Threading.Tasks.Sources.IValueTaskSource<TResult>.GetResult(Int16 token)
   at System.Net.Security.SslStream.ReadAsyncInternal[TIOAdapter](Memory`1 buffer, CancellationToken cancellationToken)
   --- End of inner exception stack trace ---
   at System.Net.Security.SslStream.ReadAsyncInternal[TIOAdapter](Memory`1 buffer, CancellationToken cancellationToken)
   at System.Runtime.CompilerServices.PoolingAsyncValueTaskMethodBuilder`1.StateMachineBox`1.System.Threading.Tasks.Sources.IValueTaskSource<TResult>.GetResult(Int16 token)
   at System.Net.Http.HttpConnection.SendAsync(HttpRequestMessage request, Boolean async, CancellationToken cancellationToken)
[2025-08-31 05:57:19Z ERR  BrokerServer] #####################################################
[2025-08-31 05:57:19Z ERR  BrokerServer] System.ObjectDisposedException: Cannot access a disposed object.
Object name: 'System.Net.Sockets.NetworkStream'.
   at System.Net.Sockets.NetworkStream.ReadAsync(Memory`1 buffer, CancellationToken cancellationToken)
   at System.Net.Security.SslStream.EnsureFullTlsFrameAsync[TIOAdapter](CancellationToken cancellationToken, Int32 estimatedSize)
   at System.Runtime.CompilerServices.PoolingAsyncValueTaskMethodBuilder`1.StateMachineBox`1.System.Threading.Tasks.Sources.IValueTaskSource<TResult>.GetResult(Int16 token)
   at System.Net.Security.SslStream.ReadAsyncInternal[TIOAdapter](Memory`1 buffer, CancellationToken cancellationToken)
[2025-08-31 05:57:19Z WARN BrokerServer] Back off 8.053 seconds before next retry. 4 attempt left.
[2025-08-31 05:57:19Z INFO BrokerMessageListener] Get messages has been cancelled using local token source. Continue to get messages with new status.
[2025-08-31 05:58:37Z INFO ConfigurationStore] HasCredentials()
[2025-08-31 05:58:37Z INFO ConfigurationStore] stored True
[2025-08-31 05:58:37Z INFO CredentialManager] GetCredentialProvider
[2025-08-31 05:58:37Z INFO CredentialManager] Creating type OAuth
[2025-08-31 05:58:37Z INFO CredentialManager] Creating credential type: OAuth
[2025-08-31 05:58:37Z INFO RSAFileKeyManager] Loading RSA key parameters from file /home/ec2-user/environment/aws_automation/actions-runner/.credentials_rsaparams
[2025-08-31 05:58:37Z INFO RSAFileKeyManager] Loading RSA key parameters from file /home/ec2-user/environment/aws_automation/actions-runner/.credentials_rsaparams
[2025-08-31 05:58:37Z INFO RSAFileKeyManager] Loading RSA key parameters from file /home/ec2-user/environment/aws_automation/actions-runner/.credentials_rsaparams
[2025-08-31 05:58:38Z INFO GitHubActionsService] AAD Correlation ID for this token request: Unknown
[2025-08-31 05:58:38Z INFO JobDispatcher] Job request 0 for plan 40934935-9e0b-4cf0-936c-40e45c4579d9 job 4304cc68-9d78-57ac-af2c-e25a62db39b2 received.
[2025-08-31 05:58:38Z INFO JobDispatcher] Pull OrchestrationId 40934935-9e0b-4cf0-936c-40e45c4579d9.deploy.__default from JWT claims
[2025-08-31 05:58:38Z INFO BrokerMessageListener] Received job status event. JobState: Busy
[2025-08-31 05:58:38Z INFO BrokerMessageListener] _getMessagesTokenSource is already disposed.
[2025-08-31 05:58:38Z INFO JobDispatcher] Job request 9f422ce9-aa32-55df-ab05-34927e778be7 processed succeed.
[2025-08-31 05:58:38Z INFO Terminal] WRITE LINE: 2025-08-31 05:58:38Z: Running job: deploy
[2025-08-31 05:58:38Z INFO JobDispatcher] Start renew job request 0 for job 4304cc68-9d78-57ac-af2c-e25a62db39b2.
[2025-08-31 05:58:39Z INFO JobDispatcher] Successfully renew job 4304cc68-9d78-57ac-af2c-e25a62db39b2, job is valid till 08/31/2025 06:08:38
[2025-08-31 05:58:39Z INFO HostContext] Well known directory 'Bin': '/home/ec2-user/environment/aws_automation/actions-runner/bin'
[2025-08-31 05:58:39Z INFO ProcessInvokerWrapper] Starting process:
[2025-08-31 05:58:39Z INFO ProcessInvokerWrapper]   File name: '/home/ec2-user/environment/aws_automation/actions-runner/bin/Runner.Worker'
[2025-08-31 05:58:39Z INFO ProcessInvokerWrapper]   Arguments: 'spawnclient 154 157'
[2025-08-31 05:58:39Z INFO ProcessInvokerWrapper]   Working directory: '/home/ec2-user/environment/aws_automation/actions-runner/bin'
[2025-08-31 05:58:39Z INFO ProcessInvokerWrapper]   Require exit code zero: 'False'
[2025-08-31 05:58:39Z INFO ProcessInvokerWrapper]   Encoding web name:  ; code page: ''
[2025-08-31 05:58:39Z INFO ProcessInvokerWrapper]   Force kill process on cancellation: 'True'
[2025-08-31 05:58:39Z INFO ProcessInvokerWrapper]   Redirected STDIN: 'False'
[2025-08-31 05:58:39Z INFO ProcessInvokerWrapper]   Persist current code page: 'False'
[2025-08-31 05:58:39Z INFO ProcessInvokerWrapper]   Keep redirected STDIN open: 'False'
[2025-08-31 05:58:39Z INFO ProcessInvokerWrapper]   High priority process: 'True'
[2025-08-31 05:58:39Z INFO ProcessInvokerWrapper] Process started with process id 9891, waiting for process exit.
[2025-08-31 05:58:39Z INFO JobDispatcher] Send job request message to worker for job 4304cc68-9d78-57ac-af2c-e25a62db39b2.
[2025-08-31 05:58:39Z INFO ProcessChannel] Sending message of length 21946, with hash 'eeeac3e6c8a6ac5be496f12787f9e2118f222fba1beb8ced447c563991f937ac'
[2025-08-31 05:58:39Z INFO JobNotification] Entering JobStarted Notification
[2025-08-31 05:58:39Z INFO JobNotification] Entering StartMonitor
[2025-08-31 05:58:52Z INFO ProcessInvokerWrapper] STDOUT/STDERR stream read finished.
[2025-08-31 05:58:52Z INFO ProcessInvokerWrapper] STDOUT/STDERR stream read finished.
[2025-08-31 05:58:52Z INFO ProcessInvokerWrapper] Finished process 9891 with exit code 100, and elapsed time 00:00:13.2474077.
[2025-08-31 05:58:52Z INFO JobDispatcher] Worker finished for job 4304cc68-9d78-57ac-af2c-e25a62db39b2. Code: 100
[2025-08-31 05:58:52Z INFO JobDispatcher] finish job request for job 4304cc68-9d78-57ac-af2c-e25a62db39b2 with result: Succeeded
[2025-08-31 05:58:52Z INFO Terminal] WRITE LINE: 2025-08-31 05:58:52Z: Job deploy completed with result: Succeeded
[2025-08-31 05:58:52Z INFO JobDispatcher] Stop renew job request for job 4304cc68-9d78-57ac-af2c-e25a62db39b2.
[2025-08-31 05:58:52Z INFO JobDispatcher] job renew has been cancelled, stop renew job 4304cc68-9d78-57ac-af2c-e25a62db39b2.
[2025-08-31 05:58:52Z INFO JobNotification] Entering JobCompleted Notification
[2025-08-31 05:58:52Z INFO JobNotification] Entering EndMonitor
[2025-08-31 05:58:52Z INFO BrokerMessageListener] Received job status event. JobState: Online
[2025-08-31 05:58:52Z WARN GitHubActionsService] GET request to https://broker.actions.githubusercontent.com/message?sessionId=615bd902-2efb-4944-a67a-86edbe6f8a92&status=Busy&runnerVersion=2.328.0&os=Linux&architecture=X64&disableUpdate=false has been cancelled.
[2025-08-31 05:58:52Z ERR  BrokerServer] Catch exception during request
[2025-08-31 05:58:52Z ERR  BrokerServer] System.Threading.Tasks.TaskCanceledException: The operation was canceled.
 ---> System.Threading.Tasks.TaskCanceledException: The operation was canceled.
 ---> System.IO.IOException: Unable to read data from the transport connection: Operation canceled.
 ---> System.Net.Sockets.SocketException (125): Operation canceled
   --- End of inner exception stack trace ---
   at System.Net.Sockets.Socket.AwaitableSocketAsyncEventArgs.ThrowException(SocketError error, CancellationToken cancellationToken)
   at System.Net.Sockets.Socket.AwaitableSocketAsyncEventArgs.System.Threading.Tasks.Sources.IValueTaskSource<System.Int32>.GetResult(Int16 token)
   at System.Net.Security.SslStream.EnsureFullTlsFrameAsync[TIOAdapter](CancellationToken cancellationToken, Int32 estimatedSize)
   at System.Runtime.CompilerServices.PoolingAsyncValueTaskMethodBuilder`1.StateMachineBox`1.System.Threading.Tasks.Sources.IValueTaskSource<TResult>.GetResult(Int16 token)
   at System.Net.Security.SslStream.ReadAsyncInternal[TIOAdapter](Memory`1 buffer, CancellationToken cancellationToken)
   at System.Runtime.CompilerServices.PoolingAsyncValueTaskMethodBuilder`1.StateMachineBox`1.System.Threading.Tasks.Sources.IValueTaskSource<TResult>.GetResult(Int16 token)
   at System.Net.Http.HttpConnection.SendAsync(HttpRequestMessage request, Boolean async, CancellationToken cancellationToken)
   --- End of inner exception stack trace ---
   at System.Net.Http.HttpConnection.SendAsync(HttpRequestMessage request, Boolean async, CancellationToken cancellationToken)
   at System.Net.Http.AuthenticationHelper.SendWithNtAuthAsync(HttpRequestMessage request, Uri authUri, Boolean async, ICredentials credentials, Boolean isProxyAuth, HttpConnection connection, HttpConnectionPool connectionPool, CancellationToken cancellationToken)
   at System.Net.Http.HttpConnectionPool.SendWithVersionDetectionAndRetryAsync(HttpRequestMessage request, Boolean async, Boolean doRequestAuth, CancellationToken cancellationToken)
   at System.Net.Http.AuthenticationHelper.SendWithAuthAsync(HttpRequestMessage request, Uri authUri, Boolean async, ICredentials credentials, Boolean preAuthenticate, Boolean isProxyAuth, Boolean doRequestAuth, HttpConnectionPool pool, CancellationToken cancellationToken)
   at System.Net.Http.RedirectHandler.SendAsync(HttpRequestMessage request, Boolean async, CancellationToken cancellationToken)
   at GitHub.Services.Common.RawHttpMessageHandler.SendAsync(HttpRequestMessage request, CancellationToken cancellationToken)
   at GitHub.Services.Common.VssHttpRetryMessageHandler.SendAsync(HttpRequestMessage request, CancellationToken cancellationToken)
   at System.Net.Http.HttpClient.<SendAsync>g__Core|83_0(HttpRequestMessage request, HttpCompletionOption completionOption, CancellationTokenSource cts, Boolean disposeCts, CancellationTokenSource pendingRequestsCts, CancellationToken originalCancellationToken)
   --- End of inner exception stack trace ---
   at System.Net.Http.HttpClient.HandleFailure(Exception e, Boolean telemetryStarted, HttpResponseMessage response, CancellationTokenSource cts, CancellationToken cancellationToken, CancellationTokenSource pendingRequestsCts)
   at System.Net.Http.HttpClient.<SendAsync>g__Core|83_0(HttpRequestMessage request, HttpCompletionOption completionOption, CancellationTokenSource cts, Boolean disposeCts, CancellationTokenSource pendingRequestsCts, CancellationToken originalCancellationToken)
   at Sdk.WebApi.WebApi.RawHttpClientBase.SendAsync(HttpRequestMessage message, HttpCompletionOption completionOption, Object userState, CancellationToken cancellationToken)
   at Sdk.WebApi.WebApi.RawHttpClientBase.SendAsync[T](HttpRequestMessage message, Boolean readErrorBody, Object userState, CancellationToken cancellationToken)
   at Sdk.WebApi.WebApi.RawHttpClientBase.SendAsync[T](HttpMethod method, IEnumerable`1 additionalHeaders, Uri requestUri, HttpContent content, IEnumerable`1 queryParameters, Boolean readErrorBody, Object userState, CancellationToken cancellationToken)
   at GitHub.Actions.RunService.WebApi.BrokerHttpClient.GetRunnerMessageAsync(Nullable`1 sessionId, String runnerVersion, Nullable`1 status, String os, String architecture, Nullable`1 disableUpdate, CancellationToken cancellationToken)
   at GitHub.Runner.Common.BrokerServer.<>c__DisplayClass7_0.<<GetRunnerMessageAsync>b__0>d.MoveNext()
--- End of stack trace from previous location ---
   at GitHub.Runner.Common.RunnerService.RetryRequest[T](Func`1 func, CancellationToken cancellationToken, Int32 maxRetryAttemptsCount, Func`2 shouldRetry)
[2025-08-31 05:58:52Z ERR  BrokerServer] #####################################################
[2025-08-31 05:58:52Z ERR  BrokerServer] System.Threading.Tasks.TaskCanceledException: The operation was canceled.
 ---> System.IO.IOException: Unable to read data from the transport connection: Operation canceled.
 ---> System.Net.Sockets.SocketException (125): Operation canceled
   --- End of inner exception stack trace ---
   at System.Net.Sockets.Socket.AwaitableSocketAsyncEventArgs.ThrowException(SocketError error, CancellationToken cancellationToken)
   at System.Net.Sockets.Socket.AwaitableSocketAsyncEventArgs.System.Threading.Tasks.Sources.IValueTaskSource<System.Int32>.GetResult(Int16 token)
   at System.Net.Security.SslStream.EnsureFullTlsFrameAsync[TIOAdapter](CancellationToken cancellationToken, Int32 estimatedSize)
   at System.Runtime.CompilerServices.PoolingAsyncValueTaskMethodBuilder`1.StateMachineBox`1.System.Threading.Tasks.Sources.IValueTaskSource<TResult>.GetResult(Int16 token)
   at System.Net.Security.SslStream.ReadAsyncInternal[TIOAdapter](Memory`1 buffer, CancellationToken cancellationToken)
   at System.Runtime.CompilerServices.PoolingAsyncValueTaskMethodBuilder`1.StateMachineBox`1.System.Threading.Tasks.Sources.IValueTaskSource<TResult>.GetResult(Int16 token)
   at System.Net.Http.HttpConnection.SendAsync(HttpRequestMessage request, Boolean async, CancellationToken cancellationToken)
   --- End of inner exception stack trace ---
   at System.Net.Http.HttpConnection.SendAsync(HttpRequestMessage request, Boolean async, CancellationToken cancellationToken)
   at System.Net.Http.AuthenticationHelper.SendWithNtAuthAsync(HttpRequestMessage request, Uri authUri, Boolean async, ICredentials credentials, Boolean isProxyAuth, HttpConnection connection, HttpConnectionPool connectionPool, CancellationToken cancellationToken)
   at System.Net.Http.HttpConnectionPool.SendWithVersionDetectionAndRetryAsync(HttpRequestMessage request, Boolean async, Boolean doRequestAuth, CancellationToken cancellationToken)
   at System.Net.Http.AuthenticationHelper.SendWithAuthAsync(HttpRequestMessage request, Uri authUri, Boolean async, ICredentials credentials, Boolean preAuthenticate, Boolean isProxyAuth, Boolean doRequestAuth, HttpConnectionPool pool, CancellationToken cancellationToken)
   at System.Net.Http.RedirectHandler.SendAsync(HttpRequestMessage request, Boolean async, CancellationToken cancellationToken)
   at GitHub.Services.Common.RawHttpMessageHandler.SendAsync(HttpRequestMessage request, CancellationToken cancellationToken)
   at GitHub.Services.Common.VssHttpRetryMessageHandler.SendAsync(HttpRequestMessage request, CancellationToken cancellationToken)
   at System.Net.Http.HttpClient.<SendAsync>g__Core|83_0(HttpRequestMessage request, HttpCompletionOption completionOption, CancellationTokenSource cts, Boolean disposeCts, CancellationTokenSource pendingRequestsCts, CancellationToken originalCancellationToken)
[2025-08-31 05:58:52Z ERR  BrokerServer] #####################################################
[2025-08-31 05:58:52Z ERR  BrokerServer] System.IO.IOException: Unable to read data from the transport connection: Operation canceled.
 ---> System.Net.Sockets.SocketException (125): Operation canceled
   --- End of inner exception stack trace ---
   at System.Net.Sockets.Socket.AwaitableSocketAsyncEventArgs.ThrowException(SocketError error, CancellationToken cancellationToken)
   at System.Net.Sockets.Socket.AwaitableSocketAsyncEventArgs.System.Threading.Tasks.Sources.IValueTaskSource<System.Int32>.GetResult(Int16 token)
   at System.Net.Security.SslStream.EnsureFullTlsFrameAsync[TIOAdapter](CancellationToken cancellationToken, Int32 estimatedSize)
   at System.Runtime.CompilerServices.PoolingAsyncValueTaskMethodBuilder`1.StateMachineBox`1.System.Threading.Tasks.Sources.IValueTaskSource<TResult>.GetResult(Int16 token)
   at System.Net.Security.SslStream.ReadAsyncInternal[TIOAdapter](Memory`1 buffer, CancellationToken cancellationToken)
   at System.Runtime.CompilerServices.PoolingAsyncValueTaskMethodBuilder`1.StateMachineBox`1.System.Threading.Tasks.Sources.IValueTaskSource<TResult>.GetResult(Int16 token)
   at System.Net.Http.HttpConnection.SendAsync(HttpRequestMessage request, Boolean async, CancellationToken cancellationToken)
[2025-08-31 05:58:52Z ERR  BrokerServer] #####################################################
[2025-08-31 05:58:52Z ERR  BrokerServer] System.Net.Sockets.SocketException (125): Operation canceled
[2025-08-31 05:58:52Z WARN BrokerServer] Back off 14.23 seconds before next retry. 4 attempt left.
[2025-08-31 05:58:52Z INFO BrokerMessageListener] Get messages has been cancelled using local token source. Continue to get messages with new status.
[2025-08-31 06:00:50Z INFO ConfigurationStore] HasCredentials()
[2025-08-31 06:00:50Z INFO ConfigurationStore] stored True
[2025-08-31 06:00:50Z INFO CredentialManager] GetCredentialProvider
[2025-08-31 06:00:50Z INFO CredentialManager] Creating type OAuth
[2025-08-31 06:00:50Z INFO CredentialManager] Creating credential type: OAuth
[2025-08-31 06:00:50Z INFO RSAFileKeyManager] Loading RSA key parameters from file /home/ec2-user/environment/aws_automation/actions-runner/.credentials_rsaparams
[2025-08-31 06:00:50Z INFO RSAFileKeyManager] Loading RSA key parameters from file /home/ec2-user/environment/aws_automation/actions-runner/.credentials_rsaparams
[2025-08-31 06:00:50Z INFO RSAFileKeyManager] Loading RSA key parameters from file /home/ec2-user/environment/aws_automation/actions-runner/.credentials_rsaparams
[2025-08-31 06:00:51Z INFO GitHubActionsService] AAD Correlation ID for this token request: Unknown
[2025-08-31 06:00:51Z INFO JobDispatcher] Job request 0 for plan 5db4f215-af78-4958-99d7-cd513d72337a job 9cb2d41a-28c9-56a2-b65d-e50a5b41f09a received.
[2025-08-31 06:00:51Z INFO JobDispatcher] Pull OrchestrationId 5db4f215-af78-4958-99d7-cd513d72337a.deploy.__default from JWT claims
[2025-08-31 06:00:51Z INFO BrokerMessageListener] Received job status event. JobState: Busy
[2025-08-31 06:00:51Z INFO BrokerMessageListener] _getMessagesTokenSource is already disposed.
[2025-08-31 06:00:51Z INFO JobDispatcher] Job request 4304cc68-9d78-57ac-af2c-e25a62db39b2 processed succeed.
[2025-08-31 06:00:51Z INFO Terminal] WRITE LINE: 2025-08-31 06:00:51Z: Running job: deploy
[2025-08-31 06:00:51Z INFO JobDispatcher] Start renew job request 0 for job 9cb2d41a-28c9-56a2-b65d-e50a5b41f09a.
[2025-08-31 06:00:52Z INFO JobDispatcher] Successfully renew job 9cb2d41a-28c9-56a2-b65d-e50a5b41f09a, job is valid till 08/31/2025 06:10:52
[2025-08-31 06:00:52Z INFO HostContext] Well known directory 'Bin': '/home/ec2-user/environment/aws_automation/actions-runner/bin'
[2025-08-31 06:00:52Z INFO ProcessInvokerWrapper] Starting process:
[2025-08-31 06:00:52Z INFO ProcessInvokerWrapper]   File name: '/home/ec2-user/environment/aws_automation/actions-runner/bin/Runner.Worker'
[2025-08-31 06:00:52Z INFO ProcessInvokerWrapper]   Arguments: 'spawnclient 154 157'
[2025-08-31 06:00:52Z INFO ProcessInvokerWrapper]   Working directory: '/home/ec2-user/environment/aws_automation/actions-runner/bin'
[2025-08-31 06:00:52Z INFO ProcessInvokerWrapper]   Require exit code zero: 'False'
[2025-08-31 06:00:52Z INFO ProcessInvokerWrapper]   Encoding web name:  ; code page: ''
[2025-08-31 06:00:52Z INFO ProcessInvokerWrapper]   Force kill process on cancellation: 'True'
[2025-08-31 06:00:52Z INFO ProcessInvokerWrapper]   Redirected STDIN: 'False'
[2025-08-31 06:00:52Z INFO ProcessInvokerWrapper]   Persist current code page: 'False'
[2025-08-31 06:00:52Z INFO ProcessInvokerWrapper]   Keep redirected STDIN open: 'False'
[2025-08-31 06:00:52Z INFO ProcessInvokerWrapper]   High priority process: 'True'
[2025-08-31 06:00:52Z INFO ProcessInvokerWrapper] Process started with process id 10991, waiting for process exit.
[2025-08-31 06:00:52Z INFO JobDispatcher] Send job request message to worker for job 9cb2d41a-28c9-56a2-b65d-e50a5b41f09a.
[2025-08-31 06:00:52Z INFO ProcessChannel] Sending message of length 21946, with hash 'a92e58a336e73f591a498ad85a2fe586cb4027844f8e5d0f795f15f173ee34e2'
[2025-08-31 06:00:52Z INFO JobNotification] Entering JobStarted Notification
[2025-08-31 06:00:52Z INFO JobNotification] Entering StartMonitor
[2025-08-31 06:01:06Z INFO ProcessInvokerWrapper] STDOUT/STDERR stream read finished.
[2025-08-31 06:01:06Z INFO ProcessInvokerWrapper] STDOUT/STDERR stream read finished.
[2025-08-31 06:01:06Z INFO ProcessInvokerWrapper] Finished process 10991 with exit code 100, and elapsed time 00:00:14.3477297.
[2025-08-31 06:01:06Z INFO JobDispatcher] Worker finished for job 9cb2d41a-28c9-56a2-b65d-e50a5b41f09a. Code: 100
[2025-08-31 06:01:06Z INFO JobDispatcher] finish job request for job 9cb2d41a-28c9-56a2-b65d-e50a5b41f09a with result: Succeeded
[2025-08-31 06:01:06Z INFO Terminal] WRITE LINE: 2025-08-31 06:01:06Z: Job deploy completed with result: Succeeded
[2025-08-31 06:01:06Z INFO JobDispatcher] Stop renew job request for job 9cb2d41a-28c9-56a2-b65d-e50a5b41f09a.
[2025-08-31 06:01:06Z INFO JobDispatcher] job renew has been cancelled, stop renew job 9cb2d41a-28c9-56a2-b65d-e50a5b41f09a.
[2025-08-31 06:01:06Z INFO JobNotification] Entering JobCompleted Notification
[2025-08-31 06:01:06Z INFO JobNotification] Entering EndMonitor
[2025-08-31 06:01:06Z INFO BrokerMessageListener] Received job status event. JobState: Online
[2025-08-31 06:01:06Z WARN GitHubActionsService] GET request to https://broker.actions.githubusercontent.com/message?sessionId=615bd902-2efb-4944-a67a-86edbe6f8a92&status=Busy&runnerVersion=2.328.0&os=Linux&architecture=X64&disableUpdate=false has been cancelled.
[2025-08-31 06:01:06Z ERR  BrokerServer] Catch exception during request
[2025-08-31 06:01:06Z ERR  BrokerServer] System.Threading.Tasks.TaskCanceledException: The operation was canceled.
 ---> System.Threading.Tasks.TaskCanceledException: The operation was canceled.
 ---> System.IO.IOException: Unable to read data from the transport connection: Operation canceled.
 ---> System.Net.Sockets.SocketException (125): Operation canceled
   --- End of inner exception stack trace ---
   at System.Net.Sockets.Socket.AwaitableSocketAsyncEventArgs.ThrowException(SocketError error, CancellationToken cancellationToken)
   at System.Net.Sockets.Socket.AwaitableSocketAsyncEventArgs.System.Threading.Tasks.Sources.IValueTaskSource<System.Int32>.GetResult(Int16 token)
   at System.Net.Security.SslStream.EnsureFullTlsFrameAsync[TIOAdapter](CancellationToken cancellationToken, Int32 estimatedSize)
   at System.Runtime.CompilerServices.PoolingAsyncValueTaskMethodBuilder`1.StateMachineBox`1.System.Threading.Tasks.Sources.IValueTaskSource<TResult>.GetResult(Int16 token)
   at System.Net.Security.SslStream.ReadAsyncInternal[TIOAdapter](Memory`1 buffer, CancellationToken cancellationToken)
   at System.Runtime.CompilerServices.PoolingAsyncValueTaskMethodBuilder`1.StateMachineBox`1.System.Threading.Tasks.Sources.IValueTaskSource<TResult>.GetResult(Int16 token)
   at System.Net.Http.HttpConnection.SendAsync(HttpRequestMessage request, Boolean async, CancellationToken cancellationToken)
   --- End of inner exception stack trace ---
   at System.Net.Http.HttpConnection.SendAsync(HttpRequestMessage request, Boolean async, CancellationToken cancellationToken)
   at System.Net.Http.AuthenticationHelper.SendWithNtAuthAsync(HttpRequestMessage request, Uri authUri, Boolean async, ICredentials credentials, Boolean isProxyAuth, HttpConnection connection, HttpConnectionPool connectionPool, CancellationToken cancellationToken)
   at System.Net.Http.HttpConnectionPool.SendWithVersionDetectionAndRetryAsync(HttpRequestMessage request, Boolean async, Boolean doRequestAuth, CancellationToken cancellationToken)
   at System.Net.Http.AuthenticationHelper.SendWithAuthAsync(HttpRequestMessage request, Uri authUri, Boolean async, ICredentials credentials, Boolean preAuthenticate, Boolean isProxyAuth, Boolean doRequestAuth, HttpConnectionPool pool, CancellationToken cancellationToken)
   at System.Net.Http.RedirectHandler.SendAsync(HttpRequestMessage request, Boolean async, CancellationToken cancellationToken)
   at GitHub.Services.Common.RawHttpMessageHandler.SendAsync(HttpRequestMessage request, CancellationToken cancellationToken)
   at GitHub.Services.Common.VssHttpRetryMessageHandler.SendAsync(HttpRequestMessage request, CancellationToken cancellationToken)
   at System.Net.Http.HttpClient.<SendAsync>g__Core|83_0(HttpRequestMessage request, HttpCompletionOption completionOption, CancellationTokenSource cts, Boolean disposeCts, CancellationTokenSource pendingRequestsCts, CancellationToken originalCancellationToken)
   --- End of inner exception stack trace ---
   at System.Net.Http.HttpClient.HandleFailure(Exception e, Boolean telemetryStarted, HttpResponseMessage response, CancellationTokenSource cts, CancellationToken cancellationToken, CancellationTokenSource pendingRequestsCts)
   at System.Net.Http.HttpClient.<SendAsync>g__Core|83_0(HttpRequestMessage request, HttpCompletionOption completionOption, CancellationTokenSource cts, Boolean disposeCts, CancellationTokenSource pendingRequestsCts, CancellationToken originalCancellationToken)
   at Sdk.WebApi.WebApi.RawHttpClientBase.SendAsync(HttpRequestMessage message, HttpCompletionOption completionOption, Object userState, CancellationToken cancellationToken)
   at Sdk.WebApi.WebApi.RawHttpClientBase.SendAsync[T](HttpRequestMessage message, Boolean readErrorBody, Object userState, CancellationToken cancellationToken)
   at Sdk.WebApi.WebApi.RawHttpClientBase.SendAsync[T](HttpMethod method, IEnumerable`1 additionalHeaders, Uri requestUri, HttpContent content, IEnumerable`1 queryParameters, Boolean readErrorBody, Object userState, CancellationToken cancellationToken)
   at GitHub.Actions.RunService.WebApi.BrokerHttpClient.GetRunnerMessageAsync(Nullable`1 sessionId, String runnerVersion, Nullable`1 status, String os, String architecture, Nullable`1 disableUpdate, CancellationToken cancellationToken)
   at GitHub.Runner.Common.BrokerServer.<>c__DisplayClass7_0.<<GetRunnerMessageAsync>b__0>d.MoveNext()
--- End of stack trace from previous location ---
   at GitHub.Runner.Common.RunnerService.RetryRequest[T](Func`1 func, CancellationToken cancellationToken, Int32 maxRetryAttemptsCount, Func`2 shouldRetry)
[2025-08-31 06:01:06Z ERR  BrokerServer] #####################################################
[2025-08-31 06:01:06Z ERR  BrokerServer] System.Threading.Tasks.TaskCanceledException: The operation was canceled.
 ---> System.IO.IOException: Unable to read data from the transport connection: Operation canceled.
 ---> System.Net.Sockets.SocketException (125): Operation canceled
   --- End of inner exception stack trace ---
   at System.Net.Sockets.Socket.AwaitableSocketAsyncEventArgs.ThrowException(SocketError error, CancellationToken cancellationToken)
   at System.Net.Sockets.Socket.AwaitableSocketAsyncEventArgs.System.Threading.Tasks.Sources.IValueTaskSource<System.Int32>.GetResult(Int16 token)
   at System.Net.Security.SslStream.EnsureFullTlsFrameAsync[TIOAdapter](CancellationToken cancellationToken, Int32 estimatedSize)
   at System.Runtime.CompilerServices.PoolingAsyncValueTaskMethodBuilder`1.StateMachineBox`1.System.Threading.Tasks.Sources.IValueTaskSource<TResult>.GetResult(Int16 token)
   at System.Net.Security.SslStream.ReadAsyncInternal[TIOAdapter](Memory`1 buffer, CancellationToken cancellationToken)
   at System.Runtime.CompilerServices.PoolingAsyncValueTaskMethodBuilder`1.StateMachineBox`1.System.Threading.Tasks.Sources.IValueTaskSource<TResult>.GetResult(Int16 token)
   at System.Net.Http.HttpConnection.SendAsync(HttpRequestMessage request, Boolean async, CancellationToken cancellationToken)
   --- End of inner exception stack trace ---
   at System.Net.Http.HttpConnection.SendAsync(HttpRequestMessage request, Boolean async, CancellationToken cancellationToken)
   at System.Net.Http.AuthenticationHelper.SendWithNtAuthAsync(HttpRequestMessage request, Uri authUri, Boolean async, ICredentials credentials, Boolean isProxyAuth, HttpConnection connection, HttpConnectionPool connectionPool, CancellationToken cancellationToken)
   at System.Net.Http.HttpConnectionPool.SendWithVersionDetectionAndRetryAsync(HttpRequestMessage request, Boolean async, Boolean doRequestAuth, CancellationToken cancellationToken)
   at System.Net.Http.AuthenticationHelper.SendWithAuthAsync(HttpRequestMessage request, Uri authUri, Boolean async, ICredentials credentials, Boolean preAuthenticate, Boolean isProxyAuth, Boolean doRequestAuth, HttpConnectionPool pool, CancellationToken cancellationToken)
   at System.Net.Http.RedirectHandler.SendAsync(HttpRequestMessage request, Boolean async, CancellationToken cancellationToken)
   at GitHub.Services.Common.RawHttpMessageHandler.SendAsync(HttpRequestMessage request, CancellationToken cancellationToken)
   at GitHub.Services.Common.VssHttpRetryMessageHandler.SendAsync(HttpRequestMessage request, CancellationToken cancellationToken)
   at System.Net.Http.HttpClient.<SendAsync>g__Core|83_0(HttpRequestMessage request, HttpCompletionOption completionOption, CancellationTokenSource cts, Boolean disposeCts, CancellationTokenSource pendingRequestsCts, CancellationToken originalCancellationToken)
[2025-08-31 06:01:06Z ERR  BrokerServer] #####################################################
[2025-08-31 06:01:06Z ERR  BrokerServer] System.IO.IOException: Unable to read data from the transport connection: Operation canceled.
 ---> System.Net.Sockets.SocketException (125): Operation canceled
   --- End of inner exception stack trace ---
   at System.Net.Sockets.Socket.AwaitableSocketAsyncEventArgs.ThrowException(SocketError error, CancellationToken cancellationToken)
   at System.Net.Sockets.Socket.AwaitableSocketAsyncEventArgs.System.Threading.Tasks.Sources.IValueTaskSource<System.Int32>.GetResult(Int16 token)
   at System.Net.Security.SslStream.EnsureFullTlsFrameAsync[TIOAdapter](CancellationToken cancellationToken, Int32 estimatedSize)
   at System.Runtime.CompilerServices.PoolingAsyncValueTaskMethodBuilder`1.StateMachineBox`1.System.Threading.Tasks.Sources.IValueTaskSource<TResult>.GetResult(Int16 token)
   at System.Net.Security.SslStream.ReadAsyncInternal[TIOAdapter](Memory`1 buffer, CancellationToken cancellationToken)
   at System.Runtime.CompilerServices.PoolingAsyncValueTaskMethodBuilder`1.StateMachineBox`1.System.Threading.Tasks.Sources.IValueTaskSource<TResult>.GetResult(Int16 token)
   at System.Net.Http.HttpConnection.SendAsync(HttpRequestMessage request, Boolean async, CancellationToken cancellationToken)
[2025-08-31 06:01:06Z ERR  BrokerServer] #####################################################
[2025-08-31 06:01:06Z ERR  BrokerServer] System.Net.Sockets.SocketException (125): Operation canceled
[2025-08-31 06:01:06Z WARN BrokerServer] Back off 11.388 seconds before next retry. 4 attempt left.
[2025-08-31 06:01:06Z INFO BrokerMessageListener] Get messages has been cancelled using local token source. Continue to get messages with new status.
[2025-08-31 06:11:58Z INFO RSAFileKeyManager] Loading RSA key parameters from file /home/ec2-user/environment/aws_automation/actions-runner/.credentials_rsaparams
[2025-08-31 06:11:58Z INFO GitHubActionsService] AAD Correlation ID for this token request: Unknown
