[2025-08-31 06:01:39Z INFO HostContext] No proxy settings were found based on environmental variables (http_proxy/https_proxy/HTTP_PROXY/HTTPS_PROXY)
[2025-08-31 06:01:39Z INFO HostContext] Well known directory 'Bin': '/home/ec2-user/environment/aws_automation/actions-runner/bin'
[2025-08-31 06:01:39Z INFO HostContext] Well known directory 'Root': '/home/ec2-user/environment/aws_automation/actions-runner'
[2025-08-31 06:01:39Z INFO HostContext] Well known config file 'Credentials': '/home/ec2-user/environment/aws_automation/actions-runner/.credentials'
[2025-08-31 06:01:39Z INFO HostContext] Well known directory 'Bin': '/home/ec2-user/environment/aws_automation/actions-runner/bin'
[2025-08-31 06:01:39Z INFO HostContext] Well known directory 'Root': '/home/ec2-user/environment/aws_automation/actions-runner'
[2025-08-31 06:01:39Z INFO HostContext] Well known config file 'Runner': '/home/ec2-user/environment/aws_automation/actions-runner/.runner'
[2025-08-31 06:01:39Z INFO Listener] Runner is built for Linux (X64) - linux-x64.
[2025-08-31 06:01:39Z INFO Listener] RuntimeInformation: Amazon Linux 2023.8.20250818.
[2025-08-31 06:01:39Z INFO Listener] Version: 2.328.0
[2025-08-31 06:01:39Z INFO Listener] Commit: 6f9a9110adce65f44ca6f7c0ae142b9cc6af937b
[2025-08-31 06:01:39Z INFO Listener] Culture: 
[2025-08-31 06:01:39Z INFO Listener] UI Culture: 
[2025-08-31 06:01:39Z INFO HostContext] Well known directory 'Bin': '/home/ec2-user/environment/aws_automation/actions-runner/bin'
[2025-08-31 06:01:39Z INFO HostContext] Well known directory 'Root': '/home/ec2-user/environment/aws_automation/actions-runner'
[2025-08-31 06:01:39Z INFO Listener] Validating directory permissions for: '/home/ec2-user/environment/aws_automation/actions-runner'
[2025-08-31 06:01:39Z INFO CommandLineParser] Parse
[2025-08-31 06:01:39Z INFO CommandLineParser] Parsing 1 args
[2025-08-31 06:01:39Z INFO CommandLineParser] parsing argument
[2025-08-31 06:01:39Z INFO CommandLineParser] HasArgs: False
[2025-08-31 06:01:39Z INFO CommandLineParser] Adding Command: run
[2025-08-31 06:01:39Z INFO Listener] Arguments parsed
[2025-08-31 06:01:39Z INFO Runner] ExecuteCommand
[2025-08-31 06:01:39Z INFO ConfigurationStore] currentAssemblyLocation: /home/ec2-user/environment/aws_automation/actions-runner/bin/Runner.Listener.dll
[2025-08-31 06:01:39Z INFO HostContext] Well known directory 'Bin': '/home/ec2-user/environment/aws_automation/actions-runner/bin'
[2025-08-31 06:01:39Z INFO ConfigurationStore] binPath: /home/ec2-user/environment/aws_automation/actions-runner/bin
[2025-08-31 06:01:39Z INFO HostContext] Well known directory 'Bin': '/home/ec2-user/environment/aws_automation/actions-runner/bin'
[2025-08-31 06:01:39Z INFO HostContext] Well known directory 'Root': '/home/ec2-user/environment/aws_automation/actions-runner'
[2025-08-31 06:01:39Z INFO ConfigurationStore] RootFolder: /home/ec2-user/environment/aws_automation/actions-runner
[2025-08-31 06:01:39Z INFO HostContext] Well known directory 'Bin': '/home/ec2-user/environment/aws_automation/actions-runner/bin'
[2025-08-31 06:01:39Z INFO HostContext] Well known directory 'Root': '/home/ec2-user/environment/aws_automation/actions-runner'
[2025-08-31 06:01:39Z INFO HostContext] Well known config file 'Runner': '/home/ec2-user/environment/aws_automation/actions-runner/.runner'
[2025-08-31 06:01:39Z INFO ConfigurationStore] ConfigFilePath: /home/ec2-user/environment/aws_automation/actions-runner/.runner
[2025-08-31 06:01:39Z INFO HostContext] Well known directory 'Bin': '/home/ec2-user/environment/aws_automation/actions-runner/bin'
[2025-08-31 06:01:39Z INFO HostContext] Well known directory 'Root': '/home/ec2-user/environment/aws_automation/actions-runner'
[2025-08-31 06:01:39Z INFO HostContext] Well known config file 'MigratedRunner': '/home/ec2-user/environment/aws_automation/actions-runner/.runner_migrated'
[2025-08-31 06:01:39Z INFO ConfigurationStore] MigratedConfigFilePath: /home/ec2-user/environment/aws_automation/actions-runner/.runner_migrated
[2025-08-31 06:01:39Z INFO HostContext] Well known directory 'Bin': '/home/ec2-user/environment/aws_automation/actions-runner/bin'
[2025-08-31 06:01:39Z INFO HostContext] Well known directory 'Root': '/home/ec2-user/environment/aws_automation/actions-runner'
[2025-08-31 06:01:39Z INFO HostContext] Well known config file 'Credentials': '/home/ec2-user/environment/aws_automation/actions-runner/.credentials'
[2025-08-31 06:01:39Z INFO ConfigurationStore] CredFilePath: /home/ec2-user/environment/aws_automation/actions-runner/.credentials
[2025-08-31 06:01:39Z INFO HostContext] Well known directory 'Bin': '/home/ec2-user/environment/aws_automation/actions-runner/bin'
[2025-08-31 06:01:39Z INFO HostContext] Well known directory 'Root': '/home/ec2-user/environment/aws_automation/actions-runner'
[2025-08-31 06:01:39Z INFO HostContext] Well known config file 'MigratedCredentials': '/home/ec2-user/environment/aws_automation/actions-runner/.credentials_migrated'
[2025-08-31 06:01:39Z INFO ConfigurationStore] MigratedCredFilePath: /home/ec2-user/environment/aws_automation/actions-runner/.credentials_migrated
[2025-08-31 06:01:39Z INFO HostContext] Well known directory 'Bin': '/home/ec2-user/environment/aws_automation/actions-runner/bin'
[2025-08-31 06:01:39Z INFO HostContext] Well known directory 'Root': '/home/ec2-user/environment/aws_automation/actions-runner'
[2025-08-31 06:01:39Z INFO HostContext] Well known config file 'Service': '/home/ec2-user/environment/aws_automation/actions-runner/.service'
[2025-08-31 06:01:39Z INFO ConfigurationStore] ServiceConfigFilePath: /home/ec2-user/environment/aws_automation/actions-runner/.service
[2025-08-31 06:01:39Z INFO CommandSettings] Flag 'help': 'False'
[2025-08-31 06:01:39Z INFO CommandSettings] Flag 'version': 'False'
[2025-08-31 06:01:39Z INFO CommandSettings] Flag 'commit': 'False'
[2025-08-31 06:01:39Z INFO CommandSettings] Flag 'check': 'False'
[2025-08-31 06:01:39Z INFO CommandSettings] Command 'configure': 'False'
[2025-08-31 06:01:39Z INFO CommandSettings] Command 'remove': 'False'
[2025-08-31 06:01:39Z INFO CommandSettings] Command 'warmup': 'False'
[2025-08-31 06:01:39Z INFO ConfigurationManager] LoadSettings
[2025-08-31 06:01:39Z INFO ConfigurationStore] IsConfigured()
[2025-08-31 06:01:39Z INFO ConfigurationStore] IsConfigured: True
[2025-08-31 06:01:39Z INFO ConfigurationManager] Is configured: True
[2025-08-31 06:01:39Z INFO ConfigurationStore] Read setting file: 392 chars
[2025-08-31 06:01:39Z INFO ConfigurationManager] Settings Loaded
[2025-08-31 06:01:39Z INFO ConfigurationStore] IsServiceConfigured()
[2025-08-31 06:01:39Z INFO ConfigurationStore] IsServiceConfigured: False
[2025-08-31 06:01:39Z INFO CommandSettings] Command 'run': 'True'
[2025-08-31 06:01:39Z INFO ConfigurationStore] IsConfigured()
[2025-08-31 06:01:39Z INFO ConfigurationStore] IsConfigured: True
[2025-08-31 06:01:39Z INFO ConfigurationManager] Is configured: True
[2025-08-31 06:01:39Z INFO Runner] Could not parse the argument value '' for StartupType. Defaulting to Manual
[2025-08-31 06:01:39Z INFO Runner] Set runner startup type - Manual
[2025-08-31 06:01:39Z INFO CommandSettings] Flag 'once': 'False'
[2025-08-31 06:01:39Z INFO CommandSettings] Flag 'once': 'False'
[2025-08-31 06:01:39Z INFO Runner] RunAsync
[2025-08-31 06:01:39Z INFO ConfigurationManager] LoadMigratedSettings
[2025-08-31 06:01:39Z INFO ConfigurationStore] IsMigratedConfigured()
[2025-08-31 06:01:39Z INFO ConfigurationStore] IsMigratedConfigured: True
[2025-08-31 06:01:39Z INFO ConfigurationStore] Read migrated setting file: 392 chars
[2025-08-31 06:01:39Z INFO ConfigurationManager] Migrated Settings Loaded
[2025-08-31 06:01:39Z INFO Runner] Loaded migrated settings from .runner_migrated file
[2025-08-31 06:01:39Z INFO Runner] {
  "AgentId": 2,
  "AgentName": "ip-172-31-22-74",
  "PoolId": 1,
  "PoolName": "Default",
  "ServerUrl": "https://pipelinesghubeus15.actions.githubusercontent.com/oKbhxqVn1LnGpIG6JbP15b5DbbyytFn2WrjBvVjt0TpcCtU7IN/",
  "GitHubUrl": "https://github.com/endrycofr/terraform_aws",
  "WorkFolder": "_work",
  "UseV2Flow": true,
  "ServerUrlV2": "https://broker.actions.githubusercontent.com/"
}
[2025-08-31 06:01:39Z INFO Runner] Attempting to create session using migrated settings
[2025-08-31 06:01:39Z INFO Runner] Using BrokerMessageListener
[2025-08-31 06:01:39Z INFO BrokerMessageListener] Using provided settings
[2025-08-31 06:01:39Z INFO BrokerMessageListener] Using migrated settings from .runner_migrated
[2025-08-31 06:01:39Z INFO BrokerMessageListener] {
  "AgentId": 2,
  "AgentName": "ip-172-31-22-74",
  "PoolId": 1,
  "PoolName": "Default",
  "ServerUrl": "https://pipelinesghubeus15.actions.githubusercontent.com/oKbhxqVn1LnGpIG6JbP15b5DbbyytFn2WrjBvVjt0TpcCtU7IN/",
  "GitHubUrl": "https://github.com/endrycofr/terraform_aws",
  "WorkFolder": "_work",
  "UseV2Flow": true,
  "ServerUrlV2": "https://broker.actions.githubusercontent.com/"
}
[2025-08-31 06:01:39Z INFO BrokerMessageListener] Loading Credentials
[2025-08-31 06:01:39Z INFO ConfigurationStore] HasCredentials()
[2025-08-31 06:01:39Z INFO ConfigurationStore] stored True
[2025-08-31 06:01:39Z INFO CredentialManager] GetCredentialProvider
[2025-08-31 06:01:39Z INFO CredentialManager] Creating type OAuth
[2025-08-31 06:01:39Z INFO CredentialManager] Creating credential type: OAuth
[2025-08-31 06:01:39Z INFO HostContext] Well known directory 'Bin': '/home/ec2-user/environment/aws_automation/actions-runner/bin'
[2025-08-31 06:01:39Z INFO HostContext] Well known directory 'Root': '/home/ec2-user/environment/aws_automation/actions-runner'
[2025-08-31 06:01:39Z INFO HostContext] Well known config file 'RSACredentials': '/home/ec2-user/environment/aws_automation/actions-runner/.credentials_rsaparams'
[2025-08-31 06:01:39Z INFO RSAFileKeyManager] Loading RSA key parameters from file /home/ec2-user/environment/aws_automation/actions-runner/.credentials_rsaparams
[2025-08-31 06:01:39Z INFO BrokerMessageListener] Attempt to create session.
[2025-08-31 06:01:39Z INFO BrokerMessageListener] Connecting to the Broker Server...
[2025-08-31 06:01:39Z INFO ConfigurationStore] HasCredentials()
[2025-08-31 06:01:39Z INFO ConfigurationStore] stored True
[2025-08-31 06:01:39Z INFO CredentialManager] GetCredentialProvider
[2025-08-31 06:01:39Z INFO CredentialManager] Creating type OAuth
[2025-08-31 06:01:39Z INFO CredentialManager] Creating credential type: OAuth
[2025-08-31 06:01:39Z INFO RSAFileKeyManager] Loading RSA key parameters from file /home/ec2-user/environment/aws_automation/actions-runner/.credentials_rsaparams
[2025-08-31 06:01:39Z INFO BrokerMessageListener] VssConnection created
[2025-08-31 06:01:39Z INFO BrokerMessageListener] Connecting to the Runner server...
[2025-08-31 06:01:39Z INFO RunnerServer] EstablishVssConnection
[2025-08-31 06:01:39Z INFO RunnerServer] Establish connection with 100 seconds timeout.
[2025-08-31 06:01:39Z INFO GitHubActionsService] Starting operation Location.GetConnectionData
[2025-08-31 06:01:39Z INFO RunnerServer] EstablishVssConnection
[2025-08-31 06:01:39Z INFO RunnerServer] Establish connection with 60 seconds timeout.
[2025-08-31 06:01:39Z INFO GitHubActionsService] Starting operation Location.GetConnectionData
[2025-08-31 06:01:39Z INFO RunnerServer] EstablishVssConnection
[2025-08-31 06:01:39Z INFO RunnerServer] Establish connection with 60 seconds timeout.
[2025-08-31 06:01:39Z INFO GitHubActionsService] Starting operation Location.GetConnectionData
[2025-08-31 06:01:39Z INFO GitHubActionsService] Finished operation Location.GetConnectionData
[2025-08-31 06:01:39Z INFO GitHubActionsService] Finished operation Location.GetConnectionData
[2025-08-31 06:01:39Z INFO GitHubActionsService] Finished operation Location.GetConnectionData
[2025-08-31 06:01:39Z INFO BrokerMessageListener] VssConnection created
[2025-08-31 06:01:39Z INFO Terminal] WRITE LINE: 
[2025-08-31 06:01:40Z INFO Terminal] WRITE LINE: 
[2025-08-31 06:01:40Z INFO RSAFileKeyManager] Loading RSA key parameters from file /home/ec2-user/environment/aws_automation/actions-runner/.credentials_rsaparams
[2025-08-31 06:01:40Z INFO RSAFileKeyManager] Loading RSA key parameters from file /home/ec2-user/environment/aws_automation/actions-runner/.credentials_rsaparams
[2025-08-31 06:01:40Z INFO GitHubActionsService] AAD Correlation ID for this token request: Unknown
[2025-08-31 06:01:40Z ERR  GitHubActionsService] POST request to https://broker.actions.githubusercontent.com/session failed. HTTP Status: Conflict
[2025-08-31 06:01:40Z ERR  BrokerMessageListener] Catch exception during create session.
[2025-08-31 06:01:40Z ERR  BrokerMessageListener] GitHub.DistributedTask.WebApi.TaskAgentSessionConflictException: Error: Conflict
   at GitHub.Actions.RunService.WebApi.BrokerHttpClient.CreateSessionAsync(TaskAgentSession session, CancellationToken cancellationToken)
   at GitHub.Runner.Common.BrokerServer.CreateSessionAsync(TaskAgentSession session, CancellationToken cancellationToken)
   at GitHub.Runner.Listener.BrokerMessageListener.CreateSessionAsync(CancellationToken token)
[2025-08-31 06:01:40Z WARN BrokerMessageListener] Migrated settings retry 1 of 3
[2025-08-31 06:01:40Z INFO BrokerMessageListener] The session for this runner already exists.
[2025-08-31 06:01:40Z ERR  Terminal] WRITE ERROR: A session for this runner already exists.
[2025-08-31 06:01:40Z INFO BrokerMessageListener] The session conflict exception haven't reached retry limit.
[2025-08-31 06:01:40Z ERR  Terminal] WRITE ERROR: 2025-08-31 06:01:40Z: Runner connect error: Error: Conflict. Retrying until reconnected.
[2025-08-31 06:01:40Z INFO BrokerMessageListener] Sleeping for 30 seconds before retrying.
[2025-08-31 06:02:10Z INFO BrokerMessageListener] Attempt to create session.
[2025-08-31 06:02:10Z INFO BrokerMessageListener] Connecting to the Broker Server...
[2025-08-31 06:02:10Z INFO ConfigurationStore] HasCredentials()
[2025-08-31 06:02:10Z INFO ConfigurationStore] stored True
[2025-08-31 06:02:10Z INFO CredentialManager] GetCredentialProvider
[2025-08-31 06:02:10Z INFO CredentialManager] Creating type OAuth
[2025-08-31 06:02:10Z INFO CredentialManager] Creating credential type: OAuth
[2025-08-31 06:02:10Z INFO RSAFileKeyManager] Loading RSA key parameters from file /home/ec2-user/environment/aws_automation/actions-runner/.credentials_rsaparams
[2025-08-31 06:02:10Z INFO BrokerMessageListener] VssConnection created
[2025-08-31 06:02:10Z INFO BrokerMessageListener] Connecting to the Runner server...
[2025-08-31 06:02:10Z INFO RunnerServer] EstablishVssConnection
[2025-08-31 06:02:10Z INFO RunnerServer] Establish connection with 100 seconds timeout.
[2025-08-31 06:02:10Z INFO GitHubActionsService] Starting operation Location.GetConnectionData
[2025-08-31 06:02:10Z INFO RunnerServer] EstablishVssConnection
[2025-08-31 06:02:10Z INFO RunnerServer] Establish connection with 60 seconds timeout.
[2025-08-31 06:02:10Z INFO GitHubActionsService] Starting operation Location.GetConnectionData
[2025-08-31 06:02:10Z INFO RunnerServer] EstablishVssConnection
[2025-08-31 06:02:10Z INFO RunnerServer] Establish connection with 60 seconds timeout.
[2025-08-31 06:02:10Z INFO GitHubActionsService] Starting operation Location.GetConnectionData
[2025-08-31 06:02:11Z INFO GitHubActionsService] Finished operation Location.GetConnectionData
[2025-08-31 06:02:11Z INFO GitHubActionsService] Finished operation Location.GetConnectionData
[2025-08-31 06:02:11Z INFO GitHubActionsService] Finished operation Location.GetConnectionData
[2025-08-31 06:02:11Z INFO BrokerMessageListener] VssConnection created
[2025-08-31 06:02:11Z INFO Terminal] WRITE LINE: 
[2025-08-31 06:02:11Z INFO Terminal] WRITE LINE: 
[2025-08-31 06:02:11Z INFO RSAFileKeyManager] Loading RSA key parameters from file /home/ec2-user/environment/aws_automation/actions-runner/.credentials_rsaparams
[2025-08-31 06:02:11Z INFO RSAFileKeyManager] Loading RSA key parameters from file /home/ec2-user/environment/aws_automation/actions-runner/.credentials_rsaparams
[2025-08-31 06:02:11Z INFO GitHubActionsService] AAD Correlation ID for this token request: Unknown
[2025-08-31 06:02:11Z ERR  GitHubActionsService] POST request to https://broker.actions.githubusercontent.com/session failed. HTTP Status: Conflict
[2025-08-31 06:02:11Z ERR  BrokerMessageListener] Catch exception during create session.
[2025-08-31 06:02:11Z ERR  BrokerMessageListener] GitHub.DistributedTask.WebApi.TaskAgentSessionConflictException: Error: Conflict
   at GitHub.Actions.RunService.WebApi.BrokerHttpClient.CreateSessionAsync(TaskAgentSession session, CancellationToken cancellationToken)
   at GitHub.Runner.Common.BrokerServer.CreateSessionAsync(TaskAgentSession session, CancellationToken cancellationToken)
   at GitHub.Runner.Listener.BrokerMessageListener.CreateSessionAsync(CancellationToken token)
[2025-08-31 06:02:11Z WARN BrokerMessageListener] Migrated settings retry 2 of 3
[2025-08-31 06:02:11Z INFO BrokerMessageListener] The session for this runner already exists.
[2025-08-31 06:02:11Z ERR  Terminal] WRITE ERROR: A session for this runner already exists.
[2025-08-31 06:02:11Z INFO BrokerMessageListener] The session conflict exception haven't reached retry limit.
[2025-08-31 06:02:11Z INFO BrokerMessageListener] Sleeping for 30 seconds before retrying.
[2025-08-31 06:02:41Z INFO BrokerMessageListener] Attempt to create session.
[2025-08-31 06:02:41Z INFO BrokerMessageListener] Connecting to the Broker Server...
[2025-08-31 06:02:41Z INFO ConfigurationStore] HasCredentials()
[2025-08-31 06:02:41Z INFO ConfigurationStore] stored True
[2025-08-31 06:02:41Z INFO CredentialManager] GetCredentialProvider
[2025-08-31 06:02:41Z INFO CredentialManager] Creating type OAuth
[2025-08-31 06:02:41Z INFO CredentialManager] Creating credential type: OAuth
[2025-08-31 06:02:41Z INFO RSAFileKeyManager] Loading RSA key parameters from file /home/ec2-user/environment/aws_automation/actions-runner/.credentials_rsaparams
[2025-08-31 06:02:41Z INFO BrokerMessageListener] VssConnection created
[2025-08-31 06:02:41Z INFO BrokerMessageListener] Connecting to the Runner server...
[2025-08-31 06:02:41Z INFO RunnerServer] EstablishVssConnection
[2025-08-31 06:02:41Z INFO RunnerServer] Establish connection with 100 seconds timeout.
[2025-08-31 06:02:41Z INFO GitHubActionsService] Starting operation Location.GetConnectionData
[2025-08-31 06:02:41Z INFO RunnerServer] EstablishVssConnection
[2025-08-31 06:02:41Z INFO RunnerServer] Establish connection with 60 seconds timeout.
[2025-08-31 06:02:41Z INFO GitHubActionsService] Starting operation Location.GetConnectionData
[2025-08-31 06:02:41Z INFO RunnerServer] EstablishVssConnection
[2025-08-31 06:02:41Z INFO RunnerServer] Establish connection with 60 seconds timeout.
[2025-08-31 06:02:41Z INFO GitHubActionsService] Starting operation Location.GetConnectionData
[2025-08-31 06:02:42Z INFO GitHubActionsService] Finished operation Location.GetConnectionData
[2025-08-31 06:02:42Z INFO GitHubActionsService] Finished operation Location.GetConnectionData
[2025-08-31 06:02:42Z INFO GitHubActionsService] Finished operation Location.GetConnectionData
[2025-08-31 06:02:42Z INFO BrokerMessageListener] VssConnection created
[2025-08-31 06:02:42Z INFO Terminal] WRITE LINE: 
[2025-08-31 06:02:42Z INFO Terminal] WRITE LINE: 
[2025-08-31 06:02:42Z INFO RSAFileKeyManager] Loading RSA key parameters from file /home/ec2-user/environment/aws_automation/actions-runner/.credentials_rsaparams
[2025-08-31 06:02:42Z INFO RSAFileKeyManager] Loading RSA key parameters from file /home/ec2-user/environment/aws_automation/actions-runner/.credentials_rsaparams
[2025-08-31 06:02:42Z INFO GitHubActionsService] AAD Correlation ID for this token request: Unknown
[2025-08-31 06:02:42Z ERR  GitHubActionsService] POST request to https://broker.actions.githubusercontent.com/session failed. HTTP Status: Conflict
[2025-08-31 06:02:42Z ERR  BrokerMessageListener] Catch exception during create session.
[2025-08-31 06:02:42Z ERR  BrokerMessageListener] GitHub.DistributedTask.WebApi.TaskAgentSessionConflictException: Error: Conflict
   at GitHub.Actions.RunService.WebApi.BrokerHttpClient.CreateSessionAsync(TaskAgentSession session, CancellationToken cancellationToken)
   at GitHub.Runner.Common.BrokerServer.CreateSessionAsync(TaskAgentSession session, CancellationToken cancellationToken)
   at GitHub.Runner.Listener.BrokerMessageListener.CreateSessionAsync(CancellationToken token)
[2025-08-31 06:02:42Z WARN BrokerMessageListener] Migrated settings retry 3 of 3
[2025-08-31 06:02:42Z WARN BrokerMessageListener] Reached maximum retry attempts for migrated settings. Returning failure to try default settings.
[2025-08-31 06:02:42Z WARN Runner] Failed to create session with migrated settings: Failure
[2025-08-31 06:02:42Z INFO Runner] Falling back to original .runner settings
[2025-08-31 06:02:42Z INFO Runner] Using BrokerMessageListener
[2025-08-31 06:02:42Z INFO BrokerMessageListener] Using provided settings
[2025-08-31 06:02:42Z INFO BrokerMessageListener] {
  "AgentId": 2,
  "AgentName": "ip-172-31-22-74",
  "PoolId": 1,
  "PoolName": "Default",
  "ServerUrl": "https://pipelinesghubeus15.actions.githubusercontent.com/oKbhxqVn1LnGpIG6JbP15b5DbbyytFn2WrjBvVjt0TpcCtU7IN/",
  "GitHubUrl": "https://github.com/endrycofr/terraform_aws",
  "WorkFolder": "_work",
  "UseV2Flow": true,
  "ServerUrlV2": "https://broker.actions.githubusercontent.com/"
}
[2025-08-31 06:02:42Z INFO BrokerMessageListener] Loading Credentials
[2025-08-31 06:02:42Z INFO ConfigurationStore] HasCredentials()
[2025-08-31 06:02:42Z INFO ConfigurationStore] stored True
[2025-08-31 06:02:42Z INFO CredentialManager] GetCredentialProvider
[2025-08-31 06:02:42Z INFO CredentialManager] Creating type OAuth
[2025-08-31 06:02:42Z INFO CredentialManager] Creating credential type: OAuth
[2025-08-31 06:02:42Z INFO RSAFileKeyManager] Loading RSA key parameters from file /home/ec2-user/environment/aws_automation/actions-runner/.credentials_rsaparams
[2025-08-31 06:02:42Z INFO BrokerMessageListener] Attempt to create session.
[2025-08-31 06:02:42Z INFO BrokerMessageListener] Connecting to the Broker Server...
[2025-08-31 06:02:42Z INFO ConfigurationStore] HasCredentials()
[2025-08-31 06:02:42Z INFO ConfigurationStore] stored True
[2025-08-31 06:02:42Z INFO CredentialManager] GetCredentialProvider
[2025-08-31 06:02:42Z INFO CredentialManager] Creating type OAuth
[2025-08-31 06:02:42Z INFO CredentialManager] Creating credential type: OAuth
[2025-08-31 06:02:42Z INFO RSAFileKeyManager] Loading RSA key parameters from file /home/ec2-user/environment/aws_automation/actions-runner/.credentials_rsaparams
[2025-08-31 06:02:42Z INFO BrokerMessageListener] VssConnection created
[2025-08-31 06:02:42Z INFO BrokerMessageListener] Connecting to the Runner server...
[2025-08-31 06:02:42Z INFO RunnerServer] EstablishVssConnection
[2025-08-31 06:02:42Z INFO RunnerServer] Establish connection with 100 seconds timeout.
[2025-08-31 06:02:42Z INFO GitHubActionsService] Starting operation Location.GetConnectionData
[2025-08-31 06:02:42Z INFO RunnerServer] EstablishVssConnection
[2025-08-31 06:02:42Z INFO RunnerServer] Establish connection with 60 seconds timeout.
[2025-08-31 06:02:42Z INFO GitHubActionsService] Starting operation Location.GetConnectionData
[2025-08-31 06:02:42Z INFO RunnerServer] EstablishVssConnection
[2025-08-31 06:02:42Z INFO RunnerServer] Establish connection with 60 seconds timeout.
[2025-08-31 06:02:42Z INFO GitHubActionsService] Starting operation Location.GetConnectionData
[2025-08-31 06:02:42Z INFO GitHubActionsService] Finished operation Location.GetConnectionData
[2025-08-31 06:02:42Z INFO GitHubActionsService] Finished operation Location.GetConnectionData
[2025-08-31 06:02:43Z INFO GitHubActionsService] Finished operation Location.GetConnectionData
[2025-08-31 06:02:43Z INFO BrokerMessageListener] VssConnection created
[2025-08-31 06:02:43Z INFO Terminal] WRITE LINE: 
[2025-08-31 06:02:43Z INFO Terminal] WRITE LINE: 
[2025-08-31 06:02:43Z INFO RSAFileKeyManager] Loading RSA key parameters from file /home/ec2-user/environment/aws_automation/actions-runner/.credentials_rsaparams
[2025-08-31 06:02:43Z INFO RSAFileKeyManager] Loading RSA key parameters from file /home/ec2-user/environment/aws_automation/actions-runner/.credentials_rsaparams
[2025-08-31 06:02:43Z INFO GitHubActionsService] AAD Correlation ID for this token request: Unknown
[2025-08-31 06:02:43Z ERR  GitHubActionsService] POST request to https://broker.actions.githubusercontent.com/session failed. HTTP Status: Conflict
[2025-08-31 06:02:43Z ERR  BrokerMessageListener] Catch exception during create session.
[2025-08-31 06:02:43Z ERR  BrokerMessageListener] GitHub.DistributedTask.WebApi.TaskAgentSessionConflictException: Error: Conflict
   at GitHub.Actions.RunService.WebApi.BrokerHttpClient.CreateSessionAsync(TaskAgentSession session, CancellationToken cancellationToken)
   at GitHub.Runner.Common.BrokerServer.CreateSessionAsync(TaskAgentSession session, CancellationToken cancellationToken)
   at GitHub.Runner.Listener.BrokerMessageListener.CreateSessionAsync(CancellationToken token)
[2025-08-31 06:02:43Z INFO BrokerMessageListener] The session for this runner already exists.
[2025-08-31 06:02:43Z ERR  Terminal] WRITE ERROR: A session for this runner already exists.
[2025-08-31 06:02:43Z INFO BrokerMessageListener] The session conflict exception haven't reached retry limit.
[2025-08-31 06:02:43Z ERR  Terminal] WRITE ERROR: 2025-08-31 06:02:43Z: Runner connect error: Error: Conflict. Retrying until reconnected.
[2025-08-31 06:02:43Z INFO BrokerMessageListener] Sleeping for 30 seconds before retrying.
[2025-08-31 06:03:13Z INFO BrokerMessageListener] Attempt to create session.
[2025-08-31 06:03:13Z INFO BrokerMessageListener] Connecting to the Broker Server...
[2025-08-31 06:03:13Z INFO ConfigurationStore] HasCredentials()
[2025-08-31 06:03:13Z INFO ConfigurationStore] stored True
[2025-08-31 06:03:13Z INFO CredentialManager] GetCredentialProvider
[2025-08-31 06:03:13Z INFO CredentialManager] Creating type OAuth
[2025-08-31 06:03:13Z INFO CredentialManager] Creating credential type: OAuth
[2025-08-31 06:03:13Z INFO RSAFileKeyManager] Loading RSA key parameters from file /home/ec2-user/environment/aws_automation/actions-runner/.credentials_rsaparams
[2025-08-31 06:03:13Z INFO BrokerMessageListener] VssConnection created
[2025-08-31 06:03:13Z INFO BrokerMessageListener] Connecting to the Runner server...
[2025-08-31 06:03:13Z INFO RunnerServer] EstablishVssConnection
[2025-08-31 06:03:13Z INFO RunnerServer] Establish connection with 100 seconds timeout.
[2025-08-31 06:03:13Z INFO GitHubActionsService] Starting operation Location.GetConnectionData
[2025-08-31 06:03:13Z INFO RunnerServer] EstablishVssConnection
[2025-08-31 06:03:13Z INFO RunnerServer] Establish connection with 60 seconds timeout.
[2025-08-31 06:03:13Z INFO GitHubActionsService] Starting operation Location.GetConnectionData
[2025-08-31 06:03:13Z INFO RunnerServer] EstablishVssConnection
[2025-08-31 06:03:13Z INFO RunnerServer] Establish connection with 60 seconds timeout.
[2025-08-31 06:03:13Z INFO GitHubActionsService] Starting operation Location.GetConnectionData
[2025-08-31 06:03:13Z INFO GitHubActionsService] Finished operation Location.GetConnectionData
[2025-08-31 06:03:13Z INFO GitHubActionsService] Finished operation Location.GetConnectionData
[2025-08-31 06:03:14Z INFO GitHubActionsService] Finished operation Location.GetConnectionData
[2025-08-31 06:03:14Z INFO BrokerMessageListener] VssConnection created
[2025-08-31 06:03:14Z INFO Terminal] WRITE LINE: 
[2025-08-31 06:03:14Z INFO Terminal] WRITE LINE: 
[2025-08-31 06:03:14Z INFO RSAFileKeyManager] Loading RSA key parameters from file /home/ec2-user/environment/aws_automation/actions-runner/.credentials_rsaparams
[2025-08-31 06:03:14Z INFO RSAFileKeyManager] Loading RSA key parameters from file /home/ec2-user/environment/aws_automation/actions-runner/.credentials_rsaparams
[2025-08-31 06:03:14Z INFO GitHubActionsService] AAD Correlation ID for this token request: Unknown
[2025-08-31 06:03:14Z ERR  GitHubActionsService] POST request to https://broker.actions.githubusercontent.com/session failed. HTTP Status: Conflict
[2025-08-31 06:03:14Z ERR  BrokerMessageListener] Catch exception during create session.
[2025-08-31 06:03:14Z ERR  BrokerMessageListener] GitHub.DistributedTask.WebApi.TaskAgentSessionConflictException: Error: Conflict
   at GitHub.Actions.RunService.WebApi.BrokerHttpClient.CreateSessionAsync(TaskAgentSession session, CancellationToken cancellationToken)
   at GitHub.Runner.Common.BrokerServer.CreateSessionAsync(TaskAgentSession session, CancellationToken cancellationToken)
   at GitHub.Runner.Listener.BrokerMessageListener.CreateSessionAsync(CancellationToken token)
[2025-08-31 06:03:14Z INFO BrokerMessageListener] The session for this runner already exists.
[2025-08-31 06:03:14Z ERR  Terminal] WRITE ERROR: A session for this runner already exists.
[2025-08-31 06:03:14Z INFO BrokerMessageListener] The session conflict exception haven't reached retry limit.
[2025-08-31 06:03:14Z INFO BrokerMessageListener] Sleeping for 30 seconds before retrying.
[2025-08-31 06:03:44Z INFO BrokerMessageListener] Attempt to create session.
[2025-08-31 06:03:44Z INFO BrokerMessageListener] Connecting to the Broker Server...
[2025-08-31 06:03:44Z INFO ConfigurationStore] HasCredentials()
[2025-08-31 06:03:44Z INFO ConfigurationStore] stored True
[2025-08-31 06:03:44Z INFO CredentialManager] GetCredentialProvider
[2025-08-31 06:03:44Z INFO CredentialManager] Creating type OAuth
[2025-08-31 06:03:44Z INFO CredentialManager] Creating credential type: OAuth
[2025-08-31 06:03:44Z INFO RSAFileKeyManager] Loading RSA key parameters from file /home/ec2-user/environment/aws_automation/actions-runner/.credentials_rsaparams
[2025-08-31 06:03:44Z INFO BrokerMessageListener] VssConnection created
[2025-08-31 06:03:44Z INFO BrokerMessageListener] Connecting to the Runner server...
[2025-08-31 06:03:44Z INFO RunnerServer] EstablishVssConnection
[2025-08-31 06:03:44Z INFO RunnerServer] Establish connection with 100 seconds timeout.
[2025-08-31 06:03:44Z INFO GitHubActionsService] Starting operation Location.GetConnectionData
[2025-08-31 06:03:44Z INFO RunnerServer] EstablishVssConnection
[2025-08-31 06:03:44Z INFO RunnerServer] Establish connection with 60 seconds timeout.
[2025-08-31 06:03:44Z INFO GitHubActionsService] Starting operation Location.GetConnectionData
[2025-08-31 06:03:44Z INFO RunnerServer] EstablishVssConnection
[2025-08-31 06:03:44Z INFO RunnerServer] Establish connection with 60 seconds timeout.
[2025-08-31 06:03:44Z INFO GitHubActionsService] Starting operation Location.GetConnectionData
[2025-08-31 06:03:44Z INFO GitHubActionsService] Finished operation Location.GetConnectionData
[2025-08-31 06:03:45Z INFO GitHubActionsService] Finished operation Location.GetConnectionData
[2025-08-31 06:03:45Z INFO GitHubActionsService] Finished operation Location.GetConnectionData
[2025-08-31 06:03:45Z INFO BrokerMessageListener] VssConnection created
[2025-08-31 06:03:45Z INFO Terminal] WRITE LINE: 
[2025-08-31 06:03:45Z INFO Terminal] WRITE LINE: 
[2025-08-31 06:03:45Z INFO RSAFileKeyManager] Loading RSA key parameters from file /home/ec2-user/environment/aws_automation/actions-runner/.credentials_rsaparams
[2025-08-31 06:03:45Z INFO RSAFileKeyManager] Loading RSA key parameters from file /home/ec2-user/environment/aws_automation/actions-runner/.credentials_rsaparams
[2025-08-31 06:03:45Z INFO GitHubActionsService] AAD Correlation ID for this token request: Unknown
[2025-08-31 06:03:45Z ERR  GitHubActionsService] POST request to https://broker.actions.githubusercontent.com/session failed. HTTP Status: Conflict
[2025-08-31 06:03:45Z ERR  BrokerMessageListener] Catch exception during create session.
[2025-08-31 06:03:45Z ERR  BrokerMessageListener] GitHub.DistributedTask.WebApi.TaskAgentSessionConflictException: Error: Conflict
   at GitHub.Actions.RunService.WebApi.BrokerHttpClient.CreateSessionAsync(TaskAgentSession session, CancellationToken cancellationToken)
   at GitHub.Runner.Common.BrokerServer.CreateSessionAsync(TaskAgentSession session, CancellationToken cancellationToken)
   at GitHub.Runner.Listener.BrokerMessageListener.CreateSessionAsync(CancellationToken token)
[2025-08-31 06:03:45Z INFO BrokerMessageListener] The session for this runner already exists.
[2025-08-31 06:03:45Z ERR  Terminal] WRITE ERROR: A session for this runner already exists.
[2025-08-31 06:03:45Z INFO BrokerMessageListener] The session conflict exception haven't reached retry limit.
[2025-08-31 06:03:45Z INFO BrokerMessageListener] Sleeping for 30 seconds before retrying.
[2025-08-31 06:04:15Z INFO BrokerMessageListener] Attempt to create session.
[2025-08-31 06:04:15Z INFO BrokerMessageListener] Connecting to the Broker Server...
[2025-08-31 06:04:15Z INFO ConfigurationStore] HasCredentials()
[2025-08-31 06:04:15Z INFO ConfigurationStore] stored True
[2025-08-31 06:04:15Z INFO CredentialManager] GetCredentialProvider
[2025-08-31 06:04:15Z INFO CredentialManager] Creating type OAuth
[2025-08-31 06:04:15Z INFO CredentialManager] Creating credential type: OAuth
[2025-08-31 06:04:15Z INFO RSAFileKeyManager] Loading RSA key parameters from file /home/ec2-user/environment/aws_automation/actions-runner/.credentials_rsaparams
[2025-08-31 06:04:15Z INFO BrokerMessageListener] VssConnection created
[2025-08-31 06:04:15Z INFO BrokerMessageListener] Connecting to the Runner server...
[2025-08-31 06:04:15Z INFO RunnerServer] EstablishVssConnection
[2025-08-31 06:04:15Z INFO RunnerServer] Establish connection with 100 seconds timeout.
[2025-08-31 06:04:15Z INFO GitHubActionsService] Starting operation Location.GetConnectionData
[2025-08-31 06:04:15Z INFO RunnerServer] EstablishVssConnection
[2025-08-31 06:04:15Z INFO RunnerServer] Establish connection with 60 seconds timeout.
[2025-08-31 06:04:15Z INFO GitHubActionsService] Starting operation Location.GetConnectionData
[2025-08-31 06:04:15Z INFO RunnerServer] EstablishVssConnection
[2025-08-31 06:04:15Z INFO RunnerServer] Establish connection with 60 seconds timeout.
[2025-08-31 06:04:15Z INFO GitHubActionsService] Starting operation Location.GetConnectionData
[2025-08-31 06:04:15Z INFO GitHubActionsService] Finished operation Location.GetConnectionData
[2025-08-31 06:04:16Z INFO GitHubActionsService] Finished operation Location.GetConnectionData
[2025-08-31 06:04:16Z INFO GitHubActionsService] Finished operation Location.GetConnectionData
[2025-08-31 06:04:16Z INFO BrokerMessageListener] VssConnection created
[2025-08-31 06:04:16Z INFO Terminal] WRITE LINE: 
[2025-08-31 06:04:16Z ERR  BrokerMessageListener] Catch exception during create session.
[2025-08-31 06:04:16Z ERR  BrokerMessageListener] System.IO.IOException: Input/output error
   at System.ConsolePal.Write(SafeFileHandle fd, ReadOnlySpan`1 buffer, Boolean mayChangeCursorPosition)
   at System.IO.StreamWriter.Flush(Boolean flushStream, Boolean flushEncoder)
   at System.IO.StreamWriter.WriteLine(String value)
   at System.IO.TextWriter.SyncTextWriter.WriteLine(String value)
   at System.Console.WriteLine(String value)
   at GitHub.Runner.Common.Terminal.WriteLine(String line, Nullable`1 colorCode, Boolean skipTracing)
   at GitHub.Runner.Common.Terminal.WriteLine()
   at GitHub.Runner.Listener.BrokerMessageListener.CreateSessionAsync(CancellationToken token)
[2025-08-31 06:04:16Z INFO BrokerMessageListener] Retriable exception: Input/output error
[2025-08-31 06:04:16Z INFO BrokerMessageListener] Sleeping for 30 seconds before retrying.
[2025-08-31 06:04:46Z INFO BrokerMessageListener] Attempt to create session.
[2025-08-31 06:04:46Z INFO BrokerMessageListener] Connecting to the Broker Server...
[2025-08-31 06:04:46Z INFO ConfigurationStore] HasCredentials()
[2025-08-31 06:04:46Z INFO ConfigurationStore] stored True
[2025-08-31 06:04:46Z INFO CredentialManager] GetCredentialProvider
[2025-08-31 06:04:46Z INFO CredentialManager] Creating type OAuth
[2025-08-31 06:04:46Z INFO CredentialManager] Creating credential type: OAuth
[2025-08-31 06:04:46Z INFO RSAFileKeyManager] Loading RSA key parameters from file /home/ec2-user/environment/aws_automation/actions-runner/.credentials_rsaparams
[2025-08-31 06:04:46Z INFO BrokerMessageListener] VssConnection created
[2025-08-31 06:04:46Z INFO BrokerMessageListener] Connecting to the Runner server...
[2025-08-31 06:04:46Z INFO RunnerServer] EstablishVssConnection
[2025-08-31 06:04:46Z INFO RunnerServer] Establish connection with 100 seconds timeout.
[2025-08-31 06:04:46Z INFO GitHubActionsService] Starting operation Location.GetConnectionData
[2025-08-31 06:04:46Z INFO RunnerServer] EstablishVssConnection
[2025-08-31 06:04:46Z INFO RunnerServer] Establish connection with 60 seconds timeout.
[2025-08-31 06:04:46Z INFO GitHubActionsService] Starting operation Location.GetConnectionData
[2025-08-31 06:04:46Z INFO RunnerServer] EstablishVssConnection
[2025-08-31 06:04:46Z INFO RunnerServer] Establish connection with 60 seconds timeout.
[2025-08-31 06:04:46Z INFO GitHubActionsService] Starting operation Location.GetConnectionData
[2025-08-31 06:04:46Z INFO GitHubActionsService] Finished operation Location.GetConnectionData
[2025-08-31 06:04:46Z INFO GitHubActionsService] Finished operation Location.GetConnectionData
[2025-08-31 06:04:46Z INFO GitHubActionsService] Finished operation Location.GetConnectionData
[2025-08-31 06:04:46Z INFO BrokerMessageListener] VssConnection created
[2025-08-31 06:04:46Z INFO Terminal] WRITE LINE: 
[2025-08-31 06:04:46Z ERR  BrokerMessageListener] Catch exception during create session.
[2025-08-31 06:04:46Z ERR  BrokerMessageListener] System.IO.IOException: Input/output error
   at System.ConsolePal.Write(SafeFileHandle fd, ReadOnlySpan`1 buffer, Boolean mayChangeCursorPosition)
   at System.IO.StreamWriter.Flush(Boolean flushStream, Boolean flushEncoder)
   at System.IO.StreamWriter.WriteLine(String value)
   at System.IO.TextWriter.SyncTextWriter.WriteLine(String value)
   at System.Console.WriteLine(String value)
   at GitHub.Runner.Common.Terminal.WriteLine(String line, Nullable`1 colorCode, Boolean skipTracing)
   at GitHub.Runner.Common.Terminal.WriteLine()
   at GitHub.Runner.Listener.BrokerMessageListener.CreateSessionAsync(CancellationToken token)
[2025-08-31 06:04:46Z INFO BrokerMessageListener] Retriable exception: Input/output error
[2025-08-31 06:04:46Z INFO BrokerMessageListener] Sleeping for 30 seconds before retrying.
[2025-08-31 06:05:16Z INFO BrokerMessageListener] Attempt to create session.
[2025-08-31 06:05:16Z INFO BrokerMessageListener] Connecting to the Broker Server...
[2025-08-31 06:05:16Z INFO ConfigurationStore] HasCredentials()
[2025-08-31 06:05:16Z INFO ConfigurationStore] stored True
[2025-08-31 06:05:16Z INFO CredentialManager] GetCredentialProvider
[2025-08-31 06:05:16Z INFO CredentialManager] Creating type OAuth
[2025-08-31 06:05:16Z INFO CredentialManager] Creating credential type: OAuth
[2025-08-31 06:05:16Z INFO RSAFileKeyManager] Loading RSA key parameters from file /home/ec2-user/environment/aws_automation/actions-runner/.credentials_rsaparams
[2025-08-31 06:05:16Z INFO BrokerMessageListener] VssConnection created
[2025-08-31 06:05:16Z INFO BrokerMessageListener] Connecting to the Runner server...
[2025-08-31 06:05:16Z INFO RunnerServer] EstablishVssConnection
[2025-08-31 06:05:16Z INFO RunnerServer] Establish connection with 100 seconds timeout.
[2025-08-31 06:05:16Z INFO GitHubActionsService] Starting operation Location.GetConnectionData
[2025-08-31 06:05:16Z INFO RunnerServer] EstablishVssConnection
[2025-08-31 06:05:16Z INFO RunnerServer] Establish connection with 60 seconds timeout.
[2025-08-31 06:05:16Z INFO GitHubActionsService] Starting operation Location.GetConnectionData
[2025-08-31 06:05:16Z INFO RunnerServer] EstablishVssConnection
[2025-08-31 06:05:16Z INFO RunnerServer] Establish connection with 60 seconds timeout.
[2025-08-31 06:05:16Z INFO GitHubActionsService] Starting operation Location.GetConnectionData
[2025-08-31 06:05:16Z INFO GitHubActionsService] Finished operation Location.GetConnectionData
[2025-08-31 06:05:16Z INFO GitHubActionsService] Finished operation Location.GetConnectionData
[2025-08-31 06:05:16Z INFO GitHubActionsService] Finished operation Location.GetConnectionData
[2025-08-31 06:05:16Z INFO BrokerMessageListener] VssConnection created
[2025-08-31 06:05:16Z INFO Terminal] WRITE LINE: 
[2025-08-31 06:05:16Z ERR  BrokerMessageListener] Catch exception during create session.
[2025-08-31 06:05:16Z ERR  BrokerMessageListener] System.IO.IOException: Input/output error
   at System.ConsolePal.Write(SafeFileHandle fd, ReadOnlySpan`1 buffer, Boolean mayChangeCursorPosition)
   at System.IO.StreamWriter.Flush(Boolean flushStream, Boolean flushEncoder)
   at System.IO.StreamWriter.WriteLine(String value)
   at System.IO.TextWriter.SyncTextWriter.WriteLine(String value)
   at System.Console.WriteLine(String value)
   at GitHub.Runner.Common.Terminal.WriteLine(String line, Nullable`1 colorCode, Boolean skipTracing)
   at GitHub.Runner.Common.Terminal.WriteLine()
   at GitHub.Runner.Listener.BrokerMessageListener.CreateSessionAsync(CancellationToken token)
[2025-08-31 06:05:16Z INFO BrokerMessageListener] Retriable exception: Input/output error
[2025-08-31 06:05:16Z INFO BrokerMessageListener] Sleeping for 30 seconds before retrying.
[2025-08-31 06:05:46Z INFO BrokerMessageListener] Attempt to create session.
[2025-08-31 06:05:46Z INFO BrokerMessageListener] Connecting to the Broker Server...
[2025-08-31 06:05:46Z INFO ConfigurationStore] HasCredentials()
[2025-08-31 06:05:46Z INFO ConfigurationStore] stored True
[2025-08-31 06:05:46Z INFO CredentialManager] GetCredentialProvider
[2025-08-31 06:05:46Z INFO CredentialManager] Creating type OAuth
[2025-08-31 06:05:46Z INFO CredentialManager] Creating credential type: OAuth
[2025-08-31 06:05:46Z INFO RSAFileKeyManager] Loading RSA key parameters from file /home/ec2-user/environment/aws_automation/actions-runner/.credentials_rsaparams
[2025-08-31 06:05:46Z INFO BrokerMessageListener] VssConnection created
[2025-08-31 06:05:46Z INFO BrokerMessageListener] Connecting to the Runner server...
[2025-08-31 06:05:46Z INFO RunnerServer] EstablishVssConnection
[2025-08-31 06:05:46Z INFO RunnerServer] Establish connection with 100 seconds timeout.
[2025-08-31 06:05:46Z INFO GitHubActionsService] Starting operation Location.GetConnectionData
[2025-08-31 06:05:46Z INFO RunnerServer] EstablishVssConnection
[2025-08-31 06:05:46Z INFO RunnerServer] Establish connection with 60 seconds timeout.
[2025-08-31 06:05:46Z INFO GitHubActionsService] Starting operation Location.GetConnectionData
[2025-08-31 06:05:46Z INFO RunnerServer] EstablishVssConnection
[2025-08-31 06:05:46Z INFO RunnerServer] Establish connection with 60 seconds timeout.
[2025-08-31 06:05:46Z INFO GitHubActionsService] Starting operation Location.GetConnectionData
[2025-08-31 06:05:47Z INFO GitHubActionsService] Finished operation Location.GetConnectionData
[2025-08-31 06:05:47Z INFO GitHubActionsService] Finished operation Location.GetConnectionData
[2025-08-31 06:05:47Z INFO GitHubActionsService] Finished operation Location.GetConnectionData
[2025-08-31 06:05:47Z INFO BrokerMessageListener] VssConnection created
[2025-08-31 06:05:47Z INFO Terminal] WRITE LINE: 
[2025-08-31 06:05:47Z ERR  BrokerMessageListener] Catch exception during create session.
[2025-08-31 06:05:47Z ERR  BrokerMessageListener] System.IO.IOException: Input/output error
   at System.ConsolePal.Write(SafeFileHandle fd, ReadOnlySpan`1 buffer, Boolean mayChangeCursorPosition)
   at System.IO.StreamWriter.Flush(Boolean flushStream, Boolean flushEncoder)
   at System.IO.StreamWriter.WriteLine(String value)
   at System.IO.TextWriter.SyncTextWriter.WriteLine(String value)
   at System.Console.WriteLine(String value)
   at GitHub.Runner.Common.Terminal.WriteLine(String line, Nullable`1 colorCode, Boolean skipTracing)
   at GitHub.Runner.Common.Terminal.WriteLine()
   at GitHub.Runner.Listener.BrokerMessageListener.CreateSessionAsync(CancellationToken token)
[2025-08-31 06:05:47Z INFO BrokerMessageListener] Retriable exception: Input/output error
[2025-08-31 06:05:47Z INFO BrokerMessageListener] Sleeping for 30 seconds before retrying.
[2025-08-31 06:06:17Z INFO BrokerMessageListener] Attempt to create session.
[2025-08-31 06:06:17Z INFO BrokerMessageListener] Connecting to the Broker Server...
[2025-08-31 06:06:17Z INFO ConfigurationStore] HasCredentials()
[2025-08-31 06:06:17Z INFO ConfigurationStore] stored True
[2025-08-31 06:06:17Z INFO CredentialManager] GetCredentialProvider
[2025-08-31 06:06:17Z INFO CredentialManager] Creating type OAuth
[2025-08-31 06:06:17Z INFO CredentialManager] Creating credential type: OAuth
[2025-08-31 06:06:17Z INFO RSAFileKeyManager] Loading RSA key parameters from file /home/ec2-user/environment/aws_automation/actions-runner/.credentials_rsaparams
[2025-08-31 06:06:17Z INFO BrokerMessageListener] VssConnection created
[2025-08-31 06:06:17Z INFO BrokerMessageListener] Connecting to the Runner server...
[2025-08-31 06:06:17Z INFO RunnerServer] EstablishVssConnection
[2025-08-31 06:06:17Z INFO RunnerServer] Establish connection with 100 seconds timeout.
[2025-08-31 06:06:17Z INFO GitHubActionsService] Starting operation Location.GetConnectionData
[2025-08-31 06:06:17Z INFO RunnerServer] EstablishVssConnection
[2025-08-31 06:06:17Z INFO RunnerServer] Establish connection with 60 seconds timeout.
[2025-08-31 06:06:17Z INFO GitHubActionsService] Starting operation Location.GetConnectionData
[2025-08-31 06:06:17Z INFO RunnerServer] EstablishVssConnection
[2025-08-31 06:06:17Z INFO RunnerServer] Establish connection with 60 seconds timeout.
[2025-08-31 06:06:17Z INFO GitHubActionsService] Starting operation Location.GetConnectionData
[2025-08-31 06:06:17Z INFO GitHubActionsService] Finished operation Location.GetConnectionData
[2025-08-31 06:06:17Z INFO GitHubActionsService] Finished operation Location.GetConnectionData
[2025-08-31 06:06:17Z INFO GitHubActionsService] Finished operation Location.GetConnectionData
[2025-08-31 06:06:17Z INFO BrokerMessageListener] VssConnection created
[2025-08-31 06:06:17Z INFO Terminal] WRITE LINE: 
[2025-08-31 06:06:17Z ERR  BrokerMessageListener] Catch exception during create session.
[2025-08-31 06:06:17Z ERR  BrokerMessageListener] System.IO.IOException: Input/output error
   at System.ConsolePal.Write(SafeFileHandle fd, ReadOnlySpan`1 buffer, Boolean mayChangeCursorPosition)
   at System.IO.StreamWriter.Flush(Boolean flushStream, Boolean flushEncoder)
   at System.IO.StreamWriter.WriteLine(String value)
   at System.IO.TextWriter.SyncTextWriter.WriteLine(String value)
   at System.Console.WriteLine(String value)
   at GitHub.Runner.Common.Terminal.WriteLine(String line, Nullable`1 colorCode, Boolean skipTracing)
   at GitHub.Runner.Common.Terminal.WriteLine()
   at GitHub.Runner.Listener.BrokerMessageListener.CreateSessionAsync(CancellationToken token)
[2025-08-31 06:06:17Z INFO BrokerMessageListener] Retriable exception: Input/output error
[2025-08-31 06:06:17Z INFO BrokerMessageListener] Sleeping for 30 seconds before retrying.
[2025-08-31 06:06:47Z INFO BrokerMessageListener] Attempt to create session.
[2025-08-31 06:06:47Z INFO BrokerMessageListener] Connecting to the Broker Server...
[2025-08-31 06:06:47Z INFO ConfigurationStore] HasCredentials()
[2025-08-31 06:06:47Z INFO ConfigurationStore] stored True
[2025-08-31 06:06:47Z INFO CredentialManager] GetCredentialProvider
[2025-08-31 06:06:47Z INFO CredentialManager] Creating type OAuth
[2025-08-31 06:06:47Z INFO CredentialManager] Creating credential type: OAuth
[2025-08-31 06:06:47Z INFO RSAFileKeyManager] Loading RSA key parameters from file /home/ec2-user/environment/aws_automation/actions-runner/.credentials_rsaparams
[2025-08-31 06:06:47Z INFO BrokerMessageListener] VssConnection created
[2025-08-31 06:06:47Z INFO BrokerMessageListener] Connecting to the Runner server...
[2025-08-31 06:06:47Z INFO RunnerServer] EstablishVssConnection
[2025-08-31 06:06:47Z INFO RunnerServer] Establish connection with 100 seconds timeout.
[2025-08-31 06:06:47Z INFO GitHubActionsService] Starting operation Location.GetConnectionData
[2025-08-31 06:06:47Z INFO RunnerServer] EstablishVssConnection
[2025-08-31 06:06:47Z INFO RunnerServer] Establish connection with 60 seconds timeout.
[2025-08-31 06:06:47Z INFO GitHubActionsService] Starting operation Location.GetConnectionData
[2025-08-31 06:06:47Z INFO RunnerServer] EstablishVssConnection
[2025-08-31 06:06:47Z INFO RunnerServer] Establish connection with 60 seconds timeout.
[2025-08-31 06:06:47Z INFO GitHubActionsService] Starting operation Location.GetConnectionData
[2025-08-31 06:06:47Z INFO GitHubActionsService] Finished operation Location.GetConnectionData
[2025-08-31 06:06:47Z INFO GitHubActionsService] Finished operation Location.GetConnectionData
[2025-08-31 06:06:47Z INFO GitHubActionsService] Finished operation Location.GetConnectionData
[2025-08-31 06:06:47Z INFO BrokerMessageListener] VssConnection created
[2025-08-31 06:06:47Z INFO Terminal] WRITE LINE: 
[2025-08-31 06:06:47Z ERR  BrokerMessageListener] Catch exception during create session.
[2025-08-31 06:06:47Z ERR  BrokerMessageListener] System.IO.IOException: Input/output error
   at System.ConsolePal.Write(SafeFileHandle fd, ReadOnlySpan`1 buffer, Boolean mayChangeCursorPosition)
   at System.IO.StreamWriter.Flush(Boolean flushStream, Boolean flushEncoder)
   at System.IO.StreamWriter.WriteLine(String value)
   at System.IO.TextWriter.SyncTextWriter.WriteLine(String value)
   at System.Console.WriteLine(String value)
   at GitHub.Runner.Common.Terminal.WriteLine(String line, Nullable`1 colorCode, Boolean skipTracing)
   at GitHub.Runner.Common.Terminal.WriteLine()
   at GitHub.Runner.Listener.BrokerMessageListener.CreateSessionAsync(CancellationToken token)
[2025-08-31 06:06:47Z INFO BrokerMessageListener] Retriable exception: Input/output error
[2025-08-31 06:06:47Z INFO BrokerMessageListener] Sleeping for 30 seconds before retrying.
[2025-08-31 06:07:17Z INFO BrokerMessageListener] Attempt to create session.
[2025-08-31 06:07:17Z INFO BrokerMessageListener] Connecting to the Broker Server...
[2025-08-31 06:07:17Z INFO ConfigurationStore] HasCredentials()
[2025-08-31 06:07:17Z INFO ConfigurationStore] stored True
[2025-08-31 06:07:17Z INFO CredentialManager] GetCredentialProvider
[2025-08-31 06:07:17Z INFO CredentialManager] Creating type OAuth
[2025-08-31 06:07:17Z INFO CredentialManager] Creating credential type: OAuth
[2025-08-31 06:07:17Z INFO RSAFileKeyManager] Loading RSA key parameters from file /home/ec2-user/environment/aws_automation/actions-runner/.credentials_rsaparams
[2025-08-31 06:07:17Z INFO BrokerMessageListener] VssConnection created
[2025-08-31 06:07:17Z INFO BrokerMessageListener] Connecting to the Runner server...
[2025-08-31 06:07:17Z INFO RunnerServer] EstablishVssConnection
[2025-08-31 06:07:17Z INFO RunnerServer] Establish connection with 100 seconds timeout.
[2025-08-31 06:07:17Z INFO GitHubActionsService] Starting operation Location.GetConnectionData
[2025-08-31 06:07:17Z INFO RunnerServer] EstablishVssConnection
[2025-08-31 06:07:17Z INFO RunnerServer] Establish connection with 60 seconds timeout.
[2025-08-31 06:07:17Z INFO GitHubActionsService] Starting operation Location.GetConnectionData
[2025-08-31 06:07:17Z INFO RunnerServer] EstablishVssConnection
[2025-08-31 06:07:17Z INFO RunnerServer] Establish connection with 60 seconds timeout.
[2025-08-31 06:07:17Z INFO GitHubActionsService] Starting operation Location.GetConnectionData
[2025-08-31 06:07:18Z INFO GitHubActionsService] Finished operation Location.GetConnectionData
[2025-08-31 06:07:18Z INFO GitHubActionsService] Finished operation Location.GetConnectionData
[2025-08-31 06:07:18Z INFO GitHubActionsService] Finished operation Location.GetConnectionData
[2025-08-31 06:07:18Z INFO BrokerMessageListener] VssConnection created
[2025-08-31 06:07:18Z INFO Terminal] WRITE LINE: 
[2025-08-31 06:07:18Z ERR  BrokerMessageListener] Catch exception during create session.
[2025-08-31 06:07:18Z ERR  BrokerMessageListener] System.IO.IOException: Input/output error
   at System.ConsolePal.Write(SafeFileHandle fd, ReadOnlySpan`1 buffer, Boolean mayChangeCursorPosition)
   at System.IO.StreamWriter.Flush(Boolean flushStream, Boolean flushEncoder)
   at System.IO.StreamWriter.WriteLine(String value)
   at System.IO.TextWriter.SyncTextWriter.WriteLine(String value)
   at System.Console.WriteLine(String value)
   at GitHub.Runner.Common.Terminal.WriteLine(String line, Nullable`1 colorCode, Boolean skipTracing)
   at GitHub.Runner.Common.Terminal.WriteLine()
   at GitHub.Runner.Listener.BrokerMessageListener.CreateSessionAsync(CancellationToken token)
[2025-08-31 06:07:18Z INFO BrokerMessageListener] Retriable exception: Input/output error
[2025-08-31 06:07:18Z INFO BrokerMessageListener] Sleeping for 30 seconds before retrying.
[2025-08-31 06:07:48Z INFO BrokerMessageListener] Attempt to create session.
[2025-08-31 06:07:48Z INFO BrokerMessageListener] Connecting to the Broker Server...
[2025-08-31 06:07:48Z INFO ConfigurationStore] HasCredentials()
[2025-08-31 06:07:48Z INFO ConfigurationStore] stored True
[2025-08-31 06:07:48Z INFO CredentialManager] GetCredentialProvider
[2025-08-31 06:07:48Z INFO CredentialManager] Creating type OAuth
[2025-08-31 06:07:48Z INFO CredentialManager] Creating credential type: OAuth
[2025-08-31 06:07:48Z INFO RSAFileKeyManager] Loading RSA key parameters from file /home/ec2-user/environment/aws_automation/actions-runner/.credentials_rsaparams
[2025-08-31 06:07:48Z INFO BrokerMessageListener] VssConnection created
[2025-08-31 06:07:48Z INFO BrokerMessageListener] Connecting to the Runner server...
[2025-08-31 06:07:48Z INFO RunnerServer] EstablishVssConnection
[2025-08-31 06:07:48Z INFO RunnerServer] Establish connection with 100 seconds timeout.
[2025-08-31 06:07:48Z INFO GitHubActionsService] Starting operation Location.GetConnectionData
[2025-08-31 06:07:48Z INFO RunnerServer] EstablishVssConnection
[2025-08-31 06:07:48Z INFO RunnerServer] Establish connection with 60 seconds timeout.
[2025-08-31 06:07:48Z INFO GitHubActionsService] Starting operation Location.GetConnectionData
[2025-08-31 06:07:48Z INFO RunnerServer] EstablishVssConnection
[2025-08-31 06:07:48Z INFO RunnerServer] Establish connection with 60 seconds timeout.
[2025-08-31 06:07:48Z INFO GitHubActionsService] Starting operation Location.GetConnectionData
[2025-08-31 06:07:48Z INFO GitHubActionsService] Finished operation Location.GetConnectionData
[2025-08-31 06:07:48Z INFO GitHubActionsService] Finished operation Location.GetConnectionData
[2025-08-31 06:07:48Z INFO GitHubActionsService] Finished operation Location.GetConnectionData
[2025-08-31 06:07:48Z INFO BrokerMessageListener] VssConnection created
[2025-08-31 06:07:48Z INFO Terminal] WRITE LINE: 
[2025-08-31 06:07:48Z ERR  BrokerMessageListener] Catch exception during create session.
[2025-08-31 06:07:48Z ERR  BrokerMessageListener] System.IO.IOException: Input/output error
   at System.ConsolePal.Write(SafeFileHandle fd, ReadOnlySpan`1 buffer, Boolean mayChangeCursorPosition)
   at System.IO.StreamWriter.Flush(Boolean flushStream, Boolean flushEncoder)
   at System.IO.StreamWriter.WriteLine(String value)
   at System.IO.TextWriter.SyncTextWriter.WriteLine(String value)
   at System.Console.WriteLine(String value)
   at GitHub.Runner.Common.Terminal.WriteLine(String line, Nullable`1 colorCode, Boolean skipTracing)
   at GitHub.Runner.Common.Terminal.WriteLine()
   at GitHub.Runner.Listener.BrokerMessageListener.CreateSessionAsync(CancellationToken token)
[2025-08-31 06:07:48Z INFO BrokerMessageListener] Retriable exception: Input/output error
[2025-08-31 06:07:48Z INFO BrokerMessageListener] Sleeping for 30 seconds before retrying.
[2025-08-31 06:08:18Z INFO BrokerMessageListener] Attempt to create session.
[2025-08-31 06:08:18Z INFO BrokerMessageListener] Connecting to the Broker Server...
[2025-08-31 06:08:18Z INFO ConfigurationStore] HasCredentials()
[2025-08-31 06:08:18Z INFO ConfigurationStore] stored True
[2025-08-31 06:08:18Z INFO CredentialManager] GetCredentialProvider
[2025-08-31 06:08:18Z INFO CredentialManager] Creating type OAuth
[2025-08-31 06:08:18Z INFO CredentialManager] Creating credential type: OAuth
[2025-08-31 06:08:18Z INFO RSAFileKeyManager] Loading RSA key parameters from file /home/ec2-user/environment/aws_automation/actions-runner/.credentials_rsaparams
[2025-08-31 06:08:18Z INFO BrokerMessageListener] VssConnection created
[2025-08-31 06:08:18Z INFO BrokerMessageListener] Connecting to the Runner server...
[2025-08-31 06:08:18Z INFO RunnerServer] EstablishVssConnection
[2025-08-31 06:08:18Z INFO RunnerServer] Establish connection with 100 seconds timeout.
[2025-08-31 06:08:18Z INFO GitHubActionsService] Starting operation Location.GetConnectionData
[2025-08-31 06:08:18Z INFO RunnerServer] EstablishVssConnection
[2025-08-31 06:08:18Z INFO RunnerServer] Establish connection with 60 seconds timeout.
[2025-08-31 06:08:18Z INFO GitHubActionsService] Starting operation Location.GetConnectionData
[2025-08-31 06:08:18Z INFO RunnerServer] EstablishVssConnection
[2025-08-31 06:08:18Z INFO RunnerServer] Establish connection with 60 seconds timeout.
[2025-08-31 06:08:18Z INFO GitHubActionsService] Starting operation Location.GetConnectionData
[2025-08-31 06:08:18Z INFO GitHubActionsService] Finished operation Location.GetConnectionData
[2025-08-31 06:08:18Z INFO GitHubActionsService] Finished operation Location.GetConnectionData
[2025-08-31 06:08:18Z INFO GitHubActionsService] Finished operation Location.GetConnectionData
[2025-08-31 06:08:18Z INFO BrokerMessageListener] VssConnection created
[2025-08-31 06:08:18Z INFO Terminal] WRITE LINE: 
[2025-08-31 06:08:18Z ERR  BrokerMessageListener] Catch exception during create session.
[2025-08-31 06:08:18Z ERR  BrokerMessageListener] System.IO.IOException: Input/output error
   at System.ConsolePal.Write(SafeFileHandle fd, ReadOnlySpan`1 buffer, Boolean mayChangeCursorPosition)
   at System.IO.StreamWriter.Flush(Boolean flushStream, Boolean flushEncoder)
   at System.IO.StreamWriter.WriteLine(String value)
   at System.IO.TextWriter.SyncTextWriter.WriteLine(String value)
   at System.Console.WriteLine(String value)
   at GitHub.Runner.Common.Terminal.WriteLine(String line, Nullable`1 colorCode, Boolean skipTracing)
   at GitHub.Runner.Common.Terminal.WriteLine()
   at GitHub.Runner.Listener.BrokerMessageListener.CreateSessionAsync(CancellationToken token)
[2025-08-31 06:08:18Z INFO BrokerMessageListener] Retriable exception: Input/output error
[2025-08-31 06:08:18Z INFO BrokerMessageListener] Sleeping for 30 seconds before retrying.
[2025-08-31 06:08:48Z INFO BrokerMessageListener] Attempt to create session.
[2025-08-31 06:08:48Z INFO BrokerMessageListener] Connecting to the Broker Server...
[2025-08-31 06:08:48Z INFO ConfigurationStore] HasCredentials()
[2025-08-31 06:08:48Z INFO ConfigurationStore] stored True
[2025-08-31 06:08:48Z INFO CredentialManager] GetCredentialProvider
[2025-08-31 06:08:48Z INFO CredentialManager] Creating type OAuth
[2025-08-31 06:08:48Z INFO CredentialManager] Creating credential type: OAuth
[2025-08-31 06:08:48Z INFO RSAFileKeyManager] Loading RSA key parameters from file /home/ec2-user/environment/aws_automation/actions-runner/.credentials_rsaparams
[2025-08-31 06:08:48Z INFO BrokerMessageListener] VssConnection created
[2025-08-31 06:08:48Z INFO BrokerMessageListener] Connecting to the Runner server...
[2025-08-31 06:08:48Z INFO RunnerServer] EstablishVssConnection
[2025-08-31 06:08:48Z INFO RunnerServer] Establish connection with 100 seconds timeout.
[2025-08-31 06:08:48Z INFO GitHubActionsService] Starting operation Location.GetConnectionData
[2025-08-31 06:08:48Z INFO RunnerServer] EstablishVssConnection
[2025-08-31 06:08:48Z INFO RunnerServer] Establish connection with 60 seconds timeout.
[2025-08-31 06:08:48Z INFO GitHubActionsService] Starting operation Location.GetConnectionData
[2025-08-31 06:08:48Z INFO RunnerServer] EstablishVssConnection
[2025-08-31 06:08:48Z INFO RunnerServer] Establish connection with 60 seconds timeout.
[2025-08-31 06:08:48Z INFO GitHubActionsService] Starting operation Location.GetConnectionData
[2025-08-31 06:08:49Z INFO GitHubActionsService] Finished operation Location.GetConnectionData
[2025-08-31 06:08:49Z INFO GitHubActionsService] Finished operation Location.GetConnectionData
[2025-08-31 06:08:49Z INFO GitHubActionsService] Finished operation Location.GetConnectionData
[2025-08-31 06:08:49Z INFO BrokerMessageListener] VssConnection created
[2025-08-31 06:08:49Z INFO Terminal] WRITE LINE: 
[2025-08-31 06:08:49Z ERR  BrokerMessageListener] Catch exception during create session.
[2025-08-31 06:08:49Z ERR  BrokerMessageListener] System.IO.IOException: Input/output error
   at System.ConsolePal.Write(SafeFileHandle fd, ReadOnlySpan`1 buffer, Boolean mayChangeCursorPosition)
   at System.IO.StreamWriter.Flush(Boolean flushStream, Boolean flushEncoder)
   at System.IO.StreamWriter.WriteLine(String value)
   at System.IO.TextWriter.SyncTextWriter.WriteLine(String value)
   at System.Console.WriteLine(String value)
   at GitHub.Runner.Common.Terminal.WriteLine(String line, Nullable`1 colorCode, Boolean skipTracing)
   at GitHub.Runner.Common.Terminal.WriteLine()
   at GitHub.Runner.Listener.BrokerMessageListener.CreateSessionAsync(CancellationToken token)
[2025-08-31 06:08:49Z INFO BrokerMessageListener] Retriable exception: Input/output error
[2025-08-31 06:08:49Z INFO BrokerMessageListener] Sleeping for 30 seconds before retrying.
[2025-08-31 06:09:19Z INFO BrokerMessageListener] Attempt to create session.
[2025-08-31 06:09:19Z INFO BrokerMessageListener] Connecting to the Broker Server...
[2025-08-31 06:09:19Z INFO ConfigurationStore] HasCredentials()
[2025-08-31 06:09:19Z INFO ConfigurationStore] stored True
[2025-08-31 06:09:19Z INFO CredentialManager] GetCredentialProvider
[2025-08-31 06:09:19Z INFO CredentialManager] Creating type OAuth
[2025-08-31 06:09:19Z INFO CredentialManager] Creating credential type: OAuth
[2025-08-31 06:09:19Z INFO RSAFileKeyManager] Loading RSA key parameters from file /home/ec2-user/environment/aws_automation/actions-runner/.credentials_rsaparams
[2025-08-31 06:09:19Z INFO BrokerMessageListener] VssConnection created
[2025-08-31 06:09:19Z INFO BrokerMessageListener] Connecting to the Runner server...
[2025-08-31 06:09:19Z INFO RunnerServer] EstablishVssConnection
[2025-08-31 06:09:19Z INFO RunnerServer] Establish connection with 100 seconds timeout.
[2025-08-31 06:09:19Z INFO GitHubActionsService] Starting operation Location.GetConnectionData
[2025-08-31 06:09:19Z INFO RunnerServer] EstablishVssConnection
[2025-08-31 06:09:19Z INFO RunnerServer] Establish connection with 60 seconds timeout.
[2025-08-31 06:09:19Z INFO GitHubActionsService] Starting operation Location.GetConnectionData
[2025-08-31 06:09:19Z INFO RunnerServer] EstablishVssConnection
[2025-08-31 06:09:19Z INFO RunnerServer] Establish connection with 60 seconds timeout.
[2025-08-31 06:09:19Z INFO GitHubActionsService] Starting operation Location.GetConnectionData
[2025-08-31 06:09:19Z INFO GitHubActionsService] Finished operation Location.GetConnectionData
[2025-08-31 06:09:19Z INFO GitHubActionsService] Finished operation Location.GetConnectionData
[2025-08-31 06:09:19Z INFO GitHubActionsService] Finished operation Location.GetConnectionData
[2025-08-31 06:09:19Z INFO BrokerMessageListener] VssConnection created
[2025-08-31 06:09:19Z INFO Terminal] WRITE LINE: 
[2025-08-31 06:09:19Z ERR  BrokerMessageListener] Catch exception during create session.
[2025-08-31 06:09:19Z ERR  BrokerMessageListener] System.IO.IOException: Input/output error
   at System.ConsolePal.Write(SafeFileHandle fd, ReadOnlySpan`1 buffer, Boolean mayChangeCursorPosition)
   at System.IO.StreamWriter.Flush(Boolean flushStream, Boolean flushEncoder)
   at System.IO.StreamWriter.WriteLine(String value)
   at System.IO.TextWriter.SyncTextWriter.WriteLine(String value)
   at System.Console.WriteLine(String value)
   at GitHub.Runner.Common.Terminal.WriteLine(String line, Nullable`1 colorCode, Boolean skipTracing)
   at GitHub.Runner.Common.Terminal.WriteLine()
   at GitHub.Runner.Listener.BrokerMessageListener.CreateSessionAsync(CancellationToken token)
[2025-08-31 06:09:19Z INFO BrokerMessageListener] Retriable exception: Input/output error
[2025-08-31 06:09:19Z INFO BrokerMessageListener] Sleeping for 30 seconds before retrying.
[2025-08-31 06:09:49Z INFO BrokerMessageListener] Attempt to create session.
[2025-08-31 06:09:49Z INFO BrokerMessageListener] Connecting to the Broker Server...
[2025-08-31 06:09:49Z INFO ConfigurationStore] HasCredentials()
[2025-08-31 06:09:49Z INFO ConfigurationStore] stored True
[2025-08-31 06:09:49Z INFO CredentialManager] GetCredentialProvider
[2025-08-31 06:09:49Z INFO CredentialManager] Creating type OAuth
[2025-08-31 06:09:49Z INFO CredentialManager] Creating credential type: OAuth
[2025-08-31 06:09:49Z INFO RSAFileKeyManager] Loading RSA key parameters from file /home/ec2-user/environment/aws_automation/actions-runner/.credentials_rsaparams
[2025-08-31 06:09:49Z INFO BrokerMessageListener] VssConnection created
[2025-08-31 06:09:49Z INFO BrokerMessageListener] Connecting to the Runner server...
[2025-08-31 06:09:49Z INFO RunnerServer] EstablishVssConnection
[2025-08-31 06:09:49Z INFO RunnerServer] Establish connection with 100 seconds timeout.
[2025-08-31 06:09:49Z INFO GitHubActionsService] Starting operation Location.GetConnectionData
[2025-08-31 06:09:49Z INFO RunnerServer] EstablishVssConnection
[2025-08-31 06:09:49Z INFO RunnerServer] Establish connection with 60 seconds timeout.
[2025-08-31 06:09:49Z INFO GitHubActionsService] Starting operation Location.GetConnectionData
[2025-08-31 06:09:49Z INFO RunnerServer] EstablishVssConnection
[2025-08-31 06:09:49Z INFO RunnerServer] Establish connection with 60 seconds timeout.
[2025-08-31 06:09:49Z INFO GitHubActionsService] Starting operation Location.GetConnectionData
[2025-08-31 06:09:49Z INFO GitHubActionsService] Finished operation Location.GetConnectionData
[2025-08-31 06:09:49Z INFO GitHubActionsService] Finished operation Location.GetConnectionData
[2025-08-31 06:09:49Z INFO GitHubActionsService] Finished operation Location.GetConnectionData
[2025-08-31 06:09:49Z INFO BrokerMessageListener] VssConnection created
[2025-08-31 06:09:49Z INFO Terminal] WRITE LINE: 
[2025-08-31 06:09:49Z ERR  BrokerMessageListener] Catch exception during create session.
[2025-08-31 06:09:49Z ERR  BrokerMessageListener] System.IO.IOException: Input/output error
   at System.ConsolePal.Write(SafeFileHandle fd, ReadOnlySpan`1 buffer, Boolean mayChangeCursorPosition)
   at System.IO.StreamWriter.Flush(Boolean flushStream, Boolean flushEncoder)
   at System.IO.StreamWriter.WriteLine(String value)
   at System.IO.TextWriter.SyncTextWriter.WriteLine(String value)
   at System.Console.WriteLine(String value)
   at GitHub.Runner.Common.Terminal.WriteLine(String line, Nullable`1 colorCode, Boolean skipTracing)
   at GitHub.Runner.Common.Terminal.WriteLine()
   at GitHub.Runner.Listener.BrokerMessageListener.CreateSessionAsync(CancellationToken token)
[2025-08-31 06:09:49Z INFO BrokerMessageListener] Retriable exception: Input/output error
[2025-08-31 06:09:49Z INFO BrokerMessageListener] Sleeping for 30 seconds before retrying.
[2025-08-31 06:10:19Z INFO BrokerMessageListener] Attempt to create session.
[2025-08-31 06:10:19Z INFO BrokerMessageListener] Connecting to the Broker Server...
[2025-08-31 06:10:19Z INFO ConfigurationStore] HasCredentials()
[2025-08-31 06:10:19Z INFO ConfigurationStore] stored True
[2025-08-31 06:10:19Z INFO CredentialManager] GetCredentialProvider
[2025-08-31 06:10:19Z INFO CredentialManager] Creating type OAuth
[2025-08-31 06:10:19Z INFO CredentialManager] Creating credential type: OAuth
[2025-08-31 06:10:19Z INFO RSAFileKeyManager] Loading RSA key parameters from file /home/ec2-user/environment/aws_automation/actions-runner/.credentials_rsaparams
[2025-08-31 06:10:19Z INFO BrokerMessageListener] VssConnection created
[2025-08-31 06:10:19Z INFO BrokerMessageListener] Connecting to the Runner server...
[2025-08-31 06:10:19Z INFO RunnerServer] EstablishVssConnection
[2025-08-31 06:10:19Z INFO RunnerServer] Establish connection with 100 seconds timeout.
[2025-08-31 06:10:20Z INFO GitHubActionsService] Starting operation Location.GetConnectionData
[2025-08-31 06:10:20Z INFO RunnerServer] EstablishVssConnection
[2025-08-31 06:10:20Z INFO RunnerServer] Establish connection with 60 seconds timeout.
[2025-08-31 06:10:20Z INFO GitHubActionsService] Starting operation Location.GetConnectionData
[2025-08-31 06:10:20Z INFO RunnerServer] EstablishVssConnection
[2025-08-31 06:10:20Z INFO RunnerServer] Establish connection with 60 seconds timeout.
[2025-08-31 06:10:20Z INFO GitHubActionsService] Starting operation Location.GetConnectionData
[2025-08-31 06:10:20Z INFO GitHubActionsService] Finished operation Location.GetConnectionData
[2025-08-31 06:10:20Z INFO GitHubActionsService] Finished operation Location.GetConnectionData
[2025-08-31 06:10:20Z INFO GitHubActionsService] Finished operation Location.GetConnectionData
[2025-08-31 06:10:20Z INFO BrokerMessageListener] VssConnection created
[2025-08-31 06:10:20Z INFO Terminal] WRITE LINE: 
[2025-08-31 06:10:20Z ERR  BrokerMessageListener] Catch exception during create session.
[2025-08-31 06:10:20Z ERR  BrokerMessageListener] System.IO.IOException: Input/output error
   at System.ConsolePal.Write(SafeFileHandle fd, ReadOnlySpan`1 buffer, Boolean mayChangeCursorPosition)
   at System.IO.StreamWriter.Flush(Boolean flushStream, Boolean flushEncoder)
   at System.IO.StreamWriter.WriteLine(String value)
   at System.IO.TextWriter.SyncTextWriter.WriteLine(String value)
   at System.Console.WriteLine(String value)
   at GitHub.Runner.Common.Terminal.WriteLine(String line, Nullable`1 colorCode, Boolean skipTracing)
   at GitHub.Runner.Common.Terminal.WriteLine()
   at GitHub.Runner.Listener.BrokerMessageListener.CreateSessionAsync(CancellationToken token)
[2025-08-31 06:10:20Z INFO BrokerMessageListener] Retriable exception: Input/output error
[2025-08-31 06:10:20Z INFO BrokerMessageListener] Sleeping for 30 seconds before retrying.
[2025-08-31 06:10:50Z INFO BrokerMessageListener] Attempt to create session.
[2025-08-31 06:10:50Z INFO BrokerMessageListener] Connecting to the Broker Server...
[2025-08-31 06:10:50Z INFO ConfigurationStore] HasCredentials()
[2025-08-31 06:10:50Z INFO ConfigurationStore] stored True
[2025-08-31 06:10:50Z INFO CredentialManager] GetCredentialProvider
[2025-08-31 06:10:50Z INFO CredentialManager] Creating type OAuth
[2025-08-31 06:10:50Z INFO CredentialManager] Creating credential type: OAuth
[2025-08-31 06:10:50Z INFO RSAFileKeyManager] Loading RSA key parameters from file /home/ec2-user/environment/aws_automation/actions-runner/.credentials_rsaparams
[2025-08-31 06:10:50Z INFO BrokerMessageListener] VssConnection created
[2025-08-31 06:10:50Z INFO BrokerMessageListener] Connecting to the Runner server...
[2025-08-31 06:10:50Z INFO RunnerServer] EstablishVssConnection
[2025-08-31 06:10:50Z INFO RunnerServer] Establish connection with 100 seconds timeout.
[2025-08-31 06:10:50Z INFO GitHubActionsService] Starting operation Location.GetConnectionData
[2025-08-31 06:10:50Z INFO RunnerServer] EstablishVssConnection
[2025-08-31 06:10:50Z INFO RunnerServer] Establish connection with 60 seconds timeout.
[2025-08-31 06:10:50Z INFO GitHubActionsService] Starting operation Location.GetConnectionData
[2025-08-31 06:10:50Z INFO RunnerServer] EstablishVssConnection
[2025-08-31 06:10:50Z INFO RunnerServer] Establish connection with 60 seconds timeout.
[2025-08-31 06:10:50Z INFO GitHubActionsService] Starting operation Location.GetConnectionData
[2025-08-31 06:10:50Z INFO GitHubActionsService] Finished operation Location.GetConnectionData
[2025-08-31 06:10:50Z INFO GitHubActionsService] Finished operation Location.GetConnectionData
[2025-08-31 06:10:50Z INFO GitHubActionsService] Finished operation Location.GetConnectionData
[2025-08-31 06:10:50Z INFO BrokerMessageListener] VssConnection created
[2025-08-31 06:10:50Z INFO Terminal] WRITE LINE: 
[2025-08-31 06:10:50Z ERR  BrokerMessageListener] Catch exception during create session.
[2025-08-31 06:10:50Z ERR  BrokerMessageListener] System.IO.IOException: Input/output error
   at System.ConsolePal.Write(SafeFileHandle fd, ReadOnlySpan`1 buffer, Boolean mayChangeCursorPosition)
   at System.IO.StreamWriter.Flush(Boolean flushStream, Boolean flushEncoder)
   at System.IO.StreamWriter.WriteLine(String value)
   at System.IO.TextWriter.SyncTextWriter.WriteLine(String value)
   at System.Console.WriteLine(String value)
   at GitHub.Runner.Common.Terminal.WriteLine(String line, Nullable`1 colorCode, Boolean skipTracing)
   at GitHub.Runner.Common.Terminal.WriteLine()
   at GitHub.Runner.Listener.BrokerMessageListener.CreateSessionAsync(CancellationToken token)
[2025-08-31 06:10:50Z INFO BrokerMessageListener] Retriable exception: Input/output error
[2025-08-31 06:10:50Z INFO BrokerMessageListener] Sleeping for 30 seconds before retrying.
[2025-08-31 06:11:20Z INFO BrokerMessageListener] Attempt to create session.
[2025-08-31 06:11:20Z INFO BrokerMessageListener] Connecting to the Broker Server...
[2025-08-31 06:11:20Z INFO ConfigurationStore] HasCredentials()
[2025-08-31 06:11:20Z INFO ConfigurationStore] stored True
[2025-08-31 06:11:20Z INFO CredentialManager] GetCredentialProvider
[2025-08-31 06:11:20Z INFO CredentialManager] Creating type OAuth
[2025-08-31 06:11:20Z INFO CredentialManager] Creating credential type: OAuth
[2025-08-31 06:11:20Z INFO RSAFileKeyManager] Loading RSA key parameters from file /home/ec2-user/environment/aws_automation/actions-runner/.credentials_rsaparams
[2025-08-31 06:11:20Z INFO BrokerMessageListener] VssConnection created
[2025-08-31 06:11:20Z INFO BrokerMessageListener] Connecting to the Runner server...
[2025-08-31 06:11:20Z INFO RunnerServer] EstablishVssConnection
[2025-08-31 06:11:20Z INFO RunnerServer] Establish connection with 100 seconds timeout.
[2025-08-31 06:11:20Z INFO GitHubActionsService] Starting operation Location.GetConnectionData
[2025-08-31 06:11:20Z INFO RunnerServer] EstablishVssConnection
[2025-08-31 06:11:20Z INFO RunnerServer] Establish connection with 60 seconds timeout.
[2025-08-31 06:11:20Z INFO GitHubActionsService] Starting operation Location.GetConnectionData
[2025-08-31 06:11:20Z INFO RunnerServer] EstablishVssConnection
[2025-08-31 06:11:20Z INFO RunnerServer] Establish connection with 60 seconds timeout.
[2025-08-31 06:11:20Z INFO GitHubActionsService] Starting operation Location.GetConnectionData
[2025-08-31 06:11:20Z INFO GitHubActionsService] Finished operation Location.GetConnectionData
[2025-08-31 06:11:20Z INFO GitHubActionsService] Finished operation Location.GetConnectionData
[2025-08-31 06:11:21Z INFO GitHubActionsService] Finished operation Location.GetConnectionData
[2025-08-31 06:11:21Z INFO BrokerMessageListener] VssConnection created
[2025-08-31 06:11:21Z INFO Terminal] WRITE LINE: 
[2025-08-31 06:11:21Z ERR  BrokerMessageListener] Catch exception during create session.
[2025-08-31 06:11:21Z ERR  BrokerMessageListener] System.IO.IOException: Input/output error
   at System.ConsolePal.Write(SafeFileHandle fd, ReadOnlySpan`1 buffer, Boolean mayChangeCursorPosition)
   at System.IO.StreamWriter.Flush(Boolean flushStream, Boolean flushEncoder)
   at System.IO.StreamWriter.WriteLine(String value)
   at System.IO.TextWriter.SyncTextWriter.WriteLine(String value)
   at System.Console.WriteLine(String value)
   at GitHub.Runner.Common.Terminal.WriteLine(String line, Nullable`1 colorCode, Boolean skipTracing)
   at GitHub.Runner.Common.Terminal.WriteLine()
   at GitHub.Runner.Listener.BrokerMessageListener.CreateSessionAsync(CancellationToken token)
[2025-08-31 06:11:21Z INFO BrokerMessageListener] Retriable exception: Input/output error
[2025-08-31 06:11:21Z INFO BrokerMessageListener] Sleeping for 30 seconds before retrying.
[2025-08-31 06:11:51Z INFO BrokerMessageListener] Attempt to create session.
[2025-08-31 06:11:51Z INFO BrokerMessageListener] Connecting to the Broker Server...
[2025-08-31 06:11:51Z INFO ConfigurationStore] HasCredentials()
[2025-08-31 06:11:51Z INFO ConfigurationStore] stored True
[2025-08-31 06:11:51Z INFO CredentialManager] GetCredentialProvider
[2025-08-31 06:11:51Z INFO CredentialManager] Creating type OAuth
[2025-08-31 06:11:51Z INFO CredentialManager] Creating credential type: OAuth
[2025-08-31 06:11:51Z INFO RSAFileKeyManager] Loading RSA key parameters from file /home/ec2-user/environment/aws_automation/actions-runner/.credentials_rsaparams
[2025-08-31 06:11:51Z INFO BrokerMessageListener] VssConnection created
[2025-08-31 06:11:51Z INFO BrokerMessageListener] Connecting to the Runner server...
[2025-08-31 06:11:51Z INFO RunnerServer] EstablishVssConnection
[2025-08-31 06:11:51Z INFO RunnerServer] Establish connection with 100 seconds timeout.
[2025-08-31 06:11:51Z INFO GitHubActionsService] Starting operation Location.GetConnectionData
[2025-08-31 06:11:51Z INFO RunnerServer] EstablishVssConnection
[2025-08-31 06:11:51Z INFO RunnerServer] Establish connection with 60 seconds timeout.
[2025-08-31 06:11:51Z INFO GitHubActionsService] Starting operation Location.GetConnectionData
[2025-08-31 06:11:51Z INFO RunnerServer] EstablishVssConnection
[2025-08-31 06:11:51Z INFO RunnerServer] Establish connection with 60 seconds timeout.
[2025-08-31 06:11:51Z INFO GitHubActionsService] Starting operation Location.GetConnectionData
[2025-08-31 06:11:51Z INFO GitHubActionsService] Finished operation Location.GetConnectionData
[2025-08-31 06:11:51Z INFO GitHubActionsService] Finished operation Location.GetConnectionData
[2025-08-31 06:11:51Z INFO GitHubActionsService] Finished operation Location.GetConnectionData
[2025-08-31 06:11:51Z INFO BrokerMessageListener] VssConnection created
[2025-08-31 06:11:51Z INFO Terminal] WRITE LINE: 
[2025-08-31 06:11:51Z ERR  BrokerMessageListener] Catch exception during create session.
[2025-08-31 06:11:51Z ERR  BrokerMessageListener] System.IO.IOException: Input/output error
   at System.ConsolePal.Write(SafeFileHandle fd, ReadOnlySpan`1 buffer, Boolean mayChangeCursorPosition)
   at System.IO.StreamWriter.Flush(Boolean flushStream, Boolean flushEncoder)
   at System.IO.StreamWriter.WriteLine(String value)
   at System.IO.TextWriter.SyncTextWriter.WriteLine(String value)
   at System.Console.WriteLine(String value)
   at GitHub.Runner.Common.Terminal.WriteLine(String line, Nullable`1 colorCode, Boolean skipTracing)
   at GitHub.Runner.Common.Terminal.WriteLine()
   at GitHub.Runner.Listener.BrokerMessageListener.CreateSessionAsync(CancellationToken token)
[2025-08-31 06:11:51Z INFO BrokerMessageListener] Retriable exception: Input/output error
[2025-08-31 06:11:51Z INFO BrokerMessageListener] Sleeping for 30 seconds before retrying.
[2025-08-31 06:12:21Z INFO BrokerMessageListener] Attempt to create session.
[2025-08-31 06:12:21Z INFO BrokerMessageListener] Connecting to the Broker Server...
[2025-08-31 06:12:21Z INFO ConfigurationStore] HasCredentials()
[2025-08-31 06:12:21Z INFO ConfigurationStore] stored True
[2025-08-31 06:12:21Z INFO CredentialManager] GetCredentialProvider
[2025-08-31 06:12:21Z INFO CredentialManager] Creating type OAuth
[2025-08-31 06:12:21Z INFO CredentialManager] Creating credential type: OAuth
[2025-08-31 06:12:21Z INFO RSAFileKeyManager] Loading RSA key parameters from file /home/ec2-user/environment/aws_automation/actions-runner/.credentials_rsaparams
[2025-08-31 06:12:21Z INFO BrokerMessageListener] VssConnection created
[2025-08-31 06:12:21Z INFO BrokerMessageListener] Connecting to the Runner server...
[2025-08-31 06:12:21Z INFO RunnerServer] EstablishVssConnection
[2025-08-31 06:12:21Z INFO RunnerServer] Establish connection with 100 seconds timeout.
[2025-08-31 06:12:21Z INFO GitHubActionsService] Starting operation Location.GetConnectionData
[2025-08-31 06:12:21Z INFO RunnerServer] EstablishVssConnection
[2025-08-31 06:12:21Z INFO RunnerServer] Establish connection with 60 seconds timeout.
[2025-08-31 06:12:21Z INFO GitHubActionsService] Starting operation Location.GetConnectionData
[2025-08-31 06:12:21Z INFO RunnerServer] EstablishVssConnection
[2025-08-31 06:12:21Z INFO RunnerServer] Establish connection with 60 seconds timeout.
[2025-08-31 06:12:21Z INFO GitHubActionsService] Starting operation Location.GetConnectionData
[2025-08-31 06:12:21Z INFO GitHubActionsService] Finished operation Location.GetConnectionData
[2025-08-31 06:12:21Z INFO GitHubActionsService] Finished operation Location.GetConnectionData
[2025-08-31 06:12:21Z INFO GitHubActionsService] Finished operation Location.GetConnectionData
[2025-08-31 06:12:21Z INFO BrokerMessageListener] VssConnection created
[2025-08-31 06:12:21Z INFO Terminal] WRITE LINE: 
[2025-08-31 06:12:21Z ERR  BrokerMessageListener] Catch exception during create session.
[2025-08-31 06:12:21Z ERR  BrokerMessageListener] System.IO.IOException: Input/output error
   at System.ConsolePal.Write(SafeFileHandle fd, ReadOnlySpan`1 buffer, Boolean mayChangeCursorPosition)
   at System.IO.StreamWriter.Flush(Boolean flushStream, Boolean flushEncoder)
   at System.IO.StreamWriter.WriteLine(String value)
   at System.IO.TextWriter.SyncTextWriter.WriteLine(String value)
   at System.Console.WriteLine(String value)
   at GitHub.Runner.Common.Terminal.WriteLine(String line, Nullable`1 colorCode, Boolean skipTracing)
   at GitHub.Runner.Common.Terminal.WriteLine()
   at GitHub.Runner.Listener.BrokerMessageListener.CreateSessionAsync(CancellationToken token)
[2025-08-31 06:12:21Z INFO BrokerMessageListener] Retriable exception: Input/output error
[2025-08-31 06:12:21Z INFO BrokerMessageListener] Sleeping for 30 seconds before retrying.
[2025-08-31 06:12:51Z INFO BrokerMessageListener] Attempt to create session.
[2025-08-31 06:12:51Z INFO BrokerMessageListener] Connecting to the Broker Server...
[2025-08-31 06:12:51Z INFO ConfigurationStore] HasCredentials()
[2025-08-31 06:12:51Z INFO ConfigurationStore] stored True
[2025-08-31 06:12:51Z INFO CredentialManager] GetCredentialProvider
[2025-08-31 06:12:51Z INFO CredentialManager] Creating type OAuth
[2025-08-31 06:12:51Z INFO CredentialManager] Creating credential type: OAuth
[2025-08-31 06:12:51Z INFO RSAFileKeyManager] Loading RSA key parameters from file /home/ec2-user/environment/aws_automation/actions-runner/.credentials_rsaparams
[2025-08-31 06:12:51Z INFO BrokerMessageListener] VssConnection created
[2025-08-31 06:12:51Z INFO BrokerMessageListener] Connecting to the Runner server...
[2025-08-31 06:12:51Z INFO RunnerServer] EstablishVssConnection
[2025-08-31 06:12:51Z INFO RunnerServer] Establish connection with 100 seconds timeout.
[2025-08-31 06:12:51Z INFO GitHubActionsService] Starting operation Location.GetConnectionData
[2025-08-31 06:12:51Z INFO RunnerServer] EstablishVssConnection
[2025-08-31 06:12:51Z INFO RunnerServer] Establish connection with 60 seconds timeout.
[2025-08-31 06:12:51Z INFO GitHubActionsService] Starting operation Location.GetConnectionData
[2025-08-31 06:12:51Z INFO RunnerServer] EstablishVssConnection
[2025-08-31 06:12:51Z INFO RunnerServer] Establish connection with 60 seconds timeout.
[2025-08-31 06:12:51Z INFO GitHubActionsService] Starting operation Location.GetConnectionData
[2025-08-31 06:12:52Z INFO GitHubActionsService] Finished operation Location.GetConnectionData
[2025-08-31 06:12:52Z INFO GitHubActionsService] Finished operation Location.GetConnectionData
[2025-08-31 06:12:52Z INFO GitHubActionsService] Finished operation Location.GetConnectionData
[2025-08-31 06:12:52Z INFO BrokerMessageListener] VssConnection created
[2025-08-31 06:12:52Z INFO Terminal] WRITE LINE: 
[2025-08-31 06:12:52Z ERR  BrokerMessageListener] Catch exception during create session.
[2025-08-31 06:12:52Z ERR  BrokerMessageListener] System.IO.IOException: Input/output error
   at System.ConsolePal.Write(SafeFileHandle fd, ReadOnlySpan`1 buffer, Boolean mayChangeCursorPosition)
   at System.IO.StreamWriter.Flush(Boolean flushStream, Boolean flushEncoder)
   at System.IO.StreamWriter.WriteLine(String value)
   at System.IO.TextWriter.SyncTextWriter.WriteLine(String value)
   at System.Console.WriteLine(String value)
   at GitHub.Runner.Common.Terminal.WriteLine(String line, Nullable`1 colorCode, Boolean skipTracing)
   at GitHub.Runner.Common.Terminal.WriteLine()
   at GitHub.Runner.Listener.BrokerMessageListener.CreateSessionAsync(CancellationToken token)
[2025-08-31 06:12:52Z INFO BrokerMessageListener] Retriable exception: Input/output error
[2025-08-31 06:12:52Z INFO BrokerMessageListener] Sleeping for 30 seconds before retrying.
