[2025-08-29 12:33:31Z INFO HostContext] No proxy settings were found based on environmental variables (http_proxy/https_proxy/HTTP_PROXY/HTTPS_PROXY)
[2025-08-29 12:33:31Z INFO HostContext] Well known directory 'Bin': '/home/ec2-user/environment/aws_automation/actions-runner/bin'
[2025-08-29 12:33:31Z INFO HostContext] Well known directory 'Root': '/home/ec2-user/environment/aws_automation/actions-runner'
[2025-08-29 12:33:31Z INFO HostContext] Well known config file 'Credentials': '/home/ec2-user/environment/aws_automation/actions-runner/.credentials'
[2025-08-29 12:33:31Z INFO HostContext] Well known directory 'Bin': '/home/ec2-user/environment/aws_automation/actions-runner/bin'
[2025-08-29 12:33:31Z INFO HostContext] Well known directory 'Root': '/home/ec2-user/environment/aws_automation/actions-runner'
[2025-08-29 12:33:31Z INFO HostContext] Well known config file 'Runner': '/home/ec2-user/environment/aws_automation/actions-runner/.runner'
[2025-08-29 12:33:31Z INFO Worker] Version: 2.328.0
[2025-08-29 12:33:31Z INFO Worker] Commit: 6f9a9110adce65f44ca6f7c0ae142b9cc6af937b
[2025-08-29 12:33:31Z INFO Worker] Culture: 
[2025-08-29 12:33:31Z INFO Worker] UI Culture: 
[2025-08-29 12:33:31Z INFO Worker] Waiting to receive the job message from the channel.
[2025-08-29 12:33:31Z INFO ProcessChannel] Receiving message of length 21675, with hash 'b6f894e5459f1977f2e93e6b886907c1ca34d2f113f446950da5fb141e61bff4'
[2025-08-29 12:33:31Z INFO Worker] Message received.
[2025-08-29 12:33:31Z INFO Worker] Job message:
 {
  "fileTable": [
    ".github/workflows/deploy.yml"
  ],
  "mask": [
    {
      "type": "regex",
      "value": "***"
    },
    {
      "type": "regex",
      "value": "***"
    },
    {
      "type": "regex",
      "value": "***"
    },
    {
      "type": "regex",
      "value": "***"
    },
    {
      "type": "regex",
      "value": "***"
    },
    {
      "type": "regex",
      "value": "***"
    },
    {
      "type": "regex",
      "value": "***"
    },
    {
      "type": "regex",
      "value": "***"
    },
    {
      "type": "regex",
      "value": "***"
    },
    {
      "type": "regex",
      "value": "***"
    },
    {
      "type": "regex",
      "value": "***"
    },
    {
      "type": "regex",
      "value": "***"
    },
    {
      "type": "regex",
      "value": "***"
    },
    {
      "type": "regex",
      "value": "***"
    },
    {
      "type": "regex",
      "value": "***"
    },
    {
      "type": "regex",
      "value": "***"
    },
    {
      "type": "regex",
      "value": "***"
    },
    {
      "type": "regex",
      "value": "***"
    }
  ],
  "steps": [
    {
      "type": "action",
      "reference": {
        "type": "script"
      },
      "displayNameToken": {
        "type": 0,
        "file": 1,
        "line": 11,
        "col": 15,
        "lit": "Show runner hostname"
      },
      "contextName": "__run",
      "inputs": {
        "type": 2,
        "map": [
          {
            "key": "script",
            "value": {
              "type": 0,
              "file": 1,
              "line": 12,
              "col": 14,
              "lit": "hostname"
            }
          }
        ]
      },
      "condition": "success()",
      "id": "4576ff3f-89b3-43ab-a767-a3394d9d4f8b",
      "name": "__run"
    },
    {
      "type": "action",
      "reference": {
        "type": "script"
      },
      "displayNameToken": {
        "type": 0,
        "file": 1,
        "line": 14,
        "col": 15,
        "lit": "Update web content"
      },
      "contextName": "__run_2",
      "inputs": {
        "type": 2,
        "map": [
          {
            "key": "script",
            "value": {
              "type": 0,
              "file": 1,
              "line": 15,
              "col": 14,
              "lit": "APP_DIR=/var/www/html\ncd \"$APP_DIR\"\ngit fetch origin main\ngit checkout main\ngit pull\n# jika file ada di app/, salin ke root\nif [ -f \"$APP_DIR/app/index.html\" ]; then\n  cp \"$APP_DIR/app/index.html\" \"$APP_DIR/index.html\"\nfi\nsudo systemctl restart httpd"
            }
          }
        ]
      },
      "condition": "success()",
      "id": "faf4c03a-efbc-4c20-b535-0601c887bed3",
      "name": "__run_2"
    }
  ],
  "variables": {
    "Actions.EnableHttpRedirects": {
      "value": "true"
    },
    "DistributedTask.AddWarningToNode12Action": {
      "value": "true"
    },
    "DistributedTask.AddWarningToNode16Action": {
      "value": "true"
    },
    "DistributedTask.AllowRunnerContainerHooks": {
      "value": "true"
    },
    "DistributedTask.DeprecateStepOutputCommands": {
      "value": "true"
    },
    "DistributedTask.DetailUntarFailure": {
      "value": "true"
    },
    "DistributedTask.EnableCompositeActions": {
      "value": "true"
    },
    "DistributedTask.EnableJobServerQueueTelemetry": {
      "value": "true"
    },
    "DistributedTask.EnhancedAnnotations": {
      "value": "true"
    },
    "DistributedTask.ForceGithubJavascriptActionsToNode16": {
      "value": "true"
    },
    "DistributedTask.ForceGithubJavascriptActionsToNode20": {
      "value": "true"
    },
    "DistributedTask.LogTemplateErrorsAsDebugMessages": {
      "value": "true"
    },
    "DistributedTask.MarkJobAsFailedOnWorkerCrash": {
      "value": "true"
    },
    "DistributedTask.NewActionMetadata": {
      "value": "true"
    },
    "DistributedTask.UploadStepSummary": {
      "value": "true"
    },
    "DistributedTask.UseActionArchiveCache": {
      "value": "true"
    },
    "DistributedTask.UseWhich2": {
      "value": "true"
    },
    "RunService.FixEmbeddedIssues": {
      "value": "true"
    },
    "actions_add_check_run_id_to_job_context": {
      "value": "false"
    },
    "actions_display_helpful_actions_download_errors": {
      "value": "true"
    },
    "actions_skip_retry_complete_job_upon_known_errors": {
      "value": "true"
    },
    "actions_uses_cache_service_v2": {
      "value": "true"
    },
    "github_token": {
      "value": "***",
      "isSecret": true
    },
    "system.from_run_service": {
      "value": "true"
    },
    "system.github.job": {
      "value": "deploy"
    },
    "system.github.launch_endpoint": {
      "value": "https://launch.actions.githubusercontent.com"
    },
    "system.github.results_endpoint": {
      "value": "https://results-receiver.actions.githubusercontent.com/"
    },
    "system.github.results_upload_with_sdk": {
      "value": "true"
    },
    "system.github.token": {
      "value": "***",
      "isSecret": true
    },
    "system.github.token.permissions": {
      "value": "{\"Contents\":\"read\",\"Metadata\":\"read\",\"Packages\":\"read\"}"
    },
    "system.orchestrationId": {
      "value": "e27adcf9-0353-40df-9444-ca402f2e2afc.deploy.__default"
    },
    "system.phaseDisplayName": {
      "value": "deploy"
    },
    "system.runner.lowdiskspacethreshold": {
      "value": "100"
    },
    "system.runnerEnvironment": {
      "value": "self-hosted"
    },
    "system.runnerGroupName": {
      "value": "Default"
    }
  },
  "messageType": "RunnerJobRequest",
  "plan": {
    "scopeIdentifier": "00000000-0000-0000-0000-000000000000",
    "planType": "actions",
    "version": 0,
    "planId": "e27adcf9-0353-40df-9444-ca402f2e2afc",
    "planGroup": null,
    "artifactUri": null,
    "artifactLocation": null,
    "definition": null,
    "owner": null
  },
  "timeline": {
    "id": "e27adcf9-0353-40df-9444-ca402f2e2afc",
    "changeId": 0,
    "location": null
  },
  "jobId": "2f816d49-b71e-5858-bdbd-30135e196a17",
  "jobDisplayName": "deploy",
  "jobName": "__default",
  "requestId": 0,
  "lockedUntil": "0001-01-01T00:00:00",
  "resources": {
    "endpoints": [
      {
        "data": {
          "ServerId": "",
          "ServerName": "",
          "CacheServerUrl": "https://artifactcache.actions.githubusercontent.com/oKbhxqVn1LnGpIG6JbP15b5DbbyytFn2WrjBvVjt0TpcCtU7IN/",
          "FeedStreamUrl": "wss://results-receiver.actions.githubusercontent.com/_ws/ingest.sock",
          "ResultsServiceUrl": "https://results-receiver.actions.githubusercontent.com/",
          "PipelinesServiceUrl": "https://pipelinesghubeus15.actions.githubusercontent.com/oKbhxqVn1LnGpIG6JbP15b5DbbyytFn2WrjBvVjt0TpcCtU7IN/",
          "GenerateIdTokenUrl": ""
        },
        "name": "SystemVssConnection",
        "url": "https://run-actions-2-azure-eastus.actions.githubusercontent.com/116/",
        "authorization": {
          "parameters": {
            "AccessToken": "***"
          },
          "scheme": "OAuth"
        },
        "isShared": false,
        "isReady": true
      }
    ]
  },
  "contextData": {
    "github": {
      "t": 2,
      "d": [
        {
          "k": "ref",
          "v": "refs/heads/main"
        },
        {
          "k": "sha",
          "v": "b723ebe54acb05b966051f00865aef11dcb940cc"
        },
        {
          "k": "repository",
          "v": "endrycofr/terraform_aws"
        },
        {
          "k": "repository_owner",
          "v": "endrycofr"
        },
        {
          "k": "repository_owner_id",
          "v": "88662707"
        },
        {
          "k": "repositoryUrl",
          "v": "git://github.com/endrycofr/terraform_aws.git"
        },
        {
          "k": "run_id",
          "v": "17323840184"
        },
        {
          "k": "run_number",
          "v": "1"
        },
        {
          "k": "retention_days",
          "v": "90"
        },
        {
          "k": "run_attempt",
          "v": "1"
        },
        {
          "k": "artifact_cache_size_limit",
          "v": "10"
        },
        {
          "k": "repository_visibility",
          "v": "public"
        },
        {
          "k": "actor_id",
          "v": "88662707"
        },
        {
          "k": "actor",
          "v": "endrycofr"
        },
        {
          "k": "workflow",
          "v": "Deploy to EC2 via Self-hosted Runner"
        },
        {
          "k": "head_ref",
          "v": ""
        },
        {
          "k": "base_ref",
          "v": ""
        },
        {
          "k": "event_name",
          "v": "push"
        },
        {
          "k": "server_url",
          "v": "https://github.com"
        },
        {
          "k": "api_url",
          "v": "https://api.github.com"
        },
        {
          "k": "graphql_url",
          "v": "https://api.github.com/graphql"
        },
        {
          "k": "ref_name",
          "v": "main"
        },
        {
          "k": "ref_protected",
          "v": false
        },
        {
          "k": "ref_type",
          "v": "branch"
        },
        {
          "k": "secret_source",
          "v": "Actions"
        },
        {
          "k": "event",
          "v": {
            "t": 2,
            "d": [
              {
                "k": "after",
                "v": "b723ebe54acb05b966051f00865aef11dcb940cc"
              },
              {
                "k": "base_ref",
                "v": null
              },
              {
                "k": "before",
                "v": "6411b0ef6f8ec8679aa8d7061ae68adcf99048a0"
              },
              {
                "k": "commits",
                "v": {
                  "t": 1,
                  "a": [
                    {
                      "t": 2,
                      "d": [
                        {
                          "k": "author",
                          "v": {
                            "t": 2,
                            "d": [
                              {
                                "k": "email",
                                "v": "ec2-user@ip-172-31-22-74.us-west-2.compute.internal"
                              },
                              {
                                "k": "name",
                                "v": "EC2 Default User"
                              }
                            ]
                          }
                        },
                        {
                          "k": "committer",
                          "v": {
                            "t": 2,
                            "d": [
                              {
                                "k": "email",
                                "v": "ec2-user@ip-172-31-22-74.us-west-2.compute.internal"
                              },
                              {
                                "k": "name",
                                "v": "EC2 Default User"
                              }
                            ]
                          }
                        },
                        {
                          "k": "distinct",
                          "v": true
                        },
                        {
                          "k": "id",
                          "v": "d213b9ccbb5c3c5774a10bc947b5dc5e7a9fa984"
                        },
                        {
                          "k": "message",
                          "v": "menambahkan configuration worflow github runner"
                        },
                        {
                          "k": "timestamp",
                          "v": "2025-08-29T03:30:55Z"
                        },
                        {
                          "k": "tree_id",
                          "v": "b17a82f0b760ab7bf8861834a2138fa67ea9ccb0"
                        },
                        {
                          "k": "url",
                          "v": "https://github.com/endrycofr/terraform_aws/commit/d213b9ccbb5c3c5774a10bc947b5dc5e7a9fa984"
                        }
                      ]
                    },
                    {
                      "t": 2,
                      "d": [
                        {
                          "k": "author",
                          "v": {
                            "t": 2,
                            "d": [
                              {
                                "k": "email",
                                "v": "ec2-user@ip-172-31-22-74.us-west-2.compute.internal"
                              },
                              {
                                "k": "name",
                                "v": "EC2 Default User"
                              }
                            ]
                          }
                        },
                        {
                          "k": "committer",
                          "v": {
                            "t": 2,
                            "d": [
                              {
                                "k": "email",
                                "v": "ec2-user@ip-172-31-22-74.us-west-2.compute.internal"
                              },
                              {
                                "k": "name",
                                "v": "EC2 Default User"
                              }
                            ]
                          }
                        },
                        {
                          "k": "distinct",
                          "v": true
                        },
                        {
                          "k": "id",
                          "v": "5c81528c78f3d4c98b13039fc07c7bebe183d1ae"
                        },
                        {
                          "k": "message",
                          "v": "Add Git LFS tracking for large files"
                        },
                        {
                          "k": "timestamp",
                          "v": "2025-08-29T03:45:26Z"
                        },
                        {
                          "k": "tree_id",
                          "v": "f0dacfa61cb64f6022519a58503f09179fef2d2c"
                        },
                        {
                          "k": "url",
                          "v": "https://github.com/endrycofr/terraform_aws/commit/5c81528c78f3d4c98b13039fc07c7bebe183d1ae"
                        }
                      ]
                    },
                    {
                      "t": 2,
                      "d": [
                        {
                          "k": "author",
                          "v": {
                            "t": 2,
                            "d": [
                              {
                                "k": "email",
                                "v": "ec2-user@ip-172-31-22-74.us-west-2.compute.internal"
                              },
                              {
                                "k": "name",
                                "v": "EC2 Default User"
                              }
                            ]
                          }
                        },
                        {
                          "k": "committer",
                          "v": {
                            "t": 2,
                            "d": [
                              {
                                "k": "email",
                                "v": "ec2-user@ip-172-31-22-74.us-west-2.compute.internal"
                              },
                              {
                                "k": "name",
                                "v": "EC2 Default User"
                              }
                            ]
                          }
                        },
                        {
                          "k": "distinct",
                          "v": true
                        },
                        {
                          "k": "id",
                          "v": "0de7836f6bd395ee05a048399fc45cf6b665571e"
                        },
                        {
                          "k": "message",
                          "v": "Add Git LFS tracking for large files"
                        },
                        {
                          "k": "timestamp",
                          "v": "2025-08-29T04:04:34Z"
                        },
                        {
                          "k": "tree_id",
                          "v": "e90d09e92d304e19b1d858a97789d23a8c1ff8b4"
                        },
                        {
                          "k": "url",
                          "v": "https://github.com/endrycofr/terraform_aws/commit/0de7836f6bd395ee05a048399fc45cf6b665571e"
                        }
                      ]
                    },
                    {
                      "t": 2,
                      "d": [
                        {
                          "k": "author",
                          "v": {
                            "t": 2,
                            "d": [
                              {
                                "k": "email",
                                "v": "ec2-user@ip-172-31-22-74.us-west-2.compute.internal"
                              },
                              {
                                "k": "name",
                                "v": "EC2 Default User"
                              }
                            ]
                          }
                        },
                        {
                          "k": "committer",
                          "v": {
                            "t": 2,
                            "d": [
                              {
                                "k": "email",
                                "v": "ec2-user@ip-172-31-22-74.us-west-2.compute.internal"
                              },
                              {
                                "k": "name",
                                "v": "EC2 Default User"
                              }
                            ]
                          }
                        },
                        {
                          "k": "distinct",
                          "v": true
                        },
                        {
                          "k": "id",
                          "v": "4b5bbe40cffe40060b0c71ad288a71fcd05e76d1"
                        },
                        {
                          "k": "message",
                          "v": "Remove .terraform and large provider binaries from repo"
                        },
                        {
                          "k": "timestamp",
                          "v": "2025-08-29T12:22:14Z"
                        },
                        {
                          "k": "tree_id",
                          "v": "6e57e0b9aa1160338f811d927aeed8291dbf5cd8"
                        },
                        {
                          "k": "url",
                          "v": "https://github.com/endrycofr/terraform_aws/commit/4b5bbe40cffe40060b0c71ad288a71fcd05e76d1"
                        }
                      ]
                    },
                    {
                      "t": 2,
                      "d": [
                        {
                          "k": "author",
                          "v": {
                            "t": 2,
                            "d": [
                              {
                                "k": "email",
                                "v": "ec2-user@ip-172-31-22-74.us-west-2.compute.internal"
                              },
                              {
                                "k": "name",
                                "v": "EC2 Default User"
                              }
                            ]
                          }
                        },
                        {
                          "k": "committer",
                          "v": {
                            "t": 2,
                            "d": [
                              {
                                "k": "email",
                                "v": "ec2-user@ip-172-31-22-74.us-west-2.compute.internal"
                              },
                              {
                                "k": "name",
                                "v": "EC2 Default User"
                              }
                            ]
                          }
                        },
                        {
                          "k": "distinct",
                          "v": true
                        },
                        {
                          "k": "id",
                          "v": "b723ebe54acb05b966051f00865aef11dcb940cc"
                        },
                        {
                          "k": "message",
                          "v": "Add ignore rules for Terraform and large binaries"
                        },
                        {
                          "k": "timestamp",
                          "v": "2025-08-29T12:27:08Z"
                        },
                        {
                          "k": "tree_id",
                          "v": "627277bf9d339505c8768bd756b3ec8b715531aa"
                        },
                        {
                          "k": "url",
                          "v": "https://github.com/endrycofr/terraform_aws/commit/b723ebe54acb05b966051f00865aef11dcb940cc"
                        }
                      ]
                    }
                  ]
                }
              },
              {
                "k": "compare",
                "v": "https://github.com/endrycofr/terraform_aws/compare/6411b0ef6f8e...b723ebe54acb"
              },
              {
                "k": "created",
                "v": false
              },
              {
                "k": "deleted",
                "v": false
              },
              {
                "k": "forced",
                "v": false
              },
              {
                "k": "head_commit",
                "v": {
                  "t": 2,
                  "d": [
                    {
                      "k": "author",
                      "v": {
                        "t": 2,
                        "d": [
                          {
                            "k": "email",
                            "v": "ec2-user@ip-172-31-22-74.us-west-2.compute.internal"
                          },
                          {
                            "k": "name",
                            "v": "EC2 Default User"
                          }
                        ]
                      }
                    },
                    {
                      "k": "committer",
                      "v": {
                        "t": 2,
                        "d": [
                          {
                            "k": "email",
                            "v": "ec2-user@ip-172-31-22-74.us-west-2.compute.internal"
                          },
                          {
                            "k": "name",
                            "v": "EC2 Default User"
                          }
                        ]
                      }
                    },
                    {
                      "k": "distinct",
                      "v": true
                    },
                    {
                      "k": "id",
                      "v": "b723ebe54acb05b966051f00865aef11dcb940cc"
                    },
                    {
                      "k": "message",
                      "v": "Add ignore rules for Terraform and large binaries"
                    },
                    {
                      "k": "timestamp",
                      "v": "2025-08-29T12:27:08Z"
                    },
                    {
                      "k": "tree_id",
                      "v": "627277bf9d339505c8768bd756b3ec8b715531aa"
                    },
                    {
                      "k": "url",
                      "v": "https://github.com/endrycofr/terraform_aws/commit/b723ebe54acb05b966051f00865aef11dcb940cc"
                    }
                  ]
                }
              },
              {
                "k": "pusher",
                "v": {
                  "t": 2,
                  "d": [
                    {
                      "k": "email",
                      "v": "88662707+endrycofr@users.noreply.github.com"
                    },
                    {
                      "k": "name",
                      "v": "endrycofr"
                    }
                  ]
                }
              },
              {
                "k": "ref",
                "v": "refs/heads/main"
              },
              {
                "k": "repository",
                "v": {
                  "t": 2,
                  "d": [
                    {
                      "k": "allow_forking",
                      "v": true
                    },
                    {
                      "k": "archive_url",
                      "v": "https://api.github.com/repos/endrycofr/terraform_aws/{archive_format}{/ref}"
                    },
                    {
                      "k": "archived",
                      "v": false
                    },
                    {
                      "k": "assignees_url",
                      "v": "https://api.github.com/repos/endrycofr/terraform_aws/assignees{/user}"
                    },
                    {
                      "k": "blobs_url",
                      "v": "https://api.github.com/repos/endrycofr/terraform_aws/git/blobs{/sha}"
                    },
                    {
                      "k": "branches_url",
                      "v": "https://api.github.com/repos/endrycofr/terraform_aws/branches{/branch}"
                    },
                    {
                      "k": "clone_url",
                      "v": "https://github.com/endrycofr/terraform_aws.git"
                    },
                    {
                      "k": "collaborators_url",
                      "v": "https://api.github.com/repos/endrycofr/terraform_aws/collaborators{/collaborator}"
                    },
                    {
                      "k": "comments_url",
                      "v": "https://api.github.com/repos/endrycofr/terraform_aws/comments{/number}"
                    },
                    {
                      "k": "commits_url",
                      "v": "https://api.github.com/repos/endrycofr/terraform_aws/commits{/sha}"
                    },
                    {
                      "k": "compare_url",
                      "v": "https://api.github.com/repos/endrycofr/terraform_aws/compare/{base}...{head}"
                    },
                    {
                      "k": "contents_url",
                      "v": "https://api.github.com/repos/endrycofr/terraform_aws/contents/{+path}"
                    },
                    {
                      "k": "contributors_url",
                      "v": "https://api.github.com/repos/endrycofr/terraform_aws/contributors"
                    },
                    {
                      "k": "created_at",
                      "v": 1756435813.0
                    },
                    {
                      "k": "default_branch",
                      "v": "main"
                    },
                    {
                      "k": "deployments_url",
                      "v": "https://api.github.com/repos/endrycofr/terraform_aws/deployments"
                    },
                    {
                      "k": "description",
                      "v": null
                    },
                    {
                      "k": "disabled",
                      "v": false
                    },
                    {
                      "k": "downloads_url",
                      "v": "https://api.github.com/repos/endrycofr/terraform_aws/downloads"
                    },
                    {
                      "k": "events_url",
                      "v": "https://api.github.com/repos/endrycofr/terraform_aws/events"
                    },
                    {
                      "k": "fork",
                      "v": false
                    },
                    {
                      "k": "forks",
                      "v": 0.0
                    },
                    {
                      "k": "forks_count",
                      "v": 0.0
                    },
                    {
                      "k": "forks_url",
                      "v": "https://api.github.com/repos/endrycofr/terraform_aws/forks"
                    },
                    {
                      "k": "full_name",
                      "v": "endrycofr/terraform_aws"
                    },
                    {
                      "k": "git_commits_url",
                      "v": "https://api.github.com/repos/endrycofr/terraform_aws/git/commits{/sha}"
                    },
                    {
                      "k": "git_refs_url",
                      "v": "https://api.github.com/repos/endrycofr/terraform_aws/git/refs{/sha}"
                    },
                    {
                      "k": "git_tags_url",
                      "v": "https://api.github.com/repos/endrycofr/terraform_aws/git/tags{/sha}"
                    },
                    {
                      "k": "git_url",
                      "v": "git://github.com/endrycofr/terraform_aws.git"
                    },
                    {
                      "k": "has_discussions",
                      "v": false
                    },
                    {
                      "k": "has_downloads",
                      "v": true
                    },
                    {
                      "k": "has_issues",
                      "v": true
                    },
                    {
                      "k": "has_pages",
                      "v": false
                    },
                    {
                      "k": "has_projects",
                      "v": true
                    },
                    {
                      "k": "has_wiki",
                      "v": true
                    },
                    {
                      "k": "homepage",
                      "v": null
                    },
                    {
                      "k": "hooks_url",
                      "v": "https://api.github.com/repos/endrycofr/terraform_aws/hooks"
                    },
                    {
                      "k": "html_url",
                      "v": "https://github.com/endrycofr/terraform_aws"
                    },
                    {
                      "k": "id",
                      "v": 1046656850.0
                    },
                    {
                      "k": "is_template",
                      "v": false
                    },
                    {
                      "k": "issue_comment_url",
                      "v": "https://api.github.com/repos/endrycofr/terraform_aws/issues/comments{/number}"
                    },
                    {
                      "k": "issue_events_url",
                      "v": "https://api.github.com/repos/endrycofr/terraform_aws/issues/events{/number}"
                    },
                    {
                      "k": "issues_url",
                      "v": "https://api.github.com/repos/endrycofr/terraform_aws/issues{/number}"
                    },
                    {
                      "k": "keys_url",
                      "v": "https://api.github.com/repos/endrycofr/terraform_aws/keys{/key_id}"
                    },
                    {
                      "k": "labels_url",
                      "v": "https://api.github.com/repos/endrycofr/terraform_aws/labels{/name}"
                    },
                    {
                      "k": "language",
                      "v": "HCL"
                    },
                    {
                      "k": "languages_url",
                      "v": "https://api.github.com/repos/endrycofr/terraform_aws/languages"
                    },
                    {
                      "k": "license",
                      "v": null
                    },
                    {
                      "k": "master_branch",
                      "v": "main"
                    },
                    {
                      "k": "merges_url",
                      "v": "https://api.github.com/repos/endrycofr/terraform_aws/merges"
                    },
                    {
                      "k": "milestones_url",
                      "v": "https://api.github.com/repos/endrycofr/terraform_aws/milestones{/number}"
                    },
                    {
                      "k": "mirror_url",
                      "v": null
                    },
                    {
                      "k": "name",
                      "v": "terraform_aws"
                    },
                    {
                      "k": "node_id",
                      "v": "R_kgDOPmK3Ug"
                    },
                    {
                      "k": "notifications_url",
                      "v": "https://api.github.com/repos/endrycofr/terraform_aws/notifications{?since,all,participating}"
                    },
                    {
                      "k": "open_issues",
                      "v": 0.0
                    },
                    {
                      "k": "open_issues_count",
                      "v": 0.0
                    },
                    {
                      "k": "owner",
                      "v": {
                        "t": 2,
                        "d": [
                          {
                            "k": "avatar_url",
                            "v": "https://avatars.githubusercontent.com/u/88662707?v=4"
                          },
                          {
                            "k": "email",
                            "v": "88662707+endrycofr@users.noreply.github.com"
                          },
                          {
                            "k": "events_url",
                            "v": "https://api.github.com/users/endrycofr/events{/privacy}"
                          },
                          {
                            "k": "followers_url",
                            "v": "https://api.github.com/users/endrycofr/followers"
                          },
                          {
                            "k": "following_url",
                            "v": "https://api.github.com/users/endrycofr/following{/other_user}"
                          },
                          {
                            "k": "gists_url",
                            "v": "https://api.github.com/users/endrycofr/gists{/gist_id}"
                          },
                          {
                            "k": "gravatar_id",
                            "v": ""
                          },
                          {
                            "k": "html_url",
                            "v": "https://github.com/endrycofr"
                          },
                          {
                            "k": "id",
                            "v": 88662707.0
                          },
                          {
                            "k": "login",
                            "v": "endrycofr"
                          },
                          {
                            "k": "name",
                            "v": "endrycofr"
                          },
                          {
                            "k": "node_id",
                            "v": "MDQ6VXNlcjg4NjYyNzA3"
                          },
                          {
                            "k": "organizations_url",
                            "v": "https://api.github.com/users/endrycofr/orgs"
                          },
                          {
                            "k": "received_events_url",
                            "v": "https://api.github.com/users/endrycofr/received_events"
                          },
                          {
                            "k": "repos_url",
                            "v": "https://api.github.com/users/endrycofr/repos"
                          },
                          {
                            "k": "site_admin",
                            "v": false
                          },
                          {
                            "k": "starred_url",
                            "v": "https://api.github.com/users/endrycofr/starred{/owner}{/repo}"
                          },
                          {
                            "k": "subscriptions_url",
                            "v": "https://api.github.com/users/endrycofr/subscriptions"
                          },
                          {
                            "k": "type",
                            "v": "User"
                          },
                          {
                            "k": "url",
                            "v": "https://api.github.com/users/endrycofr"
                          },
                          {
                            "k": "user_view_type",
                            "v": "public"
                          }
                        ]
                      }
                    },
                    {
                      "k": "private",
                      "v": false
                    },
                    {
                      "k": "pulls_url",
                      "v": "https://api.github.com/repos/endrycofr/terraform_aws/pulls{/number}"
                    },
                    {
                      "k": "pushed_at",
                      "v": 1756470601.0
                    },
                    {
                      "k": "releases_url",
                      "v": "https://api.github.com/repos/endrycofr/terraform_aws/releases{/id}"
                    },
                    {
                      "k": "size",
                      "v": 3.0
                    },
                    {
                      "k": "ssh_url",
                      "v": "git@github.com:endrycofr/terraform_aws.git"
                    },
                    {
                      "k": "stargazers",
                      "v": 0.0
                    },
                    {
                      "k": "stargazers_count",
                      "v": 0.0
                    },
                    {
                      "k": "stargazers_url",
                      "v": "https://api.github.com/repos/endrycofr/terraform_aws/stargazers"
                    },
                    {
                      "k": "statuses_url",
                      "v": "https://api.github.com/repos/endrycofr/terraform_aws/statuses/{sha}"
                    },
                    {
                      "k": "subscribers_url",
                      "v": "https://api.github.com/repos/endrycofr/terraform_aws/subscribers"
                    },
                    {
                      "k": "subscription_url",
                      "v": "https://api.github.com/repos/endrycofr/terraform_aws/subscription"
                    },
                    {
                      "k": "svn_url",
                      "v": "https://github.com/endrycofr/terraform_aws"
                    },
                    {
                      "k": "tags_url",
                      "v": "https://api.github.com/repos/endrycofr/terraform_aws/tags"
                    },
                    {
                      "k": "teams_url",
                      "v": "https://api.github.com/repos/endrycofr/terraform_aws/teams"
                    },
                    {
                      "k": "topics",
                      "v": {
                        "t": 1
                      }
                    },
                    {
                      "k": "trees_url",
                      "v": "https://api.github.com/repos/endrycofr/terraform_aws/git/trees{/sha}"
                    },
                    {
                      "k": "updated_at",
                      "v": "2025-08-29T03:03:46Z"
                    },
                    {
                      "k": "url",
                      "v": "https://api.github.com/repos/endrycofr/terraform_aws"
                    },
                    {
                      "k": "visibility",
                      "v": "public"
                    },
                    {
                      "k": "watchers",
                      "v": 0.0
                    },
                    {
                      "k": "watchers_count",
                      "v": 0.0
                    },
                    {
                      "k": "web_commit_signoff_required",
                      "v": false
                    }
                  ]
                }
              },
              {
                "k": "sender",
                "v": {
                  "t": 2,
                  "d": [
                    {
                      "k": "avatar_url",
                      "v": "https://avatars.githubusercontent.com/u/88662707?v=4"
                    },
                    {
                      "k": "events_url",
                      "v": "https://api.github.com/users/endrycofr/events{/privacy}"
                    },
                    {
                      "k": "followers_url",
                      "v": "https://api.github.com/users/endrycofr/followers"
                    },
                    {
                      "k": "following_url",
                      "v": "https://api.github.com/users/endrycofr/following{/other_user}"
                    },
                    {
                      "k": "gists_url",
                      "v": "https://api.github.com/users/endrycofr/gists{/gist_id}"
                    },
                    {
                      "k": "gravatar_id",
                      "v": ""
                    },
                    {
                      "k": "html_url",
                      "v": "https://github.com/endrycofr"
                    },
                    {
                      "k": "id",
                      "v": 88662707.0
                    },
                    {
                      "k": "login",
                      "v": "endrycofr"
                    },
                    {
                      "k": "node_id",
                      "v": "MDQ6VXNlcjg4NjYyNzA3"
                    },
                    {
                      "k": "organizations_url",
                      "v": "https://api.github.com/users/endrycofr/orgs"
                    },
                    {
                      "k": "received_events_url",
                      "v": "https://api.github.com/users/endrycofr/received_events"
                    },
                    {
                      "k": "repos_url",
                      "v": "https://api.github.com/users/endrycofr/repos"
                    },
                    {
                      "k": "site_admin",
                      "v": false
                    },
                    {
                      "k": "starred_url",
                      "v": "https://api.github.com/users/endrycofr/starred{/owner}{/repo}"
                    },
                    {
                      "k": "subscriptions_url",
                      "v": "https://api.github.com/users/endrycofr/subscriptions"
                    },
                    {
                      "k": "type",
                      "v": "User"
                    },
                    {
                      "k": "url",
                      "v": "https://api.github.com/users/endrycofr"
                    },
                    {
                      "k": "user_view_type",
                      "v": "public"
                    }
                  ]
                }
              }
            ]
          }
        },
        {
          "k": "workflow_ref",
          "v": "endrycofr/terraform_aws/.github/workflows/deploy.yml@refs/heads/main"
        },
        {
          "k": "workflow_sha",
          "v": "b723ebe54acb05b966051f00865aef11dcb940cc"
        },
        {
          "k": "repository_id",
          "v": "1046656850"
        },
        {
          "k": "triggering_actor",
          "v": "endrycofr"
        }
      ]
    },
    "inputs": {
      "t": 2
    },
    "matrix": null,
    "needs": {
      "t": 2
    },
    "strategy": {
      "t": 2,
      "d": [
        {
          "k": "fail-fast",
          "v": true
        },
        {
          "k": "job-index",
          "v": 0.0
        },
        {
          "k": "job-total",
          "v": 1.0
        },
        {
          "k": "max-parallel",
          "v": 1.0
        }
      ]
    },
    "vars": {
      "t": 2
    }
  },
  "billingOwnerId": "U_kgDOBUjisw"
}
[2025-08-29 12:33:31Z INFO JobRunner] Job ID 2f816d49-b71e-5858-bdbd-30135e196a17
[2025-08-29 12:33:31Z INFO ConfigurationStore] currentAssemblyLocation: /home/ec2-user/environment/aws_automation/actions-runner/bin/Runner.Worker.dll
[2025-08-29 12:33:31Z INFO HostContext] Well known directory 'Bin': '/home/ec2-user/environment/aws_automation/actions-runner/bin'
[2025-08-29 12:33:31Z INFO ConfigurationStore] binPath: /home/ec2-user/environment/aws_automation/actions-runner/bin
[2025-08-29 12:33:31Z INFO HostContext] Well known directory 'Bin': '/home/ec2-user/environment/aws_automation/actions-runner/bin'
[2025-08-29 12:33:31Z INFO HostContext] Well known directory 'Root': '/home/ec2-user/environment/aws_automation/actions-runner'
[2025-08-29 12:33:31Z INFO ConfigurationStore] RootFolder: /home/ec2-user/environment/aws_automation/actions-runner
[2025-08-29 12:33:31Z INFO HostContext] Well known directory 'Bin': '/home/ec2-user/environment/aws_automation/actions-runner/bin'
[2025-08-29 12:33:31Z INFO HostContext] Well known directory 'Root': '/home/ec2-user/environment/aws_automation/actions-runner'
[2025-08-29 12:33:31Z INFO HostContext] Well known config file 'Runner': '/home/ec2-user/environment/aws_automation/actions-runner/.runner'
[2025-08-29 12:33:31Z INFO ConfigurationStore] ConfigFilePath: /home/ec2-user/environment/aws_automation/actions-runner/.runner
[2025-08-29 12:33:31Z INFO HostContext] Well known directory 'Bin': '/home/ec2-user/environment/aws_automation/actions-runner/bin'
[2025-08-29 12:33:31Z INFO HostContext] Well known directory 'Root': '/home/ec2-user/environment/aws_automation/actions-runner'
[2025-08-29 12:33:31Z INFO HostContext] Well known config file 'MigratedRunner': '/home/ec2-user/environment/aws_automation/actions-runner/.runner_migrated'
[2025-08-29 12:33:31Z INFO ConfigurationStore] MigratedConfigFilePath: /home/ec2-user/environment/aws_automation/actions-runner/.runner_migrated
[2025-08-29 12:33:31Z INFO HostContext] Well known directory 'Bin': '/home/ec2-user/environment/aws_automation/actions-runner/bin'
[2025-08-29 12:33:31Z INFO HostContext] Well known directory 'Root': '/home/ec2-user/environment/aws_automation/actions-runner'
[2025-08-29 12:33:31Z INFO HostContext] Well known config file 'Credentials': '/home/ec2-user/environment/aws_automation/actions-runner/.credentials'
[2025-08-29 12:33:31Z INFO ConfigurationStore] CredFilePath: /home/ec2-user/environment/aws_automation/actions-runner/.credentials
[2025-08-29 12:33:31Z INFO HostContext] Well known directory 'Bin': '/home/ec2-user/environment/aws_automation/actions-runner/bin'
[2025-08-29 12:33:31Z INFO HostContext] Well known directory 'Root': '/home/ec2-user/environment/aws_automation/actions-runner'
[2025-08-29 12:33:31Z INFO HostContext] Well known config file 'MigratedCredentials': '/home/ec2-user/environment/aws_automation/actions-runner/.credentials_migrated'
[2025-08-29 12:33:31Z INFO ConfigurationStore] MigratedCredFilePath: /home/ec2-user/environment/aws_automation/actions-runner/.credentials_migrated
[2025-08-29 12:33:31Z INFO HostContext] Well known directory 'Bin': '/home/ec2-user/environment/aws_automation/actions-runner/bin'
[2025-08-29 12:33:31Z INFO HostContext] Well known directory 'Root': '/home/ec2-user/environment/aws_automation/actions-runner'
[2025-08-29 12:33:31Z INFO HostContext] Well known config file 'Service': '/home/ec2-user/environment/aws_automation/actions-runner/.service'
[2025-08-29 12:33:31Z INFO ConfigurationStore] ServiceConfigFilePath: /home/ec2-user/environment/aws_automation/actions-runner/.service
[2025-08-29 12:33:31Z INFO ConfigurationStore] Read setting file: 392 chars
[2025-08-29 12:33:32Z INFO JobRunner] Initializing launch client
[2025-08-29 12:33:32Z INFO JobServerQueue] Initializing results client
[2025-08-29 12:33:32Z INFO ResultServer] Creating websocket client ...wss://results-receiver.actions.githubusercontent.com/_ws/ingest.sock
[2025-08-29 12:33:32Z INFO ResultServer] Attempting to start websocket client with delay 00:00:00.
[2025-08-29 12:33:32Z INFO JobServerQueue] Start process web console line queue.
[2025-08-29 12:33:32Z INFO JobServerQueue] Start process file upload queue.
[2025-08-29 12:33:32Z INFO JobServerQueue] Start results file upload queue.
[2025-08-29 12:33:32Z INFO JobServerQueue] Starting results-based upload queue...
[2025-08-29 12:33:32Z INFO JobServerQueue] Start process timeline update queue.
[2025-08-29 12:33:32Z INFO ExecutionContext] Initializing Job context
[2025-08-29 12:33:32Z INFO ExecutionContext] Initialize GitHub context
[2025-08-29 12:33:32Z INFO ExecutionContext] Initialize Env context
[2025-08-29 12:33:32Z INFO HostContext] Well known directory 'Bin': '/home/ec2-user/environment/aws_automation/actions-runner/bin'
[2025-08-29 12:33:32Z INFO HostContext] Well known directory 'Root': '/home/ec2-user/environment/aws_automation/actions-runner'
[2025-08-29 12:33:32Z INFO HostContext] Well known directory 'Diag': '/home/ec2-user/environment/aws_automation/actions-runner/_diag'
[2025-08-29 12:33:32Z INFO HostContext] Well known directory 'Bin': '/home/ec2-user/environment/aws_automation/actions-runner/bin'
[2025-08-29 12:33:32Z INFO HostContext] Well known directory 'Root': '/home/ec2-user/environment/aws_automation/actions-runner'
[2025-08-29 12:33:32Z INFO HostContext] Well known directory 'Diag': '/home/ec2-user/environment/aws_automation/actions-runner/_diag'
[2025-08-29 12:33:32Z INFO JobRunner] Starting the job execution context.
[2025-08-29 12:33:32Z INFO HostContext] Well known directory 'Bin': '/home/ec2-user/environment/aws_automation/actions-runner/bin'
[2025-08-29 12:33:32Z INFO HostContext] Well known directory 'Root': '/home/ec2-user/environment/aws_automation/actions-runner'
[2025-08-29 12:33:32Z INFO HostContext] Well known directory 'Work': '/home/ec2-user/environment/aws_automation/actions-runner/_work'
[2025-08-29 12:33:32Z INFO JobRunner] Validating directory permissions for: '/home/ec2-user/environment/aws_automation/actions-runner/_work'
[2025-08-29 12:33:32Z INFO HostContext] Well known directory 'Bin': '/home/ec2-user/environment/aws_automation/actions-runner/bin'
[2025-08-29 12:33:32Z INFO HostContext] Well known directory 'Root': '/home/ec2-user/environment/aws_automation/actions-runner'
[2025-08-29 12:33:32Z INFO HostContext] Well known directory 'Work': '/home/ec2-user/environment/aws_automation/actions-runner/_work'
[2025-08-29 12:33:32Z INFO HostContext] Well known directory 'Tools': '/home/ec2-user/environment/aws_automation/actions-runner/_work/_tool'
[2025-08-29 12:33:32Z INFO HostContext] Well known directory 'Bin': '/home/ec2-user/environment/aws_automation/actions-runner/bin'
[2025-08-29 12:33:32Z INFO HostContext] Well known directory 'Root': '/home/ec2-user/environment/aws_automation/actions-runner'
[2025-08-29 12:33:32Z INFO HostContext] Well known directory 'Work': '/home/ec2-user/environment/aws_automation/actions-runner/_work'
[2025-08-29 12:33:32Z INFO HostContext] Well known directory 'Temp': '/home/ec2-user/environment/aws_automation/actions-runner/_work/_temp'
[2025-08-29 12:33:32Z INFO JobRunner] Getting job extension.
[2025-08-29 12:33:32Z INFO JobRunner] Initialize job. Getting all job steps.
[2025-08-29 12:33:32Z INFO HostContext] Well known directory 'Bin': '/home/ec2-user/environment/aws_automation/actions-runner/bin'
[2025-08-29 12:33:32Z INFO HostContext] Well known directory 'Root': '/home/ec2-user/environment/aws_automation/actions-runner'
[2025-08-29 12:33:32Z INFO HostContext] Well known directory 'Diag': '/home/ec2-user/environment/aws_automation/actions-runner/_diag'
[2025-08-29 12:33:32Z INFO HostContext] Well known directory 'Bin': '/home/ec2-user/environment/aws_automation/actions-runner/bin'
[2025-08-29 12:33:32Z INFO HostContext] Well known directory 'Root': '/home/ec2-user/environment/aws_automation/actions-runner'
[2025-08-29 12:33:32Z INFO HostContext] Well known directory 'Diag': '/home/ec2-user/environment/aws_automation/actions-runner/_diag'
[2025-08-29 12:33:32Z INFO HostContext] Well known directory 'Bin': '/home/ec2-user/environment/aws_automation/actions-runner/bin'
[2025-08-29 12:33:32Z INFO HostContext] Well known directory 'Root': '/home/ec2-user/environment/aws_automation/actions-runner'
[2025-08-29 12:33:32Z INFO HostContext] Well known config file 'Credentials': '/home/ec2-user/environment/aws_automation/actions-runner/.credentials'
[2025-08-29 12:33:32Z INFO HostContext] Well known directory 'Bin': '/home/ec2-user/environment/aws_automation/actions-runner/bin'
[2025-08-29 12:33:32Z INFO HostContext] Well known directory 'Root': '/home/ec2-user/environment/aws_automation/actions-runner'
[2025-08-29 12:33:32Z INFO HostContext] Well known config file 'SetupInfo': '/home/ec2-user/environment/aws_automation/actions-runner/.setup_info'
[2025-08-29 12:33:32Z INFO HostContext] Well known directory 'Bin': '/home/ec2-user/environment/aws_automation/actions-runner/bin'
[2025-08-29 12:33:32Z INFO HostContext] Well known directory 'Root': '/home/ec2-user/environment/aws_automation/actions-runner'
[2025-08-29 12:33:32Z INFO HostContext] Well known directory 'Work': '/home/ec2-user/environment/aws_automation/actions-runner/_work'
[2025-08-29 12:33:32Z INFO PipelineDirectoryManager] Loading tracking config if exists: /home/ec2-user/environment/aws_automation/actions-runner/_work/_PipelineMapping/endrycofr/terraform_aws/PipelineFolder.json
[2025-08-29 12:33:32Z INFO PipelineDirectoryManager] Creating a new tracking config file.
[2025-08-29 12:33:32Z INFO HostContext] Well known directory 'Bin': '/home/ec2-user/environment/aws_automation/actions-runner/bin'
[2025-08-29 12:33:32Z INFO HostContext] Well known directory 'Root': '/home/ec2-user/environment/aws_automation/actions-runner'
[2025-08-29 12:33:32Z INFO HostContext] Well known directory 'Work': '/home/ec2-user/environment/aws_automation/actions-runner/_work'
[2025-08-29 12:33:32Z INFO PipelineDirectoryManager] Creating pipeline directory.
[2025-08-29 12:33:32Z INFO HostContext] Well known directory 'Bin': '/home/ec2-user/environment/aws_automation/actions-runner/bin'
[2025-08-29 12:33:32Z INFO HostContext] Well known directory 'Root': '/home/ec2-user/environment/aws_automation/actions-runner'
[2025-08-29 12:33:32Z INFO HostContext] Well known directory 'Work': '/home/ec2-user/environment/aws_automation/actions-runner/_work'
[2025-08-29 12:33:32Z INFO PipelineDirectoryManager] Creating workspace directory.
[2025-08-29 12:33:32Z INFO HostContext] Well known directory 'Bin': '/home/ec2-user/environment/aws_automation/actions-runner/bin'
[2025-08-29 12:33:32Z INFO HostContext] Well known directory 'Root': '/home/ec2-user/environment/aws_automation/actions-runner'
[2025-08-29 12:33:32Z INFO HostContext] Well known directory 'Work': '/home/ec2-user/environment/aws_automation/actions-runner/_work'
[2025-08-29 12:33:32Z INFO JobExtension] Downloading actions
[2025-08-29 12:33:32Z INFO HostContext] Well known directory 'Bin': '/home/ec2-user/environment/aws_automation/actions-runner/bin'
[2025-08-29 12:33:32Z INFO HostContext] Well known directory 'Root': '/home/ec2-user/environment/aws_automation/actions-runner'
[2025-08-29 12:33:32Z INFO HostContext] Well known directory 'Work': '/home/ec2-user/environment/aws_automation/actions-runner/_work'
[2025-08-29 12:33:32Z INFO HostContext] Well known directory 'Actions': '/home/ec2-user/environment/aws_automation/actions-runner/_work/_actions'
[2025-08-29 12:33:32Z INFO JobExtension] Adding .
[2025-08-29 12:33:32Z INFO JobExtension] Adding .
[2025-08-29 12:33:32Z INFO HostContext] Well known directory 'Bin': '/home/ec2-user/environment/aws_automation/actions-runner/bin'
[2025-08-29 12:33:32Z INFO HostContext] Well known directory 'Root': '/home/ec2-user/environment/aws_automation/actions-runner'
[2025-08-29 12:33:32Z INFO HostContext] Well known directory 'Diag': '/home/ec2-user/environment/aws_automation/actions-runner/_diag'
[2025-08-29 12:33:32Z INFO HostContext] Well known directory 'Bin': '/home/ec2-user/environment/aws_automation/actions-runner/bin'
[2025-08-29 12:33:32Z INFO HostContext] Well known directory 'Root': '/home/ec2-user/environment/aws_automation/actions-runner'
[2025-08-29 12:33:32Z INFO HostContext] Well known directory 'Diag': '/home/ec2-user/environment/aws_automation/actions-runner/_diag'
[2025-08-29 12:33:32Z INFO HostContext] Well known directory 'Bin': '/home/ec2-user/environment/aws_automation/actions-runner/bin'
[2025-08-29 12:33:32Z INFO HostContext] Well known directory 'Root': '/home/ec2-user/environment/aws_automation/actions-runner'
[2025-08-29 12:33:32Z INFO HostContext] Well known directory 'Diag': '/home/ec2-user/environment/aws_automation/actions-runner/_diag'
[2025-08-29 12:33:32Z INFO HostContext] Well known directory 'Bin': '/home/ec2-user/environment/aws_automation/actions-runner/bin'
[2025-08-29 12:33:32Z INFO HostContext] Well known directory 'Root': '/home/ec2-user/environment/aws_automation/actions-runner'
[2025-08-29 12:33:32Z INFO HostContext] Well known directory 'Diag': '/home/ec2-user/environment/aws_automation/actions-runner/_diag'
[2025-08-29 12:33:32Z INFO JobExtension] Total accessible running process: 117.
[2025-08-29 12:33:32Z INFO HostContext] Well known directory 'Bin': '/home/ec2-user/environment/aws_automation/actions-runner/bin'
[2025-08-29 12:33:32Z INFO HostContext] Well known directory 'Root': '/home/ec2-user/environment/aws_automation/actions-runner'
[2025-08-29 12:33:32Z INFO HostContext] Well known directory 'Work': '/home/ec2-user/environment/aws_automation/actions-runner/_work'
[2025-08-29 12:33:32Z INFO JobExtension] Start checking service connectivity in background.
[2025-08-29 12:33:32Z INFO ExecutionContext] Publish step telemetry for current step {
  "action": "setup_job",
  "type": "runner",
  "stage": "Pre",
  "stepId": "41e14094-b331-4768-8d7b-d16b19877409",
  "result": "succeeded",
  "errorMessages": [],
  "executionTimeInSeconds": 1,
  "startTime": "2025-08-29T12:33:32.1226776Z",
  "finishTime": "2025-08-29T12:33:32.2356193Z"
}.
[2025-08-29 12:33:32Z INFO JobRunner] Total job steps: 2.
[2025-08-29 12:33:32Z INFO JobRunner] Run all job steps.
[2025-08-29 12:33:32Z INFO StepsRunner] Processing step: DisplayName='Show runner hostname'
[2025-08-29 12:33:32Z INFO StepsRunner] Evaluating: success()
[2025-08-29 12:33:32Z INFO StepsRunner] Result: true
[2025-08-29 12:33:32Z INFO StepsRunner] Starting the step.
[2025-08-29 12:33:32Z INFO HostContext] Well known directory 'Bin': '/home/ec2-user/environment/aws_automation/actions-runner/bin'
[2025-08-29 12:33:32Z INFO HostContext] Well known directory 'Root': '/home/ec2-user/environment/aws_automation/actions-runner'
[2025-08-29 12:33:32Z INFO HostContext] Well known directory 'Work': '/home/ec2-user/environment/aws_automation/actions-runner/_work'
[2025-08-29 12:33:32Z INFO HostContext] Well known directory 'Temp': '/home/ec2-user/environment/aws_automation/actions-runner/_work/_temp'
[2025-08-29 12:33:32Z INFO ExecutionContext] Write event payload to /home/ec2-user/environment/aws_automation/actions-runner/_work/_temp/_github_workflow/event.json
[2025-08-29 12:33:32Z INFO HostContext] Well known directory 'Bin': '/home/ec2-user/environment/aws_automation/actions-runner/bin'
[2025-08-29 12:33:32Z INFO HostContext] Well known directory 'Root': '/home/ec2-user/environment/aws_automation/actions-runner'
[2025-08-29 12:33:32Z INFO HostContext] Well known directory 'Work': '/home/ec2-user/environment/aws_automation/actions-runner/_work'
[2025-08-29 12:33:32Z INFO HostContext] Well known directory 'Temp': '/home/ec2-user/environment/aws_automation/actions-runner/_work/_temp'
[2025-08-29 12:33:32Z INFO ExtensionManager] Getting extensions for interface: 'GitHub.Runner.Worker.IFileCommandExtension'
[2025-08-29 12:33:32Z INFO ExtensionManager] Creating instance: GitHub.Runner.Worker.AddPathFileCommand, Runner.Worker
[2025-08-29 12:33:32Z INFO ExtensionManager] Creating instance: GitHub.Runner.Worker.SetEnvFileCommand, Runner.Worker
[2025-08-29 12:33:32Z INFO ExtensionManager] Creating instance: GitHub.Runner.Worker.CreateStepSummaryCommand, Runner.Worker
[2025-08-29 12:33:32Z INFO ExtensionManager] Creating instance: GitHub.Runner.Worker.SaveStateFileCommand, Runner.Worker
[2025-08-29 12:33:32Z INFO ExtensionManager] Creating instance: GitHub.Runner.Worker.SetOutputFileCommand, Runner.Worker
[2025-08-29 12:33:32Z INFO ExtensionManager] Getting extensions for interface: 'GitHub.Runner.Worker.IActionCommandExtension'
[2025-08-29 12:33:32Z INFO ExtensionManager] Creating instance: GitHub.Runner.Worker.InternalPluginSetRepoPathCommandExtension, Runner.Worker
[2025-08-29 12:33:32Z INFO ExtensionManager] Creating instance: GitHub.Runner.Worker.SetEnvCommandExtension, Runner.Worker
[2025-08-29 12:33:32Z INFO ExtensionManager] Creating instance: GitHub.Runner.Worker.SetOutputCommandExtension, Runner.Worker
[2025-08-29 12:33:32Z INFO ExtensionManager] Creating instance: GitHub.Runner.Worker.SaveStateCommandExtension, Runner.Worker
[2025-08-29 12:33:32Z INFO ExtensionManager] Creating instance: GitHub.Runner.Worker.AddPathCommandExtension, Runner.Worker
[2025-08-29 12:33:32Z INFO ExtensionManager] Creating instance: GitHub.Runner.Worker.AddMaskCommandExtension, Runner.Worker
[2025-08-29 12:33:32Z INFO ExtensionManager] Creating instance: GitHub.Runner.Worker.AddMatcherCommandExtension, Runner.Worker
[2025-08-29 12:33:32Z INFO ExtensionManager] Creating instance: GitHub.Runner.Worker.RemoveMatcherCommandExtension, Runner.Worker
[2025-08-29 12:33:32Z INFO ExtensionManager] Creating instance: GitHub.Runner.Worker.WarningCommandExtension, Runner.Worker
[2025-08-29 12:33:32Z INFO ExtensionManager] Creating instance: GitHub.Runner.Worker.ErrorCommandExtension, Runner.Worker
[2025-08-29 12:33:32Z INFO ExtensionManager] Creating instance: GitHub.Runner.Worker.NoticeCommandExtension, Runner.Worker
[2025-08-29 12:33:32Z INFO ExtensionManager] Creating instance: GitHub.Runner.Worker.DebugCommandExtension, Runner.Worker
[2025-08-29 12:33:32Z INFO ExtensionManager] Creating instance: GitHub.Runner.Worker.GroupCommandExtension, Runner.Worker
[2025-08-29 12:33:32Z INFO ExtensionManager] Creating instance: GitHub.Runner.Worker.EndGroupCommandExtension, Runner.Worker
[2025-08-29 12:33:32Z INFO ExtensionManager] Creating instance: GitHub.Runner.Worker.EchoCommandExtension, Runner.Worker
[2025-08-29 12:33:32Z INFO ActionCommandManager] Register action command extension for command internal-set-repo-path
[2025-08-29 12:33:32Z INFO ActionCommandManager] Register action command extension for command set-env
[2025-08-29 12:33:32Z INFO ActionCommandManager] Register action command extension for command set-output
[2025-08-29 12:33:32Z INFO ActionCommandManager] Register action command extension for command save-state
[2025-08-29 12:33:32Z INFO ActionCommandManager] Register action command extension for command add-path
[2025-08-29 12:33:32Z INFO ActionCommandManager] Register action command extension for command add-mask
[2025-08-29 12:33:32Z INFO ActionCommandManager] Register action command extension for command add-matcher
[2025-08-29 12:33:32Z INFO ActionCommandManager] Register action command extension for command remove-matcher
[2025-08-29 12:33:32Z INFO ActionCommandManager] Register action command extension for command warning
[2025-08-29 12:33:32Z INFO ActionCommandManager] Register action command extension for command error
[2025-08-29 12:33:32Z INFO ActionCommandManager] Register action command extension for command notice
[2025-08-29 12:33:32Z INFO ActionCommandManager] Register action command extension for command debug
[2025-08-29 12:33:32Z INFO ActionCommandManager] Register action command extension for command group
[2025-08-29 12:33:32Z INFO ActionCommandManager] Register action command extension for command endgroup
[2025-08-29 12:33:32Z INFO ActionCommandManager] Register action command extension for command echo
[2025-08-29 12:33:32Z INFO ScriptHandler] Which2: 'bash'
[2025-08-29 12:33:32Z INFO ScriptHandler] Location: '/usr/bin/bash'
[2025-08-29 12:33:32Z INFO HostContext] Well known directory 'Bin': '/home/ec2-user/environment/aws_automation/actions-runner/bin'
[2025-08-29 12:33:32Z INFO HostContext] Well known directory 'Root': '/home/ec2-user/environment/aws_automation/actions-runner'
[2025-08-29 12:33:32Z INFO HostContext] Well known directory 'Work': '/home/ec2-user/environment/aws_automation/actions-runner/_work'
[2025-08-29 12:33:32Z INFO HostContext] Well known directory 'Temp': '/home/ec2-user/environment/aws_automation/actions-runner/_work/_temp'
[2025-08-29 12:33:32Z INFO ScriptHandler] Which2: 'bash'
[2025-08-29 12:33:32Z INFO ScriptHandler] Location: '/usr/bin/bash'
[2025-08-29 12:33:32Z INFO ProcessInvokerWrapper] Starting process:
[2025-08-29 12:33:32Z INFO ProcessInvokerWrapper]   File name: '/usr/bin/bash'
[2025-08-29 12:33:32Z INFO ProcessInvokerWrapper]   Arguments: '-e /home/ec2-user/environment/aws_automation/actions-runner/_work/_temp/9291f404-4266-45e6-8eaf-58d1af262ca1.sh'
[2025-08-29 12:33:32Z INFO ProcessInvokerWrapper]   Working directory: '/home/ec2-user/environment/aws_automation/actions-runner/_work/terraform_aws/terraform_aws'
[2025-08-29 12:33:32Z INFO ProcessInvokerWrapper]   Require exit code zero: 'False'
[2025-08-29 12:33:32Z INFO ProcessInvokerWrapper]   Encoding web name:  ; code page: ''
[2025-08-29 12:33:32Z INFO ProcessInvokerWrapper]   Force kill process on cancellation: 'False'
[2025-08-29 12:33:32Z INFO ProcessInvokerWrapper]   Redirected STDIN: 'False'
[2025-08-29 12:33:32Z INFO ProcessInvokerWrapper]   Persist current code page: 'False'
[2025-08-29 12:33:32Z INFO ProcessInvokerWrapper]   Keep redirected STDIN open: 'False'
[2025-08-29 12:33:32Z INFO ProcessInvokerWrapper]   High priority process: 'False'
[2025-08-29 12:33:32Z INFO ProcessInvokerWrapper] Updated oom_score_adj to 500 for PID: 5145.
[2025-08-29 12:33:32Z INFO ProcessInvokerWrapper] Process started with process id 5145, waiting for process exit.
[2025-08-29 12:33:32Z INFO ProcessInvokerWrapper] STDOUT/STDERR stream read finished.
[2025-08-29 12:33:32Z INFO ProcessInvokerWrapper] STDOUT/STDERR stream read finished.
[2025-08-29 12:33:32Z INFO ProcessInvokerWrapper] Finished process 5145 with exit code 0, and elapsed time 00:00:00.0227068.
[2025-08-29 12:33:32Z INFO CreateStepSummaryCommand] Step Summary file (/home/ec2-user/environment/aws_automation/actions-runner/_work/_temp/_runner_file_commands/step_summary_46c88352-078c-4065-834c-a3a3d51d5f39) is empty; skipping attachment upload
[2025-08-29 12:33:32Z INFO Worker] Listening for cancel message from the channel.
[2025-08-29 12:33:32Z INFO StepsRunner] Step result: 
[2025-08-29 12:33:32Z INFO ExecutionContext] Publish step telemetry for current step {
  "action": "sh",
  "type": "run",
  "stage": "Main",
  "stepId": "4576ff3f-89b3-43ab-a767-a3394d9d4f8b",
  "stepContextName": "__run",
  "result": "succeeded",
  "errorMessages": [],
  "executionTimeInSeconds": 1,
  "startTime": "2025-08-29T12:33:32.257032Z",
  "finishTime": "2025-08-29T12:33:32.4032603Z"
}.
[2025-08-29 12:33:32Z INFO StepsRunner] No need for updating job result with current step result 'Succeeded'.
[2025-08-29 12:33:32Z INFO StepsRunner] Current state: job state = ''
[2025-08-29 12:33:32Z INFO StepsRunner] Processing step: DisplayName='Update web content'
[2025-08-29 12:33:32Z INFO Worker] Waiting for the job to complete or for a cancel message from the channel.
[2025-08-29 12:33:32Z INFO StepsRunner] Evaluating: success()
[2025-08-29 12:33:32Z INFO StepsRunner] Result: true
[2025-08-29 12:33:32Z INFO StepsRunner] Starting the step.
[2025-08-29 12:33:32Z INFO HostContext] Well known directory 'Bin': '/home/ec2-user/environment/aws_automation/actions-runner/bin'
[2025-08-29 12:33:32Z INFO HostContext] Well known directory 'Root': '/home/ec2-user/environment/aws_automation/actions-runner'
[2025-08-29 12:33:32Z INFO HostContext] Well known directory 'Work': '/home/ec2-user/environment/aws_automation/actions-runner/_work'
[2025-08-29 12:33:32Z INFO HostContext] Well known directory 'Temp': '/home/ec2-user/environment/aws_automation/actions-runner/_work/_temp'
[2025-08-29 12:33:32Z INFO ExecutionContext] Write event payload to /home/ec2-user/environment/aws_automation/actions-runner/_work/_temp/_github_workflow/event.json
[2025-08-29 12:33:32Z INFO HostContext] Well known directory 'Bin': '/home/ec2-user/environment/aws_automation/actions-runner/bin'
[2025-08-29 12:33:32Z INFO HostContext] Well known directory 'Root': '/home/ec2-user/environment/aws_automation/actions-runner'
[2025-08-29 12:33:32Z INFO HostContext] Well known directory 'Work': '/home/ec2-user/environment/aws_automation/actions-runner/_work'
[2025-08-29 12:33:32Z INFO HostContext] Well known directory 'Temp': '/home/ec2-user/environment/aws_automation/actions-runner/_work/_temp'
[2025-08-29 12:33:32Z INFO ExtensionManager] Getting extensions for interface: 'GitHub.Runner.Worker.IFileCommandExtension'
[2025-08-29 12:33:32Z INFO ExtensionManager] Getting extensions for interface: 'GitHub.Runner.Worker.IActionCommandExtension'
[2025-08-29 12:33:32Z INFO ActionCommandManager] Register action command extension for command internal-set-repo-path
[2025-08-29 12:33:32Z INFO ActionCommandManager] Register action command extension for command set-env
[2025-08-29 12:33:32Z INFO ActionCommandManager] Register action command extension for command set-output
[2025-08-29 12:33:32Z INFO ActionCommandManager] Register action command extension for command save-state
[2025-08-29 12:33:32Z INFO ActionCommandManager] Register action command extension for command add-path
[2025-08-29 12:33:32Z INFO ActionCommandManager] Register action command extension for command add-mask
[2025-08-29 12:33:32Z INFO ActionCommandManager] Register action command extension for command add-matcher
[2025-08-29 12:33:32Z INFO ActionCommandManager] Register action command extension for command remove-matcher
[2025-08-29 12:33:32Z INFO ActionCommandManager] Register action command extension for command warning
[2025-08-29 12:33:32Z INFO ActionCommandManager] Register action command extension for command error
[2025-08-29 12:33:32Z INFO ActionCommandManager] Register action command extension for command notice
[2025-08-29 12:33:32Z INFO ActionCommandManager] Register action command extension for command debug
[2025-08-29 12:33:32Z INFO ActionCommandManager] Register action command extension for command group
[2025-08-29 12:33:32Z INFO ActionCommandManager] Register action command extension for command endgroup
[2025-08-29 12:33:32Z INFO ActionCommandManager] Register action command extension for command echo
[2025-08-29 12:33:32Z INFO ScriptHandler] Which2: 'bash'
[2025-08-29 12:33:32Z INFO ScriptHandler] Location: '/usr/bin/bash'
[2025-08-29 12:33:32Z INFO HostContext] Well known directory 'Bin': '/home/ec2-user/environment/aws_automation/actions-runner/bin'
[2025-08-29 12:33:32Z INFO HostContext] Well known directory 'Root': '/home/ec2-user/environment/aws_automation/actions-runner'
[2025-08-29 12:33:32Z INFO HostContext] Well known directory 'Work': '/home/ec2-user/environment/aws_automation/actions-runner/_work'
[2025-08-29 12:33:32Z INFO HostContext] Well known directory 'Temp': '/home/ec2-user/environment/aws_automation/actions-runner/_work/_temp'
[2025-08-29 12:33:32Z INFO ScriptHandler] Which2: 'bash'
[2025-08-29 12:33:32Z INFO ScriptHandler] Location: '/usr/bin/bash'
[2025-08-29 12:33:32Z INFO ProcessInvokerWrapper] Starting process:
[2025-08-29 12:33:32Z INFO ProcessInvokerWrapper]   File name: '/usr/bin/bash'
[2025-08-29 12:33:32Z INFO ProcessInvokerWrapper]   Arguments: '-e /home/ec2-user/environment/aws_automation/actions-runner/_work/_temp/c2695657-cce4-4848-8249-7fe52e137961.sh'
[2025-08-29 12:33:32Z INFO ProcessInvokerWrapper]   Working directory: '/home/ec2-user/environment/aws_automation/actions-runner/_work/terraform_aws/terraform_aws'
[2025-08-29 12:33:32Z INFO ProcessInvokerWrapper]   Require exit code zero: 'False'
[2025-08-29 12:33:32Z INFO ProcessInvokerWrapper]   Encoding web name:  ; code page: ''
[2025-08-29 12:33:32Z INFO ProcessInvokerWrapper]   Force kill process on cancellation: 'False'
[2025-08-29 12:33:32Z INFO ProcessInvokerWrapper]   Redirected STDIN: 'False'
[2025-08-29 12:33:32Z INFO ProcessInvokerWrapper]   Persist current code page: 'False'
[2025-08-29 12:33:32Z INFO ProcessInvokerWrapper]   Keep redirected STDIN open: 'False'
[2025-08-29 12:33:32Z INFO ProcessInvokerWrapper]   High priority process: 'False'
[2025-08-29 12:33:32Z INFO ProcessInvokerWrapper] Updated oom_score_adj to 500 for PID: 5148.
[2025-08-29 12:33:32Z INFO ProcessInvokerWrapper] Process started with process id 5148, waiting for process exit.
[2025-08-29 12:33:32Z INFO ProcessInvokerWrapper] STDOUT/STDERR stream read finished.
[2025-08-29 12:33:32Z INFO ProcessInvokerWrapper] STDOUT/STDERR stream read finished.
[2025-08-29 12:33:32Z INFO ProcessInvokerWrapper] Finished process 5148 with exit code 128, and elapsed time 00:00:00.0137644.
[2025-08-29 12:33:32Z INFO ResultServer] Successfully started websocket client.
[2025-08-29 12:33:32Z INFO CreateStepSummaryCommand] Step Summary file (/home/ec2-user/environment/aws_automation/actions-runner/_work/_temp/_runner_file_commands/step_summary_350a460a-0fe6-48da-9ef8-f0a8b7c63731) is empty; skipping attachment upload
[2025-08-29 12:33:32Z INFO StepsRunner] Step result: Failed
[2025-08-29 12:33:32Z INFO ExecutionContext] Publish step telemetry for current step {
  "action": "sh",
  "type": "run",
  "stage": "Main",
  "stepId": "faf4c03a-efbc-4c20-b535-0601c887bed3",
  "stepContextName": "__run_2",
  "result": "failed",
  "errorMessages": [
    "Process completed with exit code 128."
  ],
  "executionTimeInSeconds": 1,
  "startTime": "2025-08-29T12:33:32.4053142Z",
  "finishTime": "2025-08-29T12:33:32.4357745Z"
}.
[2025-08-29 12:33:32Z INFO StepsRunner] Update job result with current step result 'Failed'.
[2025-08-29 12:33:32Z INFO StepsRunner] Current state: job state = 'Failed'
[2025-08-29 12:33:32Z INFO JobRunner] Finalize job.
[2025-08-29 12:33:32Z INFO JobServerQueue] Try to append 1 batches web console lines for record '41e14094-b331-4768-8d7b-d16b19877409', success rate: 1/1.
[2025-08-29 12:33:32Z INFO HostContext] Well known directory 'Bin': '/home/ec2-user/environment/aws_automation/actions-runner/bin'
[2025-08-29 12:33:32Z INFO HostContext] Well known directory 'Root': '/home/ec2-user/environment/aws_automation/actions-runner'
[2025-08-29 12:33:32Z INFO HostContext] Well known directory 'Diag': '/home/ec2-user/environment/aws_automation/actions-runner/_diag'
[2025-08-29 12:33:32Z INFO HostContext] Well known directory 'Bin': '/home/ec2-user/environment/aws_automation/actions-runner/bin'
[2025-08-29 12:33:32Z INFO HostContext] Well known directory 'Root': '/home/ec2-user/environment/aws_automation/actions-runner'
[2025-08-29 12:33:32Z INFO HostContext] Well known directory 'Diag': '/home/ec2-user/environment/aws_automation/actions-runner/_diag'
[2025-08-29 12:33:32Z INFO JobExtension] Initialize Env context
[2025-08-29 12:33:32Z INFO JobExtension] Initialize steps context
[2025-08-29 12:33:32Z INFO JobExtension] Total accessible running process: 117.
[2025-08-29 12:33:32Z INFO JobExtension] Inspecting process environment variables. PID: 2897 (kworker/1:2-mm_percpu_wq)
[2025-08-29 12:33:32Z INFO LinuxProcessExtensions] Read env from /proc/2897/environ
[2025-08-29 12:33:32Z WARN JobExtension] Ignore exception during read process environment variables: Access to the path '/proc/2897/environ' is denied.
[2025-08-29 12:33:32Z INFO JobExtension] Inspecting process environment variables. PID: 4192 (kworker/u4:1-flush-259:0)
[2025-08-29 12:33:32Z INFO LinuxProcessExtensions] Read env from /proc/4192/environ
[2025-08-29 12:33:32Z WARN JobExtension] Ignore exception during read process environment variables: Access to the path '/proc/4192/environ' is denied.
[2025-08-29 12:33:32Z INFO ExecutionContext] Publish step telemetry for current step {
  "action": "complete_job",
  "type": "runner",
  "stage": "Post",
  "stepId": "3abd9039-4a7d-45f3-a1de-d1012c658b6b",
  "result": "succeeded",
  "errorMessages": [],
  "executionTimeInSeconds": 1,
  "startTime": "2025-08-29T12:33:32.4587276Z",
  "finishTime": "2025-08-29T12:33:32.5190506Z"
}.
[2025-08-29 12:33:32Z INFO JobRunner] Job result after all job steps finish: Failed
[2025-08-29 12:33:32Z INFO JobRunner] Completing the job execution context.
[2025-08-29 12:33:32Z INFO JobRunner] Shutting down the job server queue.
[2025-08-29 12:33:32Z INFO JobServerQueue] Fire signal to shutdown all queues.
[2025-08-29 12:33:33Z INFO JobServerQueue] All queue process task stopped.
[2025-08-29 12:33:33Z INFO JobServerQueue] Try to append 1 batches web console lines for record '4576ff3f-89b3-43ab-a767-a3394d9d4f8b', success rate: 1/1.
[2025-08-29 12:33:33Z INFO JobServerQueue] Try to append 1 batches web console lines for record 'faf4c03a-efbc-4c20-b535-0601c887bed3', success rate: 1/1.
[2025-08-29 12:33:33Z INFO JobServerQueue] Try to append 1 batches web console lines for record '3abd9039-4a7d-45f3-a1de-d1012c658b6b', success rate: 1/1.
[2025-08-29 12:33:33Z INFO JobServerQueue] Web console line queue drained.
[2025-08-29 12:33:33Z INFO JobServerQueue] Uploading 5 files in one shot.
[2025-08-29 12:33:33Z INFO JobServerQueue] Try to upload 5 log files or attachments, success rate: 5/5.
[2025-08-29 12:33:33Z INFO JobServerQueue] File upload queue drained.
[2025-08-29 12:33:33Z INFO JobServerQueue] Starting results-based upload queue...
[2025-08-29 12:33:33Z INFO JobServerQueue] Uploading 5 file(s) in one shot through results service.
[2025-08-29 12:33:33Z INFO JobServerQueue] Got a step log file to send to results service.
[2025-08-29 12:33:33Z INFO JobServerQueue] Starting upload of step log file to results service ResultsLog, /home/ec2-user/environment/aws_automation/actions-runner/_diag/blocks/e27adcf9-0353-40df-9444-ca402f2e2afc_41e14094-b331-4768-8d7b-d16b19877409.1
[2025-08-29 12:33:33Z INFO JobServerQueue] Got a step log file to send to results service.
[2025-08-29 12:33:33Z INFO JobServerQueue] Starting upload of step log file to results service ResultsLog, /home/ec2-user/environment/aws_automation/actions-runner/_diag/blocks/e27adcf9-0353-40df-9444-ca402f2e2afc_4576ff3f-89b3-43ab-a767-a3394d9d4f8b.1
[2025-08-29 12:33:34Z INFO JobServerQueue] Got a step log file to send to results service.
[2025-08-29 12:33:34Z INFO JobServerQueue] Starting upload of step log file to results service ResultsLog, /home/ec2-user/environment/aws_automation/actions-runner/_diag/blocks/e27adcf9-0353-40df-9444-ca402f2e2afc_faf4c03a-efbc-4c20-b535-0601c887bed3.1
[2025-08-29 12:33:34Z INFO JobServerQueue] Got a step log file to send to results service.
[2025-08-29 12:33:34Z INFO JobServerQueue] Starting upload of step log file to results service ResultsLog, /home/ec2-user/environment/aws_automation/actions-runner/_diag/blocks/e27adcf9-0353-40df-9444-ca402f2e2afc_3abd9039-4a7d-45f3-a1de-d1012c658b6b.1
[2025-08-29 12:33:34Z INFO JobServerQueue] Got a job log file to send to results service.
[2025-08-29 12:33:34Z INFO JobServerQueue] Starting upload of job log file to results service ResultsLog, /home/ec2-user/environment/aws_automation/actions-runner/_diag/blocks/e27adcf9-0353-40df-9444-ca402f2e2afc_2f816d49-b71e-5858-bdbd-30135e196a17.1
[2025-08-29 12:33:35Z INFO JobServerQueue] Tried to upload 5 file(s) to results, success rate: 5/5.
[2025-08-29 12:33:35Z INFO JobServerQueue] Results upload queue drained.
[2025-08-29 12:33:35Z INFO JobServerQueue] Job timeline record has been updated for the first time.
[2025-08-29 12:33:35Z INFO JobServerQueue] Timeline update queue drained.
[2025-08-29 12:33:35Z INFO JobServerQueue] Disposing job server ...
[2025-08-29 12:33:35Z INFO JobServerQueue] Disposing results server ...
[2025-08-29 12:33:35Z INFO JobServerQueue] All queue process tasks have been stopped, and all queues are drained.
[2025-08-29 12:33:35Z INFO TempDirectoryManager] Cleaning runner temp folder: /home/ec2-user/environment/aws_automation/actions-runner/_work/_temp
[2025-08-29 12:33:35Z INFO HostContext] Well known directory 'Bin': '/home/ec2-user/environment/aws_automation/actions-runner/bin'
[2025-08-29 12:33:35Z INFO HostContext] Well known directory 'Root': '/home/ec2-user/environment/aws_automation/actions-runner'
[2025-08-29 12:33:35Z INFO HostContext] Well known directory 'Diag': '/home/ec2-user/environment/aws_automation/actions-runner/_diag'
[2025-08-29 12:33:35Z INFO HostContext] Well known config file 'Telemetry': '/home/ec2-user/environment/aws_automation/actions-runner/_diag/.telemetry'
[2025-08-29 12:33:35Z INFO JobRunner] Raising job completed against run service
[2025-08-29 12:33:35Z INFO Worker] Job completed.
